# JRE version: OpenJDK Runtime Environment Zulu19.32+15-CA (19.0.2+7) (build 19.0.2+7)
# Java VM: OpenJDK 64-Bit Server VM Zulu19.32+15-CA (19.0.2+7, mixed mode, sharing, tiered, compressed oops, compressed class ptrs, g1 gc, windows-amd64)
GC Precious Log:
 CardTable entry size: 512
 Card Set container configuration: InlinePtr #cards 5 size 8 Array Of Cards #cards 12 size 40 Howl #buckets 4 coarsen threshold 1843 Howl Bitmap #cards 512 size 80 coarsen threshold 460 Card regions per heap region 1 cards per card region 2048
 CPUs: 12 total, 12 available
 Memory: 8099M
 Large Page Support: Disabled
 NUMA Support: Disabled
 Compressed Oops: Enabled (32-bit)
 Heap Region Size: 1M
 Heap Min Capacity: 8M
 Heap Initial Capacity: 128M
 Heap Max Capacity: 2026M
 Pre-touch: Disabled
 Parallel Workers: 10
 Concurrent Workers: 3
 Concurrent Refinement Workers: 10
 Periodic GC: Disabled
Heap:
 garbage-first heap   total 262144K, used 24674K [0x0000000081600000, 0x0000000100000000)
  region size 1024K, 4 young (4096K), 4 survivors (4096K)
 Metaspace       used 15243K, committed 15616K, reserved 1114112K
  class space    used 1977K, committed 2176K, reserved 1048576K
GC Heap History (20 events):
Event: 8.022 GC heap after
{Heap after GC invocations=3 (full 0):
 garbage-first heap   total 131072K, used 39233K [0x0000000081600000, 0x0000000100000000)
  region size 1024K, 7 young (7168K), 7 survivors (7168K)
 Metaspace       used 14928K, committed 15296K, reserved 1114112K
  class space    used 1976K, committed 2176K, reserved 1048576K
}
Event: 10.263 GC heap before
{Heap before GC invocations=3 (full 0):
 garbage-first heap   total 131072K, used 101697K [0x0000000081600000, 0x0000000100000000)
  region size 1024K, 67 young (68608K), 7 survivors (7168K)
 Metaspace       used 15117K, committed 15488K, reserved 1114112K
  class space    used 1977K, committed 2176K, reserved 1048576K
}
Event: 10.267 GC heap after
{Heap after GC invocations=4 (full 0):
 garbage-first heap   total 131072K, used 41806K [0x0000000081600000, 0x0000000100000000)
  region size 1024K, 4 young (4096K), 4 survivors (4096K)
 Metaspace       used 15117K, committed 15488K, reserved 1114112K
  class space    used 1977K, committed 2176K, reserved 1048576K
}
Event: 10.285 GC heap before
{Heap before GC invocations=4 (full 0):
 garbage-first heap   total 131072K, used 104270K [0x0000000081600000, 0x0000000100000000)
  region size 1024K, 65 young (66560K), 4 survivors (4096K)
 Metaspace       used 15130K, committed 15552K, reserved 1114112K
  class space    used 1977K, committed 2176K, reserved 1048576K
}
Event: 10.287 GC heap after
{Heap after GC invocations=5 (full 0):
 garbage-first heap   total 131072K, used 41461K [0x0000000081600000, 0x0000000100000000)
  region size 1024K, 4 young (4096K), 4 survivors (4096K)
 Metaspace       used 15130K, committed 15552K, reserved 1114112K
  class space    used 1977K, committed 2176K, reserved 1048576K
}
Event: 10.305 GC heap before
{Heap before GC invocations=5 (full 0):
 garbage-first heap   total 131072K, used 105973K [0x0000000081600000, 0x0000000100000000)
  region size 1024K, 67 young (68608K), 4 survivors (4096K)
 Metaspace       used 15169K, committed 15552K, reserved 1114112K
  class space    used 1977K, committed 2176K, reserved 1048576K
}
Event: 10.308 GC heap after
{Heap after GC invocations=6 (full 0):
 garbage-first heap   total 131072K, used 42600K [0x0000000081600000, 0x0000000100000000)
  region size 1024K, 5 young (5120K), 5 survivors (5120K)
 Metaspace       used 15169K, committed 15552K, reserved 1114112K
  class space    used 1977K, committed 2176K, reserved 1048576K
}
Event: 10.327 GC heap before
{Heap before GC invocations=6 (full 0):
 garbage-first heap   total 131072K, used 108136K [0x0000000081600000, 0x0000000100000000)
  region size 1024K, 69 young (70656K), 5 survivors (5120K)
 Metaspace       used 15188K, committed 15616K, reserved 1114112K
  class space    used 1977K, committed 2176K, reserved 1048576K
}
Event: 10.330 GC heap after
{Heap after GC invocations=7 (full 0):
 garbage-first heap   total 131072K, used 42428K [0x0000000081600000, 0x0000000100000000)
  region size 1024K, 5 young (5120K), 5 survivors (5120K)
 Metaspace       used 15188K, committed 15616K, reserved 1114112K
  class space    used 1977K, committed 2176K, reserved 1048576K
}
Event: 10.353 GC heap before
{Heap before GC invocations=7 (full 0):
 garbage-first heap   total 131072K, used 108988K [0x0000000081600000, 0x0000000100000000)
  region size 1024K, 70 young (71680K), 5 survivors (5120K)
 Metaspace       used 15199K, committed 15616K, reserved 1114112K
  class space    used 1977K, committed 2176K, reserved 1048576K
}
Event: 10.356 GC heap after
{Heap after GC invocations=8 (full 0):
 garbage-first heap   total 131072K, used 24584K [0x0000000081600000, 0x0000000100000000)
  region size 1024K, 4 young (4096K), 4 survivors (4096K)
 Metaspace       used 15199K, committed 15616K, reserved 1114112K
  class space    used 1977K, committed 2176K, reserved 1048576K
}
Event: 10.383 GC heap before
{Heap before GC invocations=8 (full 0):
 garbage-first heap   total 131072K, used 98312K [0x0000000081600000, 0x0000000100000000)
  region size 1024K, 76 young (77824K), 4 survivors (4096K)
 Metaspace       used 15232K, committed 15616K, reserved 1114112K
  class space    used 1977K, committed 2176K, reserved 1048576K
}
Event: 10.387 GC heap after
{Heap after GC invocations=9 (full 0):
 garbage-first heap   total 262144K, used 25154K [0x0000000081600000, 0x0000000100000000)
  region size 1024K, 5 young (5120K), 5 survivors (5120K)
 Metaspace       used 15232K, committed 15616K, reserved 1114112K
  class space    used 1977K, committed 2176K, reserved 1048576K
}
Event: 10.479 GC heap before
{Heap before GC invocations=9 (full 0):
 garbage-first heap   total 262144K, used 176706K [0x0000000081600000, 0x0000000100000000)
  region size 1024K, 153 young (156672K), 5 survivors (5120K)
 Metaspace       used 15233K, committed 15616K, reserved 1114112K
  class space    used 1977K, committed 2176K, reserved 1048576K
}
Event: 10.482 GC heap after
{Heap after GC invocations=10 (full 0):
 garbage-first heap   total 262144K, used 24627K [0x0000000081600000, 0x0000000100000000)
  region size 1024K, 4 young (4096K), 4 survivors (4096K)
 Metaspace       used 15233K, committed 15616K, reserved 1114112K
  class space    used 1977K, committed 2176K, reserved 1048576K
}
Event: 10.538 GC heap before
{Heap before GC invocations=10 (full 0):
 garbage-first heap   total 262144K, used 177203K [0x0000000081600000, 0x0000000100000000)
  region size 1024K, 153 young (156672K), 4 survivors (4096K)
 Metaspace       used 15233K, committed 15616K, reserved 1114112K
  class space    used 1977K, committed 2176K, reserved 1048576K
}
Event: 10.540 GC heap after
{Heap after GC invocations=11 (full 0):
 garbage-first heap   total 262144K, used 24589K [0x0000000081600000, 0x0000000100000000)
  region size 1024K, 4 young (4096K), 4 survivors (4096K)
 Metaspace       used 15233K, committed 15616K, reserved 1114112K
  class space    used 1977K, committed 2176K, reserved 1048576K
}
Event: 10.587 GC heap before
{Heap before GC invocations=11 (full 0):
 garbage-first heap   total 262144K, used 177165K [0x0000000081600000, 0x0000000100000000)
  region size 1024K, 153 young (156672K), 4 survivors (4096K)
 Metaspace       used 15240K, committed 15616K, reserved 1114112K
  class space    used 1977K, committed 2176K, reserved 1048576K
}
Event: 10.589 GC heap after
{Heap after GC invocations=12 (full 0):
 garbage-first heap   total 262144K, used 24528K [0x0000000081600000, 0x0000000100000000)
  region size 1024K, 4 young (4096K), 4 survivors (4096K)
 Metaspace       used 15240K, committed 15616K, reserved 1114112K
  class space    used 1977K, committed 2176K, reserved 1048576K
}
Event: 10.630 GC heap before
{Heap before GC invocations=12 (full 0):
 garbage-first heap   total 262144K, used 177104K [0x0000000081600000, 0x0000000100000000)
  region size 1024K, 153 young (156672K), 4 survivors (4096K)
 Metaspace       used 15243K, committed 15616K, reserved 1114112K
  class space    used 1977K, committed 2176K, reserved 1048576K
}

