# JRE version: OpenJDK Runtime Environment Zulu19.32+15-CA (19.0.2+7) (build 19.0.2+7)
# Java VM: OpenJDK 64-Bit Server VM Zulu19.32+15-CA (19.0.2+7, mixed mode, sharing, tiered, compressed oops, compressed class ptrs, g1 gc, windows-amd64)
GC Precious Log:
 CardTable entry size: 512
 Card Set container configuration: InlinePtr #cards 5 size 8 Array Of Cards #cards 12 size 40 Howl #buckets 4 coarsen threshold 1843 Howl Bitmap #cards 512 size 80 coarsen threshold 460 Card regions per heap region 1 cards per card region 2048
 CPUs: 12 total, 12 available
 Memory: 8099M
 Large Page Support: Disabled
 NUMA Support: Disabled
 Compressed Oops: Enabled (32-bit)
 Heap Region Size: 1M
 Heap Min Capacity: 8M
 Heap Initial Capacity: 8M
 Heap Max Capacity: 2026M
 Pre-touch: Disabled
 Parallel Workers: 10
 Concurrent Workers: 3
 Concurrent Refinement Workers: 10
 Periodic GC: Disabled
Heap:
 garbage-first heap   total 52224K, used 29579K [0x0000000081600000, 0x0000000100000000)
  region size 1024K, 23 young (23552K), 1 survivors (1024K)
 Metaspace       used 10976K, committed 11264K, reserved 1114112K
  class space    used 1190K, committed 1344K, reserved 1048576K
GC Heap History (20 events):
Event: 0.291 GC heap before
{Heap before GC invocations=3 (full 0):
 garbage-first heap   total 8192K, used 3161K [0x0000000081600000, 0x0000000100000000)
  region size 1024K, 2 young (2048K), 1 survivors (1024K)
 Metaspace       used 7742K, committed 7872K, reserved 1114112K
  class space    used 858K, committed 896K, reserved 1048576K
}
Event: 0.293 GC heap after
{Heap after GC invocations=4 (full 0):
 garbage-first heap   total 8192K, used 2488K [0x0000000081600000, 0x0000000100000000)
  region size 1024K, 1 young (1024K), 1 survivors (1024K)
 Metaspace       used 7742K, committed 7872K, reserved 1114112K
  class space    used 858K, committed 896K, reserved 1048576K
}
Event: 0.313 GC heap before
{Heap before GC invocations=4 (full 0):
 garbage-first heap   total 8192K, used 3512K [0x0000000081600000, 0x0000000100000000)
  region size 1024K, 2 young (2048K), 1 survivors (1024K)
 Metaspace       used 7980K, committed 8192K, reserved 1114112K
  class space    used 878K, committed 1024K, reserved 1048576K
}
Event: 0.314 GC heap after
{Heap after GC invocations=5 (full 0):
 garbage-first heap   total 10240K, used 2868K [0x0000000081600000, 0x0000000100000000)
  region size 1024K, 1 young (1024K), 1 survivors (1024K)
 Metaspace       used 7980K, committed 8192K, reserved 1114112K
  class space    used 878K, committed 1024K, reserved 1048576K
}
Event: 0.353 GC heap before
{Heap before GC invocations=5 (full 0):
 garbage-first heap   total 10240K, used 4916K [0x0000000081600000, 0x0000000100000000)
  region size 1024K, 3 young (3072K), 1 survivors (1024K)
 Metaspace       used 8584K, committed 8768K, reserved 1114112K
  class space    used 948K, committed 1024K, reserved 1048576K
}
Event: 0.356 GC heap after
{Heap after GC invocations=6 (full 0):
 garbage-first heap   total 10240K, used 3629K [0x0000000081600000, 0x0000000100000000)
  region size 1024K, 1 young (1024K), 1 survivors (1024K)
 Metaspace       used 8584K, committed 8768K, reserved 1114112K
  class space    used 948K, committed 1024K, reserved 1048576K
}
Event: 0.390 GC heap before
{Heap before GC invocations=6 (full 0):
 garbage-first heap   total 10240K, used 5677K [0x0000000081600000, 0x0000000100000000)
  region size 1024K, 3 young (3072K), 1 survivors (1024K)
 Metaspace       used 8893K, committed 9024K, reserved 1114112K
  class space    used 988K, committed 1024K, reserved 1048576K
}
Event: 0.392 GC heap after
{Heap after GC invocations=7 (full 0):
 garbage-first heap   total 10240K, used 4358K [0x0000000081600000, 0x0000000100000000)
  region size 1024K, 1 young (1024K), 1 survivors (1024K)
 Metaspace       used 8893K, committed 9024K, reserved 1114112K
  class space    used 988K, committed 1024K, reserved 1048576K
}
Event: 0.394 GC heap before
{Heap before GC invocations=7 (full 0):
 garbage-first heap   total 10240K, used 5382K [0x0000000081600000, 0x0000000100000000)
  region size 1024K, 2 young (2048K), 1 survivors (1024K)
 Metaspace       used 8899K, committed 9024K, reserved 1114112K
  class space    used 988K, committed 1024K, reserved 1048576K
}
Event: 0.395 GC heap after
{Heap after GC invocations=8 (full 0):
 garbage-first heap   total 10240K, used 4454K [0x0000000081600000, 0x0000000100000000)
  region size 1024K, 1 young (1024K), 1 survivors (1024K)
 Metaspace       used 8899K, committed 9024K, reserved 1114112K
  class space    used 988K, committed 1024K, reserved 1048576K
}
Event: 0.405 GC heap before
{Heap before GC invocations=8 (full 0):
 garbage-first heap   total 10240K, used 5478K [0x0000000081600000, 0x0000000100000000)
  region size 1024K, 2 young (2048K), 1 survivors (1024K)
 Metaspace       used 8950K, committed 9088K, reserved 1114112K
  class space    used 988K, committed 1024K, reserved 1048576K
}
Event: 0.405 GC heap after
{Heap after GC invocations=9 (full 0):
 garbage-first heap   total 20480K, used 4502K [0x0000000081600000, 0x0000000100000000)
  region size 1024K, 1 young (1024K), 1 survivors (1024K)
 Metaspace       used 8950K, committed 9088K, reserved 1114112K
  class space    used 988K, committed 1024K, reserved 1048576K
}
Event: 0.442 GC heap before
{Heap before GC invocations=10 (full 0):
 garbage-first heap   total 20480K, used 10646K [0x0000000081600000, 0x0000000100000000)
  region size 1024K, 7 young (7168K), 1 survivors (1024K)
 Metaspace       used 9114K, committed 9280K, reserved 1114112K
  class space    used 1011K, committed 1088K, reserved 1048576K
}
Event: 0.444 GC heap after
{Heap after GC invocations=11 (full 0):
 garbage-first heap   total 20480K, used 5437K [0x0000000081600000, 0x0000000100000000)
  region size 1024K, 1 young (1024K), 1 survivors (1024K)
 Metaspace       used 9114K, committed 9280K, reserved 1114112K
  class space    used 1011K, committed 1088K, reserved 1048576K
}
Event: 0.445 GC heap before
{Heap before GC invocations=11 (full 0):
 garbage-first heap   total 20480K, used 6461K [0x0000000081600000, 0x0000000100000000)
  region size 1024K, 2 young (2048K), 1 survivors (1024K)
 Metaspace       used 9116K, committed 9280K, reserved 1114112K
  class space    used 1011K, committed 1088K, reserved 1048576K
}
Event: 0.448 GC heap after
{Heap after GC invocations=12 (full 0):
 garbage-first heap   total 20480K, used 5526K [0x0000000081600000, 0x0000000100000000)
  region size 1024K, 1 young (1024K), 1 survivors (1024K)
 Metaspace       used 9116K, committed 9280K, reserved 1114112K
  class space    used 1011K, committed 1088K, reserved 1048576K
}
Event: 0.475 GC heap before
{Heap before GC invocations=12 (full 0):
 garbage-first heap   total 20480K, used 11670K [0x0000000081600000, 0x0000000100000000)
  region size 1024K, 7 young (7168K), 1 survivors (1024K)
 Metaspace       used 9186K, committed 9344K, reserved 1114112K
  class space    used 1014K, committed 1088K, reserved 1048576K
}
Event: 0.477 GC heap after
{Heap after GC invocations=13 (full 0):
 garbage-first heap   total 20480K, used 6944K [0x0000000081600000, 0x0000000100000000)
  region size 1024K, 1 young (1024K), 1 survivors (1024K)
 Metaspace       used 9186K, committed 9344K, reserved 1114112K
  class space    used 1014K, committed 1088K, reserved 1048576K
}
Event: 0.512 GC heap before
{Heap before GC invocations=13 (full 0):
 garbage-first heap   total 20480K, used 12064K [0x0000000081600000, 0x0000000100000000)
  region size 1024K, 7 young (7168K), 1 survivors (1024K)
 Metaspace       used 9302K, committed 9472K, reserved 1114112K
  class space    used 1020K, committed 1088K, reserved 1048576K
}
Event: 0.516 GC heap after
{Heap after GC invocations=14 (full 0):
 garbage-first heap   total 52224K, used 8075K [0x0000000081600000, 0x0000000100000000)
  region size 1024K, 1 young (1024K), 1 survivors (1024K)
 Metaspace       used 9302K, committed 9472K, reserved 1114112K
  class space    used 1020K, committed 1088K, reserved 1048576K
}

