# JRE version: OpenJDK Runtime Environment Zulu19.32+15-CA (19.0.2+7) (build 19.0.2+7)
# Java VM: OpenJDK 64-Bit Server VM Zulu19.32+15-CA (19.0.2+7, mixed mode, sharing, tiered, compressed oops, compressed class ptrs, g1 gc, windows-amd64)
GC Precious Log:
 CardTable entry size: 512
 Card Set container configuration: InlinePtr #cards 5 size 8 Array Of Cards #cards 12 size 40 Howl #buckets 4 coarsen threshold 1843 Howl Bitmap #cards 512 size 80 coarsen threshold 460 Card regions per heap region 1 cards per card region 2048
 CPUs: 12 total, 12 available
 Memory: 8099M
 Large Page Support: Disabled
 NUMA Support: Disabled
 Compressed Oops: Enabled (32-bit)
 Heap Region Size: 1M
 Heap Min Capacity: 8M
 Heap Initial Capacity: 128M
 Heap Max Capacity: 2026M
 Pre-touch: Disabled
 Parallel Workers: 10
 Concurrent Workers: 3
 Concurrent Refinement Workers: 10
 Periodic GC: Disabled
Heap:
 garbage-first heap   total 262144K, used 19857K [0x0000000081600000, 0x0000000100000000)
  region size 1024K, 4 young (4096K), 4 survivors (4096K)
 Metaspace       used 13549K, committed 13760K, reserved 1114112K
  class space    used 1829K, committed 1920K, reserved 1048576K
GC Heap History (19 events):
Event: 4.770 GC heap before
{Heap before GC invocations=0 (full 0):
 garbage-first heap   total 131072K, used 31744K [0x0000000081600000, 0x0000000100000000)
  region size 1024K, 23 young (23552K), 0 survivors (0K)
 Metaspace       used 11723K, committed 11968K, reserved 1114112K
  class space    used 1603K, committed 1728K, reserved 1048576K
}
Event: 4.775 GC heap after
{Heap after GC invocations=1 (full 0):
 garbage-first heap   total 131072K, used 13669K [0x0000000081600000, 0x0000000100000000)
  region size 1024K, 3 young (3072K), 3 survivors (3072K)
 Metaspace       used 11723K, committed 11968K, reserved 1114112K
  class space    used 1603K, committed 1728K, reserved 1048576K
}
Event: 4.786 GC heap before
{Heap before GC invocations=1 (full 0):
 garbage-first heap   total 131072K, used 43365K [0x0000000081600000, 0x0000000100000000)
  region size 1024K, 32 young (32768K), 3 survivors (3072K)
 Metaspace       used 11788K, committed 12032K, reserved 1114112K
  class space    used 1626K, committed 1728K, reserved 1048576K
}
Event: 4.789 GC heap after
{Heap after GC invocations=2 (full 0):
 garbage-first heap   total 131072K, used 14221K [0x0000000081600000, 0x0000000100000000)
  region size 1024K, 1 young (1024K), 1 survivors (1024K)
 Metaspace       used 11788K, committed 12032K, reserved 1114112K
  class space    used 1626K, committed 1728K, reserved 1048576K
}
Event: 4.819 GC heap before
{Heap before GC invocations=2 (full 0):
 garbage-first heap   total 131072K, used 92045K [0x0000000081600000, 0x0000000100000000)
  region size 1024K, 76 young (77824K), 1 survivors (1024K)
 Metaspace       used 11847K, committed 12096K, reserved 1114112K
  class space    used 1629K, committed 1728K, reserved 1048576K
}
Event: 4.820 GC heap after
{Heap after GC invocations=3 (full 0):
 garbage-first heap   total 131072K, used 16240K [0x0000000081600000, 0x0000000100000000)
  region size 1024K, 2 young (2048K), 2 survivors (2048K)
 Metaspace       used 11847K, committed 12096K, reserved 1114112K
  class space    used 1629K, committed 1728K, reserved 1048576K
}
Event: 4.837 GC heap before
{Heap before GC invocations=3 (full 0):
 garbage-first heap   total 131072K, used 92016K [0x0000000081600000, 0x0000000100000000)
  region size 1024K, 76 young (77824K), 2 survivors (2048K)
 Metaspace       used 12145K, committed 12416K, reserved 1114112K
  class space    used 1675K, committed 1792K, reserved 1048576K
}
Event: 4.838 GC heap after
{Heap after GC invocations=4 (full 0):
 garbage-first heap   total 131072K, used 15809K [0x0000000081600000, 0x0000000100000000)
  region size 1024K, 2 young (2048K), 2 survivors (2048K)
 Metaspace       used 12145K, committed 12416K, reserved 1114112K
  class space    used 1675K, committed 1792K, reserved 1048576K
}
Event: 4.855 GC heap before
{Heap before GC invocations=4 (full 0):
 garbage-first heap   total 131072K, used 91585K [0x0000000081600000, 0x0000000100000000)
  region size 1024K, 76 young (77824K), 2 survivors (2048K)
 Metaspace       used 12226K, committed 12480K, reserved 1114112K
  class space    used 1679K, committed 1792K, reserved 1048576K
}
Event: 4.857 GC heap after
{Heap after GC invocations=5 (full 0):
 garbage-first heap   total 131072K, used 16334K [0x0000000081600000, 0x0000000100000000)
  region size 1024K, 2 young (2048K), 2 survivors (2048K)
 Metaspace       used 12226K, committed 12480K, reserved 1114112K
  class space    used 1679K, committed 1792K, reserved 1048576K
}
Event: 4.874 GC heap before
{Heap before GC invocations=5 (full 0):
 garbage-first heap   total 131072K, used 92110K [0x0000000081600000, 0x0000000100000000)
  region size 1024K, 76 young (77824K), 2 survivors (2048K)
 Metaspace       used 12443K, committed 12736K, reserved 1114112K
  class space    used 1728K, committed 1856K, reserved 1048576K
}
Event: 4.876 GC heap after
{Heap after GC invocations=6 (full 0):
 garbage-first heap   total 262144K, used 16010K [0x0000000081600000, 0x0000000100000000)
  region size 1024K, 2 young (2048K), 2 survivors (2048K)
 Metaspace       used 12443K, committed 12736K, reserved 1114112K
  class space    used 1728K, committed 1856K, reserved 1048576K
}
Event: 4.937 GC heap before
{Heap before GC invocations=6 (full 0):
 garbage-first heap   total 262144K, used 170634K [0x0000000081600000, 0x0000000100000000)
  region size 1024K, 153 young (156672K), 2 survivors (2048K)
 Metaspace       used 12855K, committed 13120K, reserved 1114112K
  class space    used 1771K, committed 1856K, reserved 1048576K
}
Event: 4.939 GC heap after
{Heap after GC invocations=7 (full 0):
 garbage-first heap   total 262144K, used 17191K [0x0000000081600000, 0x0000000100000000)
  region size 1024K, 3 young (3072K), 3 survivors (3072K)
 Metaspace       used 12855K, committed 13120K, reserved 1114112K
  class space    used 1771K, committed 1856K, reserved 1048576K
}
Event: 4.982 GC heap before
{Heap before GC invocations=7 (full 0):
 garbage-first heap   total 262144K, used 170791K [0x0000000081600000, 0x0000000100000000)
  region size 1024K, 153 young (156672K), 3 survivors (3072K)
 Metaspace       used 12942K, committed 13184K, reserved 1114112K
  class space    used 1776K, committed 1856K, reserved 1048576K
}
Event: 4.984 GC heap after
{Heap after GC invocations=8 (full 0):
 garbage-first heap   total 262144K, used 17391K [0x0000000081600000, 0x0000000100000000)
  region size 1024K, 3 young (3072K), 3 survivors (3072K)
 Metaspace       used 12942K, committed 13184K, reserved 1114112K
  class space    used 1776K, committed 1856K, reserved 1048576K
}
Event: 5.029 GC heap before
{Heap before GC invocations=8 (full 0):
 garbage-first heap   total 262144K, used 173039K [0x0000000081600000, 0x0000000100000000)
  region size 1024K, 153 young (156672K), 3 survivors (3072K)
 Metaspace       used 13488K, committed 13760K, reserved 1114112K
  class space    used 1827K, committed 1920K, reserved 1048576K
}
Event: 5.030 GC heap after
{Heap after GC invocations=9 (full 0):
 garbage-first heap   total 262144K, used 19809K [0x0000000081600000, 0x0000000100000000)
  region size 1024K, 4 young (4096K), 4 survivors (4096K)
 Metaspace       used 13488K, committed 13760K, reserved 1114112K
  class space    used 1827K, committed 1920K, reserved 1048576K
}
Event: 5.070 GC heap before
{Heap before GC invocations=9 (full 0):
 garbage-first heap   total 262144K, used 172385K [0x0000000081600000, 0x0000000100000000)
  region size 1024K, 153 young (156672K), 4 survivors (4096K)
 Metaspace       used 13549K, committed 13760K, reserved 1114112K
  class space    used 1829K, committed 1920K, reserved 1048576K
}

