# JRE version: OpenJDK Runtime Environment Zulu19.32+15-CA (19.0.2+7) (build 19.0.2+7)
# Java VM: OpenJDK 64-Bit Server VM Zulu19.32+15-CA (19.0.2+7, mixed mode, sharing, tiered, compressed oops, compressed class ptrs, g1 gc, windows-amd64)
GC Precious Log:
 CardTable entry size: 512
 Card Set container configuration: InlinePtr #cards 5 size 8 Array Of Cards #cards 12 size 40 Howl #buckets 4 coarsen threshold 1843 Howl Bitmap #cards 512 size 80 coarsen threshold 460 Card regions per heap region 1 cards per card region 2048
 CPUs: 12 total, 12 available
 Memory: 8059M
 Large Page Support: Disabled
 NUMA Support: Disabled
 Compressed Oops: Enabled (32-bit)
 Heap Region Size: 1M
 Heap Min Capacity: 8M
 Heap Initial Capacity: 8M
 Heap Max Capacity: 2016M
 Pre-touch: Disabled
 Parallel Workers: 10
 Concurrent Workers: 3
 Concurrent Refinement Workers: 10
 Periodic GC: Disabled
Heap:
 garbage-first heap   total 20480K, used 4916K [0x0000000082000000, 0x0000000100000000)
  region size 1024K, 3 young (3072K), 1 survivors (1024K)
 Metaspace       used 8493K, committed 8704K, reserved 1114112K
  class space    used 944K, committed 1024K, reserved 1048576K
GC Heap History (18 events):
Event: 0.130 GC heap before
{Heap before GC invocations=0 (full 0):
 garbage-first heap   total 8192K, used 3072K [0x0000000082000000, 0x0000000100000000)
  region size 1024K, 3 young (3072K), 0 survivors (0K)
 Metaspace       used 2598K, committed 2816K, reserved 1114112K
  class space    used 328K, committed 448K, reserved 1048576K
}
Event: 0.132 GC heap after
{Heap after GC invocations=1 (full 0):
 garbage-first heap   total 8192K, used 1184K [0x0000000082000000, 0x0000000100000000)
  region size 1024K, 1 young (1024K), 1 survivors (1024K)
 Metaspace       used 2598K, committed 2816K, reserved 1114112K
  class space    used 328K, committed 448K, reserved 1048576K
}
Event: 0.185 GC heap before
{Heap before GC invocations=1 (full 0):
 garbage-first heap   total 8192K, used 2208K [0x0000000082000000, 0x0000000100000000)
  region size 1024K, 2 young (2048K), 1 survivors (1024K)
 Metaspace       used 4972K, committed 5184K, reserved 1114112K
  class space    used 598K, committed 704K, reserved 1048576K
}
Event: 0.187 GC heap after
{Heap after GC invocations=2 (full 0):
 garbage-first heap   total 8192K, used 1852K [0x0000000082000000, 0x0000000100000000)
  region size 1024K, 1 young (1024K), 1 survivors (1024K)
 Metaspace       used 4972K, committed 5184K, reserved 1114112K
  class space    used 598K, committed 704K, reserved 1048576K
}
Event: 0.231 GC heap before
{Heap before GC invocations=2 (full 0):
 garbage-first heap   total 8192K, used 2876K [0x0000000082000000, 0x0000000100000000)
  region size 1024K, 2 young (2048K), 1 survivors (1024K)
 Metaspace       used 6509K, committed 6656K, reserved 1114112K
  class space    used 752K, committed 832K, reserved 1048576K
}
Event: 0.232 GC heap after
{Heap after GC invocations=3 (full 0):
 garbage-first heap   total 8192K, used 2177K [0x0000000082000000, 0x0000000100000000)
  region size 1024K, 1 young (1024K), 1 survivors (1024K)
 Metaspace       used 6509K, committed 6656K, reserved 1114112K
  class space    used 752K, committed 832K, reserved 1048576K
}
Event: 0.281 GC heap before
{Heap before GC invocations=3 (full 0):
 garbage-first heap   total 8192K, used 3201K [0x0000000082000000, 0x0000000100000000)
  region size 1024K, 2 young (2048K), 1 survivors (1024K)
 Metaspace       used 7778K, committed 8000K, reserved 1114112K
  class space    used 872K, committed 960K, reserved 1048576K
}
Event: 0.282 GC heap after
{Heap after GC invocations=4 (full 0):
 garbage-first heap   total 8192K, used 2453K [0x0000000082000000, 0x0000000100000000)
  region size 1024K, 1 young (1024K), 1 survivors (1024K)
 Metaspace       used 7778K, committed 8000K, reserved 1114112K
  class space    used 872K, committed 960K, reserved 1048576K
}
Event: 0.303 GC heap before
{Heap before GC invocations=4 (full 0):
 garbage-first heap   total 8192K, used 3477K [0x0000000082000000, 0x0000000100000000)
  region size 1024K, 2 young (2048K), 1 survivors (1024K)
 Metaspace       used 8020K, committed 8256K, reserved 1114112K
  class space    used 897K, committed 1024K, reserved 1048576K
}
Event: 0.305 GC heap after
{Heap after GC invocations=5 (full 0):
 garbage-first heap   total 10240K, used 2771K [0x0000000082000000, 0x0000000100000000)
  region size 1024K, 1 young (1024K), 1 survivors (1024K)
 Metaspace       used 8020K, committed 8256K, reserved 1114112K
  class space    used 897K, committed 1024K, reserved 1048576K
}
Event: 0.334 GC heap before
{Heap before GC invocations=5 (full 0):
 garbage-first heap   total 10240K, used 4819K [0x0000000082000000, 0x0000000100000000)
  region size 1024K, 3 young (3072K), 1 survivors (1024K)
 Metaspace       used 8216K, committed 8384K, reserved 1114112K
  class space    used 922K, committed 1024K, reserved 1048576K
}
Event: 0.335 GC heap after
{Heap after GC invocations=6 (full 0):
 garbage-first heap   total 10240K, used 3432K [0x0000000082000000, 0x0000000100000000)
  region size 1024K, 1 young (1024K), 1 survivors (1024K)
 Metaspace       used 8216K, committed 8384K, reserved 1114112K
  class space    used 922K, committed 1024K, reserved 1048576K
}
Event: 0.347 GC heap before
{Heap before GC invocations=6 (full 0):
 garbage-first heap   total 10240K, used 5480K [0x0000000082000000, 0x0000000100000000)
  region size 1024K, 3 young (3072K), 1 survivors (1024K)
 Metaspace       used 8268K, committed 8448K, reserved 1114112K
  class space    used 922K, committed 1024K, reserved 1048576K
}
Event: 0.349 GC heap after
{Heap after GC invocations=7 (full 0):
 garbage-first heap   total 10240K, used 3752K [0x0000000082000000, 0x0000000100000000)
  region size 1024K, 1 young (1024K), 1 survivors (1024K)
 Metaspace       used 8268K, committed 8448K, reserved 1114112K
  class space    used 922K, committed 1024K, reserved 1048576K
}
Event: 0.361 GC heap before
{Heap before GC invocations=7 (full 0):
 garbage-first heap   total 10240K, used 4776K [0x0000000082000000, 0x0000000100000000)
  region size 1024K, 2 young (2048K), 1 survivors (1024K)
 Metaspace       used 8341K, committed 8512K, reserved 1114112K
  class space    used 931K, committed 1024K, reserved 1048576K
}
Event: 0.362 GC heap after
{Heap after GC invocations=8 (full 0):
 garbage-first heap   total 10240K, used 3789K [0x0000000082000000, 0x0000000100000000)
  region size 1024K, 1 young (1024K), 1 survivors (1024K)
 Metaspace       used 8341K, committed 8512K, reserved 1114112K
  class space    used 931K, committed 1024K, reserved 1048576K
}
Event: 0.366 GC heap before
{Heap before GC invocations=8 (full 0):
 garbage-first heap   total 10240K, used 5837K [0x0000000082000000, 0x0000000100000000)
  region size 1024K, 3 young (3072K), 1 survivors (1024K)
 Metaspace       used 8362K, committed 8512K, reserved 1114112K
  class space    used 931K, committed 1024K, reserved 1048576K
}
Event: 0.367 GC heap after
{Heap after GC invocations=9 (full 0):
 garbage-first heap   total 20480K, used 4090K [0x0000000082000000, 0x0000000100000000)
  region size 1024K, 1 young (1024K), 1 survivors (1024K)
 Metaspace       used 8362K, committed 8512K, reserved 1114112K
  class space    used 931K, committed 1024K, reserved 1048576K
}

