# JRE version: OpenJDK Runtime Environment Zulu19.32+15-CA (19.0.2+7) (build 19.0.2+7)
# Java VM: OpenJDK 64-Bit Server VM Zulu19.32+15-CA (19.0.2+7, mixed mode, sharing, tiered, compressed oops, compressed class ptrs, g1 gc, windows-amd64)
GC Precious Log:
 CardTable entry size: 512
 Card Set container configuration: InlinePtr #cards 5 size 8 Array Of Cards #cards 12 size 40 Howl #buckets 4 coarsen threshold 1843 Howl Bitmap #cards 512 size 80 coarsen threshold 460 Card regions per heap region 1 cards per card region 2048
 CPUs: 12 total, 12 available
 Memory: 8099M
 Large Page Support: Disabled
 NUMA Support: Disabled
 Compressed Oops: Enabled (32-bit)
 Heap Region Size: 1M
 Heap Min Capacity: 8M
 Heap Initial Capacity: 8M
 Heap Max Capacity: 2026M
 Pre-touch: Disabled
 Parallel Workers: 10
 Concurrent Workers: 3
 Concurrent Refinement Workers: 10
 Periodic GC: Disabled
Heap:
 garbage-first heap   total 22528K, used 8449K [0x0000000081600000, 0x0000000100000000)
  region size 1024K, 4 young (4096K), 2 survivors (2048K)
 Metaspace       used 9520K, committed 9664K, reserved 1114112K
  class space    used 1068K, committed 1152K, reserved 1048576K
GC Heap History (20 events):
Event: 0.180 GC heap before
{Heap before GC invocations=1 (full 0):
 garbage-first heap   total 8192K, used 2208K [0x0000000081600000, 0x0000000100000000)
  region size 1024K, 2 young (2048K), 1 survivors (1024K)
 Metaspace       used 4194K, committed 4416K, reserved 1114112K
  class space    used 508K, committed 640K, reserved 1048576K
}
Event: 0.183 GC heap after
{Heap after GC invocations=2 (full 0):
 garbage-first heap   total 8192K, used 1821K [0x0000000081600000, 0x0000000100000000)
  region size 1024K, 1 young (1024K), 1 survivors (1024K)
 Metaspace       used 4194K, committed 4416K, reserved 1114112K
  class space    used 508K, committed 640K, reserved 1048576K
}
Event: 0.230 GC heap before
{Heap before GC invocations=2 (full 0):
 garbage-first heap   total 8192K, used 2845K [0x0000000081600000, 0x0000000100000000)
  region size 1024K, 2 young (2048K), 1 survivors (1024K)
 Metaspace       used 6215K, committed 6336K, reserved 1114112K
  class space    used 707K, committed 768K, reserved 1048576K
}
Event: 0.231 GC heap after
{Heap after GC invocations=3 (full 0):
 garbage-first heap   total 8192K, used 2118K [0x0000000081600000, 0x0000000100000000)
  region size 1024K, 1 young (1024K), 1 survivors (1024K)
 Metaspace       used 6215K, committed 6336K, reserved 1114112K
  class space    used 707K, committed 768K, reserved 1048576K
}
Event: 0.284 GC heap before
{Heap before GC invocations=3 (full 0):
 garbage-first heap   total 8192K, used 3142K [0x0000000081600000, 0x0000000100000000)
  region size 1024K, 2 young (2048K), 1 survivors (1024K)
 Metaspace       used 7786K, committed 7936K, reserved 1114112K
  class space    used 867K, committed 960K, reserved 1048576K
}
Event: 0.285 GC heap after
{Heap after GC invocations=4 (full 0):
 garbage-first heap   total 8192K, used 2461K [0x0000000081600000, 0x0000000100000000)
  region size 1024K, 1 young (1024K), 1 survivors (1024K)
 Metaspace       used 7786K, committed 7936K, reserved 1114112K
  class space    used 867K, committed 960K, reserved 1048576K
}
Event: 0.308 GC heap before
{Heap before GC invocations=4 (full 0):
 garbage-first heap   total 8192K, used 3485K [0x0000000081600000, 0x0000000100000000)
  region size 1024K, 2 young (2048K), 1 survivors (1024K)
 Metaspace       used 8065K, committed 8320K, reserved 1114112K
  class space    used 898K, committed 1024K, reserved 1048576K
}
Event: 0.309 GC heap after
{Heap after GC invocations=5 (full 0):
 garbage-first heap   total 11264K, used 2782K [0x0000000081600000, 0x0000000100000000)
  region size 1024K, 1 young (1024K), 1 survivors (1024K)
 Metaspace       used 8065K, committed 8320K, reserved 1114112K
  class space    used 898K, committed 1024K, reserved 1048576K
}
Event: 0.349 GC heap before
{Heap before GC invocations=5 (full 0):
 garbage-first heap   total 11264K, used 4830K [0x0000000081600000, 0x0000000100000000)
  region size 1024K, 3 young (3072K), 1 survivors (1024K)
 Metaspace       used 8612K, committed 8768K, reserved 1114112K
  class space    used 967K, committed 1024K, reserved 1048576K
}
Event: 0.352 GC heap after
{Heap after GC invocations=6 (full 0):
 garbage-first heap   total 11264K, used 3790K [0x0000000081600000, 0x0000000100000000)
  region size 1024K, 1 young (1024K), 1 survivors (1024K)
 Metaspace       used 8612K, committed 8768K, reserved 1114112K
  class space    used 967K, committed 1024K, reserved 1048576K
}
Event: 0.380 GC heap before
{Heap before GC invocations=6 (full 0):
 garbage-first heap   total 11264K, used 5838K [0x0000000081600000, 0x0000000100000000)
  region size 1024K, 3 young (3072K), 1 survivors (1024K)
 Metaspace       used 8811K, committed 8960K, reserved 1114112K
  class space    used 990K, committed 1024K, reserved 1048576K
}
Event: 0.382 GC heap after
{Heap after GC invocations=7 (full 0):
 garbage-first heap   total 11264K, used 4263K [0x0000000081600000, 0x0000000100000000)
  region size 1024K, 1 young (1024K), 1 survivors (1024K)
 Metaspace       used 8811K, committed 8960K, reserved 1114112K
  class space    used 990K, committed 1024K, reserved 1048576K
}
Event: 0.386 GC heap before
{Heap before GC invocations=7 (full 0):
 garbage-first heap   total 11264K, used 5287K [0x0000000081600000, 0x0000000100000000)
  region size 1024K, 2 young (2048K), 1 survivors (1024K)
 Metaspace       used 8821K, committed 8960K, reserved 1114112K
  class space    used 990K, committed 1024K, reserved 1048576K
}
Event: 0.388 GC heap after
{Heap after GC invocations=8 (full 0):
 garbage-first heap   total 11264K, used 4303K [0x0000000081600000, 0x0000000100000000)
  region size 1024K, 1 young (1024K), 1 survivors (1024K)
 Metaspace       used 8821K, committed 8960K, reserved 1114112K
  class space    used 990K, committed 1024K, reserved 1048576K
}
Event: 0.400 GC heap before
{Heap before GC invocations=8 (full 0):
 garbage-first heap   total 11264K, used 5327K [0x0000000081600000, 0x0000000100000000)
  region size 1024K, 2 young (2048K), 1 survivors (1024K)
 Metaspace       used 8906K, committed 9088K, reserved 1114112K
  class space    used 998K, committed 1088K, reserved 1048576K
}
Event: 0.402 GC heap after
{Heap after GC invocations=9 (full 0):
 garbage-first heap   total 22528K, used 4379K [0x0000000081600000, 0x0000000100000000)
  region size 1024K, 1 young (1024K), 1 survivors (1024K)
 Metaspace       used 8906K, committed 9088K, reserved 1114112K
  class space    used 998K, committed 1088K, reserved 1048576K
}
Event: 0.435 GC heap before
{Heap before GC invocations=9 (full 0):
 garbage-first heap   total 22528K, used 12571K [0x0000000081600000, 0x0000000100000000)
  region size 1024K, 9 young (9216K), 1 survivors (1024K)
 Metaspace       used 9042K, committed 9216K, reserved 1114112K
  class space    used 1012K, committed 1088K, reserved 1048576K
}
Event: 0.438 GC heap after
{Heap after GC invocations=10 (full 0):
 garbage-first heap   total 22528K, used 5477K [0x0000000081600000, 0x0000000100000000)
  region size 1024K, 2 young (2048K), 2 survivors (2048K)
 Metaspace       used 9042K, committed 9216K, reserved 1114112K
  class space    used 1012K, committed 1088K, reserved 1048576K
}
Event: 0.481 GC heap before
{Heap before GC invocations=10 (full 0):
 garbage-first heap   total 22528K, used 11621K [0x0000000081600000, 0x0000000100000000)
  region size 1024K, 9 young (9216K), 2 survivors (2048K)
 Metaspace       used 9214K, committed 9408K, reserved 1114112K
  class space    used 1029K, committed 1088K, reserved 1048576K
}
Event: 0.485 GC heap after
{Heap after GC invocations=11 (full 0):
 garbage-first heap   total 22528K, used 7425K [0x0000000081600000, 0x0000000100000000)
  region size 1024K, 2 young (2048K), 2 survivors (2048K)
 Metaspace       used 9214K, committed 9408K, reserved 1114112K
  class space    used 1029K, committed 1088K, reserved 1048576K
}

