# JRE version: OpenJDK Runtime Environment Zulu19.32+15-CA (19.0.2+7) (build 19.0.2+7)
# Java VM: OpenJDK 64-Bit Server VM Zulu19.32+15-CA (19.0.2+7, mixed mode, sharing, tiered, compressed oops, compressed class ptrs, g1 gc, windows-amd64)
GC Precious Log:
 CardTable entry size: 512
 Card Set container configuration: InlinePtr #cards 5 size 8 Array Of Cards #cards 12 size 40 Howl #buckets 4 coarsen threshold 1843 Howl Bitmap #cards 512 size 80 coarsen threshold 460 Card regions per heap region 1 cards per card region 2048
 CPUs: 12 total, 12 available
 Memory: 8099M
 Large Page Support: Disabled
 NUMA Support: Disabled
 Compressed Oops: Enabled (32-bit)
 Heap Region Size: 1M
 Heap Min Capacity: 8M
 Heap Initial Capacity: 8M
 Heap Max Capacity: 2026M
 Pre-touch: Disabled
 Parallel Workers: 10
 Concurrent Workers: 3
 Concurrent Refinement Workers: 10
 Periodic GC: Disabled
Heap:
 garbage-first heap   total 21504K, used 8140K [0x0000000081600000, 0x0000000100000000)
  region size 1024K, 1 young (1024K), 1 survivors (1024K)
 Metaspace       used 9307K, committed 9472K, reserved 1114112K
  class space    used 1020K, committed 1088K, reserved 1048576K
GC Heap History (20 events):
Event: 0.251 GC heap after
{Heap after GC invocations=3 (full 0):
 garbage-first heap   total 8192K, used 2157K [0x0000000081600000, 0x0000000100000000)
  region size 1024K, 1 young (1024K), 1 survivors (1024K)
 Metaspace       used 6220K, committed 6336K, reserved 1114112K
  class space    used 706K, committed 768K, reserved 1048576K
}
Event: 0.304 GC heap before
{Heap before GC invocations=3 (full 0):
 garbage-first heap   total 8192K, used 3181K [0x0000000081600000, 0x0000000100000000)
  region size 1024K, 2 young (2048K), 1 survivors (1024K)
 Metaspace       used 7748K, committed 7872K, reserved 1114112K
  class space    used 858K, committed 896K, reserved 1048576K
}
Event: 0.306 GC heap after
{Heap after GC invocations=4 (full 0):
 garbage-first heap   total 8192K, used 2523K [0x0000000081600000, 0x0000000100000000)
  region size 1024K, 1 young (1024K), 1 survivors (1024K)
 Metaspace       used 7748K, committed 7872K, reserved 1114112K
  class space    used 858K, committed 896K, reserved 1048576K
}
Event: 0.326 GC heap before
{Heap before GC invocations=4 (full 0):
 garbage-first heap   total 8192K, used 3547K [0x0000000081600000, 0x0000000100000000)
  region size 1024K, 2 young (2048K), 1 survivors (1024K)
 Metaspace       used 7981K, committed 8192K, reserved 1114112K
  class space    used 878K, committed 1024K, reserved 1048576K
}
Event: 0.327 GC heap after
{Heap after GC invocations=5 (full 0):
 garbage-first heap   total 10240K, used 2866K [0x0000000081600000, 0x0000000100000000)
  region size 1024K, 1 young (1024K), 1 survivors (1024K)
 Metaspace       used 7981K, committed 8192K, reserved 1114112K
  class space    used 878K, committed 1024K, reserved 1048576K
}
Event: 0.371 GC heap before
{Heap before GC invocations=5 (full 0):
 garbage-first heap   total 10240K, used 3890K [0x0000000081600000, 0x0000000100000000)
  region size 1024K, 3 young (3072K), 1 survivors (1024K)
 Metaspace       used 8592K, committed 8768K, reserved 1114112K
  class space    used 948K, committed 1024K, reserved 1048576K
}
Event: 0.374 GC heap after
{Heap after GC invocations=6 (full 0):
 garbage-first heap   total 10240K, used 3627K [0x0000000081600000, 0x0000000100000000)
  region size 1024K, 1 young (1024K), 1 survivors (1024K)
 Metaspace       used 8592K, committed 8768K, reserved 1114112K
  class space    used 948K, committed 1024K, reserved 1048576K
}
Event: 0.408 GC heap before
{Heap before GC invocations=6 (full 0):
 garbage-first heap   total 10240K, used 5675K [0x0000000081600000, 0x0000000100000000)
  region size 1024K, 3 young (3072K), 1 survivors (1024K)
 Metaspace       used 8905K, committed 9024K, reserved 1114112K
  class space    used 988K, committed 1024K, reserved 1048576K
}
Event: 0.410 GC heap after
{Heap after GC invocations=7 (full 0):
 garbage-first heap   total 10240K, used 4372K [0x0000000081600000, 0x0000000100000000)
  region size 1024K, 1 young (1024K), 1 survivors (1024K)
 Metaspace       used 8905K, committed 9024K, reserved 1114112K
  class space    used 988K, committed 1024K, reserved 1048576K
}
Event: 0.412 GC heap before
{Heap before GC invocations=7 (full 0):
 garbage-first heap   total 10240K, used 5396K [0x0000000081600000, 0x0000000100000000)
  region size 1024K, 2 young (2048K), 1 survivors (1024K)
 Metaspace       used 8909K, committed 9024K, reserved 1114112K
  class space    used 988K, committed 1024K, reserved 1048576K
}
Event: 0.414 GC heap after
{Heap after GC invocations=8 (full 0):
 garbage-first heap   total 10240K, used 4531K [0x0000000081600000, 0x0000000100000000)
  region size 1024K, 1 young (1024K), 1 survivors (1024K)
 Metaspace       used 8909K, committed 9024K, reserved 1114112K
  class space    used 988K, committed 1024K, reserved 1048576K
}
Event: 0.425 GC heap before
{Heap before GC invocations=8 (full 0):
 garbage-first heap   total 10240K, used 5555K [0x0000000081600000, 0x0000000100000000)
  region size 1024K, 2 young (2048K), 1 survivors (1024K)
 Metaspace       used 8960K, committed 9088K, reserved 1114112K
  class space    used 988K, committed 1024K, reserved 1048576K
}
Event: 0.426 GC heap after
{Heap after GC invocations=9 (full 0):
 garbage-first heap   total 21504K, used 4574K [0x0000000081600000, 0x0000000100000000)
  region size 1024K, 1 young (1024K), 1 survivors (1024K)
 Metaspace       used 8960K, committed 9088K, reserved 1114112K
  class space    used 988K, committed 1024K, reserved 1048576K
}
Event: 0.466 GC heap before
{Heap before GC invocations=10 (full 0):
 garbage-first heap   total 21504K, used 10718K [0x0000000081600000, 0x0000000100000000)
  region size 1024K, 7 young (7168K), 1 survivors (1024K)
 Metaspace       used 9117K, committed 9280K, reserved 1114112K
  class space    used 1010K, committed 1088K, reserved 1048576K
}
Event: 0.468 GC heap after
{Heap after GC invocations=11 (full 0):
 garbage-first heap   total 21504K, used 5502K [0x0000000081600000, 0x0000000100000000)
  region size 1024K, 1 young (1024K), 1 survivors (1024K)
 Metaspace       used 9117K, committed 9280K, reserved 1114112K
  class space    used 1010K, committed 1088K, reserved 1048576K
}
Event: 0.470 GC heap before
{Heap before GC invocations=11 (full 0):
 garbage-first heap   total 21504K, used 6526K [0x0000000081600000, 0x0000000100000000)
  region size 1024K, 2 young (2048K), 1 survivors (1024K)
 Metaspace       used 9119K, committed 9280K, reserved 1114112K
  class space    used 1010K, committed 1088K, reserved 1048576K
}
Event: 0.473 GC heap after
{Heap after GC invocations=12 (full 0):
 garbage-first heap   total 21504K, used 5607K [0x0000000081600000, 0x0000000100000000)
  region size 1024K, 1 young (1024K), 1 survivors (1024K)
 Metaspace       used 9119K, committed 9280K, reserved 1114112K
  class space    used 1010K, committed 1088K, reserved 1048576K
}
Event: 0.495 GC heap before
{Heap before GC invocations=12 (full 0):
 garbage-first heap   total 21504K, used 11751K [0x0000000081600000, 0x0000000100000000)
  region size 1024K, 7 young (7168K), 1 survivors (1024K)
 Metaspace       used 9191K, committed 9408K, reserved 1114112K
  class space    used 1013K, committed 1088K, reserved 1048576K
}
Event: 0.498 GC heap after
{Heap after GC invocations=13 (full 0):
 garbage-first heap   total 21504K, used 7168K [0x0000000081600000, 0x0000000100000000)
  region size 1024K, 1 young (1024K), 1 survivors (1024K)
 Metaspace       used 9191K, committed 9408K, reserved 1114112K
  class space    used 1013K, committed 1088K, reserved 1048576K
}
Event: 0.532 GC heap before
{Heap before GC invocations=13 (full 0):
 garbage-first heap   total 21504K, used 12288K [0x0000000081600000, 0x0000000100000000)
  region size 1024K, 7 young (7168K), 1 survivors (1024K)
 Metaspace       used 9307K, committed 9472K, reserved 1114112K
  class space    used 1020K, committed 1088K, reserved 1048576K
}

