# JRE version: OpenJDK Runtime Environment Zulu19.32+15-CA (19.0.2+7) (build 19.0.2+7)
# Java VM: OpenJDK 64-Bit Server VM Zulu19.32+15-CA (19.0.2+7, mixed mode, sharing, tiered, compressed oops, compressed class ptrs, g1 gc, windows-amd64)
GC Precious Log:
 CardTable entry size: 512
 Card Set container configuration: InlinePtr #cards 5 size 8 Array Of Cards #cards 12 size 40 Howl #buckets 4 coarsen threshold 1843 Howl Bitmap #cards 512 size 80 coarsen threshold 460 Card regions per heap region 1 cards per card region 2048
 CPUs: 12 total, 12 available
 Memory: 8099M
 Large Page Support: Disabled
 NUMA Support: Disabled
 Compressed Oops: Enabled (32-bit)
 Heap Region Size: 1M
 Heap Min Capacity: 8M
 Heap Initial Capacity: 8M
 Heap Max Capacity: 2026M
 Pre-touch: Disabled
 Parallel Workers: 10
 Concurrent Workers: 3
 Concurrent Refinement Workers: 10
 Periodic GC: Disabled
Heap:
 garbage-first heap   total 45056K, used 20603K [0x0000000081600000, 0x0000000100000000)
  region size 1024K, 12 young (12288K), 1 survivors (1024K)
 Metaspace       used 11203K, committed 11456K, reserved 1114112K
  class space    used 1220K, committed 1344K, reserved 1048576K
GC Heap History (20 events):
Event: 0.271 GC heap before
{Heap before GC invocations=3 (full 0):
 garbage-first heap   total 8192K, used 3151K [0x0000000081600000, 0x0000000100000000)
  region size 1024K, 2 young (2048K), 1 survivors (1024K)
 Metaspace       used 7782K, committed 7936K, reserved 1114112K
  class space    used 867K, committed 960K, reserved 1048576K
}
Event: 0.272 GC heap after
{Heap after GC invocations=4 (full 0):
 garbage-first heap   total 8192K, used 2443K [0x0000000081600000, 0x0000000100000000)
  region size 1024K, 1 young (1024K), 1 survivors (1024K)
 Metaspace       used 7782K, committed 7936K, reserved 1114112K
  class space    used 867K, committed 960K, reserved 1048576K
}
Event: 0.294 GC heap before
{Heap before GC invocations=4 (full 0):
 garbage-first heap   total 8192K, used 3467K [0x0000000081600000, 0x0000000100000000)
  region size 1024K, 2 young (2048K), 1 survivors (1024K)
 Metaspace       used 8066K, committed 8320K, reserved 1114112K
  class space    used 898K, committed 1024K, reserved 1048576K
}
Event: 0.296 GC heap after
{Heap after GC invocations=5 (full 0):
 garbage-first heap   total 11264K, used 2782K [0x0000000081600000, 0x0000000100000000)
  region size 1024K, 1 young (1024K), 1 survivors (1024K)
 Metaspace       used 8066K, committed 8320K, reserved 1114112K
  class space    used 898K, committed 1024K, reserved 1048576K
}
Event: 0.332 GC heap before
{Heap before GC invocations=5 (full 0):
 garbage-first heap   total 11264K, used 4830K [0x0000000081600000, 0x0000000100000000)
  region size 1024K, 3 young (3072K), 1 survivors (1024K)
 Metaspace       used 8610K, committed 8768K, reserved 1114112K
  class space    used 967K, committed 1024K, reserved 1048576K
}
Event: 0.334 GC heap after
{Heap after GC invocations=6 (full 0):
 garbage-first heap   total 11264K, used 3791K [0x0000000081600000, 0x0000000100000000)
  region size 1024K, 1 young (1024K), 1 survivors (1024K)
 Metaspace       used 8610K, committed 8768K, reserved 1114112K
  class space    used 967K, committed 1024K, reserved 1048576K
}
Event: 0.360 GC heap before
{Heap before GC invocations=6 (full 0):
 garbage-first heap   total 11264K, used 5839K [0x0000000081600000, 0x0000000100000000)
  region size 1024K, 3 young (3072K), 1 survivors (1024K)
 Metaspace       used 8808K, committed 8960K, reserved 1114112K
  class space    used 990K, committed 1024K, reserved 1048576K
}
Event: 0.362 GC heap after
{Heap after GC invocations=7 (full 0):
 garbage-first heap   total 11264K, used 4263K [0x0000000081600000, 0x0000000100000000)
  region size 1024K, 1 young (1024K), 1 survivors (1024K)
 Metaspace       used 8808K, committed 8960K, reserved 1114112K
  class space    used 990K, committed 1024K, reserved 1048576K
}
Event: 0.367 GC heap before
{Heap before GC invocations=7 (full 0):
 garbage-first heap   total 11264K, used 5287K [0x0000000081600000, 0x0000000100000000)
  region size 1024K, 2 young (2048K), 1 survivors (1024K)
 Metaspace       used 8815K, committed 8960K, reserved 1114112K
  class space    used 990K, committed 1024K, reserved 1048576K
}
Event: 0.368 GC heap after
{Heap after GC invocations=8 (full 0):
 garbage-first heap   total 11264K, used 4255K [0x0000000081600000, 0x0000000100000000)
  region size 1024K, 1 young (1024K), 1 survivors (1024K)
 Metaspace       used 8815K, committed 8960K, reserved 1114112K
  class space    used 990K, committed 1024K, reserved 1048576K
}
Event: 0.381 GC heap before
{Heap before GC invocations=8 (full 0):
 garbage-first heap   total 11264K, used 5279K [0x0000000081600000, 0x0000000100000000)
  region size 1024K, 2 young (2048K), 1 survivors (1024K)
 Metaspace       used 8904K, committed 9088K, reserved 1114112K
  class space    used 998K, committed 1088K, reserved 1048576K
}
Event: 0.383 GC heap after
{Heap after GC invocations=9 (full 0):
 garbage-first heap   total 22528K, used 4423K [0x0000000081600000, 0x0000000100000000)
  region size 1024K, 1 young (1024K), 1 survivors (1024K)
 Metaspace       used 8904K, committed 9088K, reserved 1114112K
  class space    used 998K, committed 1088K, reserved 1048576K
}
Event: 0.415 GC heap before
{Heap before GC invocations=9 (full 0):
 garbage-first heap   total 22528K, used 12615K [0x0000000081600000, 0x0000000100000000)
  region size 1024K, 9 young (9216K), 1 survivors (1024K)
 Metaspace       used 9037K, committed 9216K, reserved 1114112K
  class space    used 1012K, committed 1088K, reserved 1048576K
}
Event: 0.418 GC heap after
{Heap after GC invocations=10 (full 0):
 garbage-first heap   total 22528K, used 5527K [0x0000000081600000, 0x0000000100000000)
  region size 1024K, 2 young (2048K), 2 survivors (2048K)
 Metaspace       used 9037K, committed 9216K, reserved 1114112K
  class space    used 1012K, committed 1088K, reserved 1048576K
}
Event: 0.465 GC heap before
{Heap before GC invocations=10 (full 0):
 garbage-first heap   total 22528K, used 11671K [0x0000000081600000, 0x0000000100000000)
  region size 1024K, 9 young (9216K), 2 survivors (2048K)
 Metaspace       used 9273K, committed 9472K, reserved 1114112K
  class space    used 1020K, committed 1088K, reserved 1048576K
}
Event: 0.468 GC heap after
{Heap after GC invocations=11 (full 0):
 garbage-first heap   total 22528K, used 7380K [0x0000000081600000, 0x0000000100000000)
  region size 1024K, 2 young (2048K), 2 survivors (2048K)
 Metaspace       used 9273K, committed 9472K, reserved 1114112K
  class space    used 1020K, committed 1088K, reserved 1048576K
}
Event: 0.478 GC heap before
{Heap before GC invocations=11 (full 0):
 garbage-first heap   total 22528K, used 13524K [0x0000000081600000, 0x0000000100000000)
  region size 1024K, 8 young (8192K), 2 survivors (2048K)
 Metaspace       used 9289K, committed 9472K, reserved 1114112K
  class space    used 1020K, committed 1088K, reserved 1048576K
}
Event: 0.481 GC heap after
{Heap after GC invocations=12 (full 0):
 garbage-first heap   total 22528K, used 8380K [0x0000000081600000, 0x0000000100000000)
  region size 1024K, 1 young (1024K), 1 survivors (1024K)
 Metaspace       used 9289K, committed 9472K, reserved 1114112K
  class space    used 1020K, committed 1088K, reserved 1048576K
}
Event: 0.498 GC heap before
{Heap before GC invocations=12 (full 0):
 garbage-first heap   total 22528K, used 15548K [0x0000000081600000, 0x0000000100000000)
  region size 1024K, 7 young (7168K), 1 survivors (1024K)
 Metaspace       used 9355K, committed 9536K, reserved 1114112K
  class space    used 1022K, committed 1088K, reserved 1048576K
}
Event: 0.500 GC heap after
{Heap after GC invocations=13 (full 0):
 garbage-first heap   total 45056K, used 10363K [0x0000000081600000, 0x0000000100000000)
  region size 1024K, 1 young (1024K), 1 survivors (1024K)
 Metaspace       used 9355K, committed 9536K, reserved 1114112K
  class space    used 1022K, committed 1088K, reserved 1048576K
}

