# JRE version: OpenJDK Runtime Environment Zulu19.32+15-CA (19.0.2+7) (build 19.0.2+7)
# Java VM: OpenJDK 64-Bit Server VM Zulu19.32+15-CA (19.0.2+7, mixed mode, sharing, tiered, compressed oops, compressed class ptrs, g1 gc, windows-amd64)
GC Precious Log:
 CardTable entry size: 512
 Card Set container configuration: InlinePtr #cards 5 size 8 Array Of Cards #cards 12 size 40 Howl #buckets 4 coarsen threshold 1843 Howl Bitmap #cards 512 size 80 coarsen threshold 460 Card regions per heap region 1 cards per card region 2048
 CPUs: 12 total, 12 available
 Memory: 8099M
 Large Page Support: Disabled
 NUMA Support: Disabled
 Compressed Oops: Enabled (32-bit)
 Heap Region Size: 1M
 Heap Min Capacity: 8M
 Heap Initial Capacity: 8M
 Heap Max Capacity: 2026M
 Pre-touch: Disabled
 Parallel Workers: 10
 Concurrent Workers: 3
 Concurrent Refinement Workers: 10
 Periodic GC: Disabled
Heap:
 garbage-first heap   total 20480K, used 7168K [0x0000000081600000, 0x0000000100000000)
  region size 1024K, 2 young (2048K), 1 survivors (1024K)
 Metaspace       used 9215K, committed 9408K, reserved 1114112K
  class space    used 1027K, committed 1088K, reserved 1048576K
GC Heap History (20 events):
Event: 0.129 GC heap before
{Heap before GC invocations=0 (full 0):
 garbage-first heap   total 8192K, used 3072K [0x0000000081600000, 0x0000000100000000)
  region size 1024K, 3 young (3072K), 0 survivors (0K)
 Metaspace       used 2403K, committed 2624K, reserved 1114112K
  class space    used 258K, committed 384K, reserved 1048576K
}
Event: 0.131 GC heap after
{Heap after GC invocations=1 (full 0):
 garbage-first heap   total 8192K, used 1189K [0x0000000081600000, 0x0000000100000000)
  region size 1024K, 1 young (1024K), 1 survivors (1024K)
 Metaspace       used 2403K, committed 2624K, reserved 1114112K
  class space    used 258K, committed 384K, reserved 1048576K
}
Event: 0.173 GC heap before
{Heap before GC invocations=1 (full 0):
 garbage-first heap   total 8192K, used 2213K [0x0000000081600000, 0x0000000100000000)
  region size 1024K, 2 young (2048K), 1 survivors (1024K)
 Metaspace       used 4314K, committed 4480K, reserved 1114112K
  class space    used 510K, committed 640K, reserved 1048576K
}
Event: 0.175 GC heap after
{Heap after GC invocations=2 (full 0):
 garbage-first heap   total 8192K, used 1683K [0x0000000081600000, 0x0000000100000000)
  region size 1024K, 1 young (1024K), 1 survivors (1024K)
 Metaspace       used 4314K, committed 4480K, reserved 1114112K
  class space    used 510K, committed 640K, reserved 1048576K
}
Event: 0.217 GC heap before
{Heap before GC invocations=2 (full 0):
 garbage-first heap   total 8192K, used 2707K [0x0000000081600000, 0x0000000100000000)
  region size 1024K, 2 young (2048K), 1 survivors (1024K)
 Metaspace       used 6216K, committed 6336K, reserved 1114112K
  class space    used 705K, committed 768K, reserved 1048576K
}
Event: 0.218 GC heap after
{Heap after GC invocations=3 (full 0):
 garbage-first heap   total 8192K, used 2117K [0x0000000081600000, 0x0000000100000000)
  region size 1024K, 1 young (1024K), 1 survivors (1024K)
 Metaspace       used 6216K, committed 6336K, reserved 1114112K
  class space    used 705K, committed 768K, reserved 1048576K
}
Event: 0.265 GC heap before
{Heap before GC invocations=3 (full 0):
 garbage-first heap   total 8192K, used 3141K [0x0000000081600000, 0x0000000100000000)
  region size 1024K, 2 young (2048K), 1 survivors (1024K)
 Metaspace       used 7757K, committed 7872K, reserved 1114112K
  class space    used 860K, committed 896K, reserved 1048576K
}
Event: 0.266 GC heap after
{Heap after GC invocations=4 (full 0):
 garbage-first heap   total 8192K, used 2450K [0x0000000081600000, 0x0000000100000000)
  region size 1024K, 1 young (1024K), 1 survivors (1024K)
 Metaspace       used 7757K, committed 7872K, reserved 1114112K
  class space    used 860K, committed 896K, reserved 1048576K
}
Event: 0.288 GC heap before
{Heap before GC invocations=4 (full 0):
 garbage-first heap   total 8192K, used 3474K [0x0000000081600000, 0x0000000100000000)
  region size 1024K, 2 young (2048K), 1 survivors (1024K)
 Metaspace       used 8039K, committed 8256K, reserved 1114112K
  class space    used 889K, committed 1024K, reserved 1048576K
}
Event: 0.289 GC heap after
{Heap after GC invocations=5 (full 0):
 garbage-first heap   total 10240K, used 2814K [0x0000000081600000, 0x0000000100000000)
  region size 1024K, 1 young (1024K), 1 survivors (1024K)
 Metaspace       used 8039K, committed 8256K, reserved 1114112K
  class space    used 889K, committed 1024K, reserved 1048576K
}
Event: 0.325 GC heap before
{Heap before GC invocations=5 (full 0):
 garbage-first heap   total 10240K, used 4862K [0x0000000081600000, 0x0000000100000000)
  region size 1024K, 3 young (3072K), 1 survivors (1024K)
 Metaspace       used 8534K, committed 8704K, reserved 1114112K
  class space    used 950K, committed 1024K, reserved 1048576K
}
Event: 0.327 GC heap after
{Heap after GC invocations=6 (full 0):
 garbage-first heap   total 10240K, used 3797K [0x0000000081600000, 0x0000000100000000)
  region size 1024K, 1 young (1024K), 1 survivors (1024K)
 Metaspace       used 8534K, committed 8704K, reserved 1114112K
  class space    used 950K, committed 1024K, reserved 1048576K
}
Event: 0.355 GC heap before
{Heap before GC invocations=6 (full 0):
 garbage-first heap   total 10240K, used 5845K [0x0000000081600000, 0x0000000100000000)
  region size 1024K, 3 young (3072K), 1 survivors (1024K)
 Metaspace       used 8812K, committed 8960K, reserved 1114112K
  class space    used 987K, committed 1024K, reserved 1048576K
}
Event: 0.357 GC heap after
{Heap after GC invocations=7 (full 0):
 garbage-first heap   total 10240K, used 4244K [0x0000000081600000, 0x0000000100000000)
  region size 1024K, 1 young (1024K), 1 survivors (1024K)
 Metaspace       used 8812K, committed 8960K, reserved 1114112K
  class space    used 987K, committed 1024K, reserved 1048576K
}
Event: 0.362 GC heap before
{Heap before GC invocations=7 (full 0):
 garbage-first heap   total 10240K, used 5268K [0x0000000081600000, 0x0000000100000000)
  region size 1024K, 2 young (2048K), 1 survivors (1024K)
 Metaspace       used 8826K, committed 8960K, reserved 1114112K
  class space    used 987K, committed 1024K, reserved 1048576K
}
Event: 0.363 GC heap after
{Heap after GC invocations=8 (full 0):
 garbage-first heap   total 10240K, used 4300K [0x0000000081600000, 0x0000000100000000)
  region size 1024K, 1 young (1024K), 1 survivors (1024K)
 Metaspace       used 8826K, committed 8960K, reserved 1114112K
  class space    used 987K, committed 1024K, reserved 1048576K
}
Event: 0.378 GC heap before
{Heap before GC invocations=8 (full 0):
 garbage-first heap   total 10240K, used 5324K [0x0000000081600000, 0x0000000100000000)
  region size 1024K, 2 young (2048K), 1 survivors (1024K)
 Metaspace       used 8905K, committed 9088K, reserved 1114112K
  class space    used 995K, committed 1088K, reserved 1048576K
}
Event: 0.379 GC heap after
{Heap after GC invocations=9 (full 0):
 garbage-first heap   total 20480K, used 4388K [0x0000000081600000, 0x0000000100000000)
  region size 1024K, 1 young (1024K), 1 survivors (1024K)
 Metaspace       used 8905K, committed 9088K, reserved 1114112K
  class space    used 995K, committed 1088K, reserved 1048576K
}
Event: 0.410 GC heap before
{Heap before GC invocations=9 (full 0):
 garbage-first heap   total 20480K, used 11556K [0x0000000081600000, 0x0000000100000000)
  region size 1024K, 8 young (8192K), 1 survivors (1024K)
 Metaspace       used 9046K, committed 9216K, reserved 1114112K
  class space    used 1009K, committed 1088K, reserved 1048576K
}
Event: 0.412 GC heap after
{Heap after GC invocations=10 (full 0):
 garbage-first heap   total 20480K, used 5376K [0x0000000081600000, 0x0000000100000000)
  region size 1024K, 1 young (1024K), 1 survivors (1024K)
 Metaspace       used 9046K, committed 9216K, reserved 1114112K
  class space    used 1009K, committed 1088K, reserved 1048576K
}

