# JRE version: OpenJDK Runtime Environment Zulu19.32+15-CA (19.0.2+7) (build 19.0.2+7)
# Java VM: OpenJDK 64-Bit Server VM Zulu19.32+15-CA (19.0.2+7, mixed mode, sharing, tiered, compressed oops, compressed class ptrs, g1 gc, windows-amd64)
GC Precious Log:
 CardTable entry size: 512
 Card Set container configuration: InlinePtr #cards 5 size 8 Array Of Cards #cards 12 size 40 Howl #buckets 4 coarsen threshold 1843 Howl Bitmap #cards 512 size 80 coarsen threshold 460 Card regions per heap region 1 cards per card region 2048
 CPUs: 12 total, 12 available
 Memory: 8099M
 Large Page Support: Disabled
 NUMA Support: Disabled
 Compressed Oops: Enabled (32-bit)
 Heap Region Size: 1M
 Heap Min Capacity: 8M
 Heap Initial Capacity: 128M
 Heap Max Capacity: 2026M
 Pre-touch: Disabled
 Parallel Workers: 10
 Concurrent Workers: 3
 Concurrent Refinement Workers: 10
 Periodic GC: Disabled
Heap:
 garbage-first heap   total 360448K, used 230860K [0x0000000081600000, 0x0000000100000000)
  region size 1024K, 207 young (211968K), 0 survivors (0K)
 Metaspace       used 12732K, committed 13056K, reserved 1114112K
  class space    used 1750K, committed 1920K, reserved 1048576K
GC Heap History (20 events):
Event: 1.575 GC heap before
{Heap before GC invocations=4 (full 0):
 garbage-first heap   total 131072K, used 90630K [0x0000000081600000, 0x0000000100000000)
  region size 1024K, 76 young (77824K), 2 survivors (2048K)
 Metaspace       used 11025K, committed 11328K, reserved 1114112K
  class space    used 1608K, committed 1728K, reserved 1048576K
}
Event: 1.576 GC heap after
{Heap after GC invocations=5 (full 0):
 garbage-first heap   total 131072K, used 14880K [0x0000000081600000, 0x0000000100000000)
  region size 1024K, 2 young (2048K), 2 survivors (2048K)
 Metaspace       used 11025K, committed 11328K, reserved 1114112K
  class space    used 1608K, committed 1728K, reserved 1048576K
}
Event: 1.597 GC heap before
{Heap before GC invocations=5 (full 0):
 garbage-first heap   total 131072K, used 90656K [0x0000000081600000, 0x0000000100000000)
  region size 1024K, 76 young (77824K), 2 survivors (2048K)
 Metaspace       used 11262K, committed 11520K, reserved 1114112K
  class space    used 1659K, committed 1792K, reserved 1048576K
}
Event: 1.599 GC heap after
{Heap after GC invocations=6 (full 0):
 garbage-first heap   total 262144K, used 15312K [0x0000000081600000, 0x0000000100000000)
  region size 1024K, 2 young (2048K), 2 survivors (2048K)
 Metaspace       used 11262K, committed 11520K, reserved 1114112K
  class space    used 1659K, committed 1792K, reserved 1048576K
}
Event: 1.689 GC heap before
{Heap before GC invocations=6 (full 0):
 garbage-first heap   total 262144K, used 169936K [0x0000000081600000, 0x0000000100000000)
  region size 1024K, 153 young (156672K), 2 survivors (2048K)
 Metaspace       used 11605K, committed 11904K, reserved 1114112K
  class space    used 1689K, committed 1856K, reserved 1048576K
}
Event: 1.691 GC heap after
{Heap after GC invocations=7 (full 0):
 garbage-first heap   total 262144K, used 16186K [0x0000000081600000, 0x0000000100000000)
  region size 1024K, 3 young (3072K), 3 survivors (3072K)
 Metaspace       used 11605K, committed 11904K, reserved 1114112K
  class space    used 1689K, committed 1856K, reserved 1048576K
}
Event: 1.736 GC heap before
{Heap before GC invocations=7 (full 0):
 garbage-first heap   total 262144K, used 169786K [0x0000000081600000, 0x0000000100000000)
  region size 1024K, 153 young (156672K), 3 survivors (3072K)
 Metaspace       used 11723K, committed 12032K, reserved 1114112K
  class space    used 1695K, committed 1856K, reserved 1048576K
}
Event: 1.738 GC heap after
{Heap after GC invocations=8 (full 0):
 garbage-first heap   total 262144K, used 16317K [0x0000000081600000, 0x0000000100000000)
  region size 1024K, 3 young (3072K), 3 survivors (3072K)
 Metaspace       used 11723K, committed 12032K, reserved 1114112K
  class space    used 1695K, committed 1856K, reserved 1048576K
}
Event: 1.781 GC heap before
{Heap before GC invocations=8 (full 0):
 garbage-first heap   total 262144K, used 171965K [0x0000000081600000, 0x0000000100000000)
  region size 1024K, 153 young (156672K), 3 survivors (3072K)
 Metaspace       used 12257K, committed 12544K, reserved 1114112K
  class space    used 1747K, committed 1856K, reserved 1048576K
}
Event: 1.783 GC heap after
{Heap after GC invocations=9 (full 0):
 garbage-first heap   total 262144K, used 18884K [0x0000000081600000, 0x0000000100000000)
  region size 1024K, 4 young (4096K), 4 survivors (4096K)
 Metaspace       used 12257K, committed 12544K, reserved 1114112K
  class space    used 1747K, committed 1856K, reserved 1048576K
}
Event: 1.827 GC heap before
{Heap before GC invocations=9 (full 0):
 garbage-first heap   total 262144K, used 171460K [0x0000000081600000, 0x0000000100000000)
  region size 1024K, 153 young (156672K), 4 survivors (4096K)
 Metaspace       used 12304K, committed 12608K, reserved 1114112K
  class space    used 1747K, committed 1856K, reserved 1048576K
}
Event: 1.829 GC heap after
{Heap after GC invocations=10 (full 0):
 garbage-first heap   total 262144K, used 19274K [0x0000000081600000, 0x0000000100000000)
  region size 1024K, 4 young (4096K), 4 survivors (4096K)
 Metaspace       used 12304K, committed 12608K, reserved 1114112K
  class space    used 1747K, committed 1856K, reserved 1048576K
}
Event: 1.867 GC heap before
{Heap before GC invocations=10 (full 0):
 garbage-first heap   total 262144K, used 171850K [0x0000000081600000, 0x0000000100000000)
  region size 1024K, 153 young (156672K), 4 survivors (4096K)
 Metaspace       used 12381K, committed 12672K, reserved 1114112K
  class space    used 1747K, committed 1856K, reserved 1048576K
}
Event: 1.870 GC heap after
{Heap after GC invocations=11 (full 0):
 garbage-first heap   total 360448K, used 18879K [0x0000000081600000, 0x0000000100000000)
  region size 1024K, 4 young (4096K), 4 survivors (4096K)
 Metaspace       used 12381K, committed 12672K, reserved 1114112K
  class space    used 1747K, committed 1856K, reserved 1048576K
}
Event: 1.955 GC heap before
{Heap before GC invocations=11 (full 0):
 garbage-first heap   total 360448K, used 230847K [0x0000000081600000, 0x0000000100000000)
  region size 1024K, 211 young (216064K), 4 survivors (4096K)
 Metaspace       used 12583K, committed 12800K, reserved 1114112K
  class space    used 1749K, committed 1856K, reserved 1048576K
}
Event: 1.957 GC heap after
{Heap after GC invocations=12 (full 0):
 garbage-first heap   total 360448K, used 18957K [0x0000000081600000, 0x0000000100000000)
  region size 1024K, 4 young (4096K), 4 survivors (4096K)
 Metaspace       used 12583K, committed 12800K, reserved 1114112K
  class space    used 1749K, committed 1856K, reserved 1048576K
}
Event: 2.028 GC heap before
{Heap before GC invocations=12 (full 0):
 garbage-first heap   total 360448K, used 230925K [0x0000000081600000, 0x0000000100000000)
  region size 1024K, 211 young (216064K), 4 survivors (4096K)
 Metaspace       used 12668K, committed 12992K, reserved 1114112K
  class space    used 1750K, committed 1920K, reserved 1048576K
}
Event: 2.030 GC heap after
{Heap after GC invocations=13 (full 0):
 garbage-first heap   total 360448K, used 18995K [0x0000000081600000, 0x0000000100000000)
  region size 1024K, 4 young (4096K), 4 survivors (4096K)
 Metaspace       used 12668K, committed 12992K, reserved 1114112K
  class space    used 1750K, committed 1920K, reserved 1048576K
}
Event: 2.095 GC heap before
{Heap before GC invocations=13 (full 0):
 garbage-first heap   total 360448K, used 230963K [0x0000000081600000, 0x0000000100000000)
  region size 1024K, 211 young (216064K), 4 survivors (4096K)
 Metaspace       used 12732K, committed 13056K, reserved 1114112K
  class space    used 1750K, committed 1920K, reserved 1048576K
}
Event: 2.096 GC heap after
{Heap after GC invocations=14 (full 0):
 garbage-first heap   total 360448K, used 18892K [0x0000000081600000, 0x0000000100000000)
  region size 1024K, 4 young (4096K), 4 survivors (4096K)
 Metaspace       used 12732K, committed 13056K, reserved 1114112K
  class space    used 1750K, committed 1920K, reserved 1048576K
}

