# JRE version: OpenJDK Runtime Environment Zulu19.32+15-CA (19.0.2+7) (build 19.0.2+7)
# Java VM: OpenJDK 64-Bit Server VM Zulu19.32+15-CA (19.0.2+7, mixed mode, sharing, tiered, compressed oops, compressed class ptrs, g1 gc, windows-amd64)
GC Precious Log:
 CardTable entry size: 512
 Card Set container configuration: InlinePtr #cards 5 size 8 Array Of Cards #cards 12 size 40 Howl #buckets 4 coarsen threshold 1843 Howl Bitmap #cards 512 size 80 coarsen threshold 460 Card regions per heap region 1 cards per card region 2048
 CPUs: 12 total, 12 available
 Memory: 8099M
 Large Page Support: Disabled
 NUMA Support: Disabled
 Compressed Oops: Enabled (32-bit)
 Heap Region Size: 1M
 Heap Min Capacity: 8M
 Heap Initial Capacity: 128M
 Heap Max Capacity: 2026M
 Pre-touch: Disabled
 Parallel Workers: 10
 Concurrent Workers: 3
 Concurrent Refinement Workers: 10
 Periodic GC: Disabled
Heap:
 garbage-first heap   total 392192K, used 24615K [0x0000000081600000, 0x0000000100000000)
  region size 1024K, 3 young (3072K), 3 survivors (3072K)
 Metaspace       used 15134K, committed 15488K, reserved 1114112K
  class space    used 1972K, committed 2176K, reserved 1048576K
GC Heap History (20 events):
Event: 13.099 GC heap after
{Heap after GC invocations=8 (full 0):
 garbage-first heap   total 131072K, used 24556K [0x0000000081600000, 0x0000000100000000)
  region size 1024K, 4 young (4096K), 4 survivors (4096K)
 Metaspace       used 15117K, committed 15488K, reserved 1114112K
  class space    used 1972K, committed 2176K, reserved 1048576K
}
Event: 13.124 GC heap before
{Heap before GC invocations=8 (full 0):
 garbage-first heap   total 131072K, used 99308K [0x0000000081600000, 0x0000000100000000)
  region size 1024K, 78 young (79872K), 4 survivors (4096K)
 Metaspace       used 15128K, committed 15488K, reserved 1114112K
  class space    used 1972K, committed 2176K, reserved 1048576K
}
Event: 13.127 GC heap after
{Heap after GC invocations=9 (full 0):
 garbage-first heap   total 261120K, used 24544K [0x0000000081600000, 0x0000000100000000)
  region size 1024K, 4 young (4096K), 4 survivors (4096K)
 Metaspace       used 15128K, committed 15488K, reserved 1114112K
  class space    used 1972K, committed 2176K, reserved 1048576K
}
Event: 13.205 GC heap before
{Heap before GC invocations=9 (full 0):
 garbage-first heap   total 261120K, used 177120K [0x0000000081600000, 0x0000000100000000)
  region size 1024K, 153 young (156672K), 4 survivors (4096K)
 Metaspace       used 15134K, committed 15488K, reserved 1114112K
  class space    used 1972K, committed 2176K, reserved 1048576K
}
Event: 13.208 GC heap after
{Heap after GC invocations=10 (full 0):
 garbage-first heap   total 261120K, used 24492K [0x0000000081600000, 0x0000000100000000)
  region size 1024K, 4 young (4096K), 4 survivors (4096K)
 Metaspace       used 15134K, committed 15488K, reserved 1114112K
  class space    used 1972K, committed 2176K, reserved 1048576K
}
Event: 13.243 GC heap before
{Heap before GC invocations=10 (full 0):
 garbage-first heap   total 261120K, used 177068K [0x0000000081600000, 0x0000000100000000)
  region size 1024K, 153 young (156672K), 4 survivors (4096K)
 Metaspace       used 15134K, committed 15488K, reserved 1114112K
  class space    used 1972K, committed 2176K, reserved 1048576K
}
Event: 13.245 GC heap after
{Heap after GC invocations=11 (full 0):
 garbage-first heap   total 261120K, used 24754K [0x0000000081600000, 0x0000000100000000)
  region size 1024K, 5 young (5120K), 5 survivors (5120K)
 Metaspace       used 15134K, committed 15488K, reserved 1114112K
  class space    used 1972K, committed 2176K, reserved 1048576K
}
Event: 13.275 GC heap before
{Heap before GC invocations=11 (full 0):
 garbage-first heap   total 261120K, used 176306K [0x0000000081600000, 0x0000000100000000)
  region size 1024K, 153 young (156672K), 5 survivors (5120K)
 Metaspace       used 15134K, committed 15488K, reserved 1114112K
  class space    used 1972K, committed 2176K, reserved 1048576K
}
Event: 13.277 GC heap after
{Heap after GC invocations=12 (full 0):
 garbage-first heap   total 261120K, used 24553K [0x0000000081600000, 0x0000000100000000)
  region size 1024K, 4 young (4096K), 4 survivors (4096K)
 Metaspace       used 15134K, committed 15488K, reserved 1114112K
  class space    used 1972K, committed 2176K, reserved 1048576K
}
Event: 13.310 GC heap before
{Heap before GC invocations=12 (full 0):
 garbage-first heap   total 261120K, used 177129K [0x0000000081600000, 0x0000000100000000)
  region size 1024K, 153 young (156672K), 4 survivors (4096K)
 Metaspace       used 15134K, committed 15488K, reserved 1114112K
  class space    used 1972K, committed 2176K, reserved 1048576K
}
Event: 13.312 GC heap after
{Heap after GC invocations=13 (full 0):
 garbage-first heap   total 392192K, used 24805K [0x0000000081600000, 0x0000000100000000)
  region size 1024K, 5 young (5120K), 5 survivors (5120K)
 Metaspace       used 15134K, committed 15488K, reserved 1114112K
  class space    used 1972K, committed 2176K, reserved 1048576K
}
Event: 13.404 GC heap before
{Heap before GC invocations=13 (full 0):
 garbage-first heap   total 392192K, used 254181K [0x0000000081600000, 0x0000000100000000)
  region size 1024K, 229 young (234496K), 5 survivors (5120K)
 Metaspace       used 15134K, committed 15488K, reserved 1114112K
  class space    used 1972K, committed 2176K, reserved 1048576K
}
Event: 13.406 GC heap after
{Heap after GC invocations=14 (full 0):
 garbage-first heap   total 392192K, used 24452K [0x0000000081600000, 0x0000000100000000)
  region size 1024K, 4 young (4096K), 4 survivors (4096K)
 Metaspace       used 15134K, committed 15488K, reserved 1114112K
  class space    used 1972K, committed 2176K, reserved 1048576K
}
Event: 13.456 GC heap before
{Heap before GC invocations=14 (full 0):
 garbage-first heap   total 392192K, used 254852K [0x0000000081600000, 0x0000000100000000)
  region size 1024K, 229 young (234496K), 4 survivors (4096K)
 Metaspace       used 15134K, committed 15488K, reserved 1114112K
  class space    used 1972K, committed 2176K, reserved 1048576K
}
Event: 13.458 GC heap after
{Heap after GC invocations=15 (full 0):
 garbage-first heap   total 392192K, used 24874K [0x0000000081600000, 0x0000000100000000)
  region size 1024K, 5 young (5120K), 5 survivors (5120K)
 Metaspace       used 15134K, committed 15488K, reserved 1114112K
  class space    used 1972K, committed 2176K, reserved 1048576K
}
Event: 13.505 GC heap before
{Heap before GC invocations=15 (full 0):
 garbage-first heap   total 392192K, used 254250K [0x0000000081600000, 0x0000000100000000)
  region size 1024K, 229 young (234496K), 5 survivors (5120K)
 Metaspace       used 15134K, committed 15488K, reserved 1114112K
  class space    used 1972K, committed 2176K, reserved 1048576K
}
Event: 13.507 GC heap after
{Heap after GC invocations=16 (full 0):
 garbage-first heap   total 392192K, used 24891K [0x0000000081600000, 0x0000000100000000)
  region size 1024K, 5 young (5120K), 5 survivors (5120K)
 Metaspace       used 15134K, committed 15488K, reserved 1114112K
  class space    used 1972K, committed 2176K, reserved 1048576K
}
Event: 13.549 GC heap before
{Heap before GC invocations=16 (full 0):
 garbage-first heap   total 392192K, used 254267K [0x0000000081600000, 0x0000000100000000)
  region size 1024K, 229 young (234496K), 5 survivors (5120K)
 Metaspace       used 15134K, committed 15488K, reserved 1114112K
  class space    used 1972K, committed 2176K, reserved 1048576K
}
Event: 13.550 GC heap after
{Heap after GC invocations=17 (full 0):
 garbage-first heap   total 392192K, used 24432K [0x0000000081600000, 0x0000000100000000)
  region size 1024K, 4 young (4096K), 4 survivors (4096K)
 Metaspace       used 15134K, committed 15488K, reserved 1114112K
  class space    used 1972K, committed 2176K, reserved 1048576K
}
Event: 13.593 GC heap before
{Heap before GC invocations=17 (full 0):
 garbage-first heap   total 392192K, used 254832K [0x0000000081600000, 0x0000000100000000)
  region size 1024K, 229 young (234496K), 4 survivors (4096K)
 Metaspace       used 15134K, committed 15488K, reserved 1114112K
  class space    used 1972K, committed 2176K, reserved 1048576K
}

