# JRE version: OpenJDK Runtime Environment Zulu19.32+15-CA (19.0.2+7) (build 19.0.2+7)
# Java VM: OpenJDK 64-Bit Server VM Zulu19.32+15-CA (19.0.2+7, mixed mode, sharing, tiered, compressed oops, compressed class ptrs, g1 gc, windows-amd64)
GC Precious Log:
 CardTable entry size: 512
 Card Set container configuration: InlinePtr #cards 5 size 8 Array Of Cards #cards 12 size 40 Howl #buckets 4 coarsen threshold 1843 Howl Bitmap #cards 512 size 80 coarsen threshold 460 Card regions per heap region 1 cards per card region 2048
 CPUs: 12 total, 12 available
 Memory: 8099M
 Large Page Support: Disabled
 NUMA Support: Disabled
 Compressed Oops: Enabled (32-bit)
 Heap Region Size: 1M
 Heap Min Capacity: 8M
 Heap Initial Capacity: 8M
 Heap Max Capacity: 2026M
 Pre-touch: Disabled
 Parallel Workers: 10
 Concurrent Workers: 3
 Concurrent Refinement Workers: 10
 Periodic GC: Disabled
Heap:
 garbage-first heap   total 19456K, used 11113K [0x0000000081600000, 0x0000000100000000)
  region size 1024K, 6 young (6144K), 1 survivors (1024K)
 Metaspace       used 9295K, committed 9472K, reserved 1114112K
  class space    used 1035K, committed 1088K, reserved 1048576K
GC Heap History (20 events):
Event: 0.173 GC heap before
{Heap before GC invocations=1 (full 0):
 garbage-first heap   total 8192K, used 2208K [0x0000000081600000, 0x0000000100000000)
  region size 1024K, 2 young (2048K), 1 survivors (1024K)
 Metaspace       used 4193K, committed 4416K, reserved 1114112K
  class space    used 508K, committed 640K, reserved 1048576K
}
Event: 0.175 GC heap after
{Heap after GC invocations=2 (full 0):
 garbage-first heap   total 8192K, used 1795K [0x0000000081600000, 0x0000000100000000)
  region size 1024K, 1 young (1024K), 1 survivors (1024K)
 Metaspace       used 4193K, committed 4416K, reserved 1114112K
  class space    used 508K, committed 640K, reserved 1048576K
}
Event: 0.221 GC heap before
{Heap before GC invocations=2 (full 0):
 garbage-first heap   total 8192K, used 2819K [0x0000000081600000, 0x0000000100000000)
  region size 1024K, 2 young (2048K), 1 survivors (1024K)
 Metaspace       used 6216K, committed 6336K, reserved 1114112K
  class space    used 707K, committed 768K, reserved 1048576K
}
Event: 0.222 GC heap after
{Heap after GC invocations=3 (full 0):
 garbage-first heap   total 8192K, used 2119K [0x0000000081600000, 0x0000000100000000)
  region size 1024K, 1 young (1024K), 1 survivors (1024K)
 Metaspace       used 6216K, committed 6336K, reserved 1114112K
  class space    used 707K, committed 768K, reserved 1048576K
}
Event: 0.272 GC heap before
{Heap before GC invocations=3 (full 0):
 garbage-first heap   total 8192K, used 3143K [0x0000000081600000, 0x0000000100000000)
  region size 1024K, 2 young (2048K), 1 survivors (1024K)
 Metaspace       used 7782K, committed 7936K, reserved 1114112K
  class space    used 867K, committed 960K, reserved 1048576K
}
Event: 0.273 GC heap after
{Heap after GC invocations=4 (full 0):
 garbage-first heap   total 8192K, used 2434K [0x0000000081600000, 0x0000000100000000)
  region size 1024K, 1 young (1024K), 1 survivors (1024K)
 Metaspace       used 7782K, committed 7936K, reserved 1114112K
  class space    used 867K, committed 960K, reserved 1048576K
}
Event: 0.294 GC heap before
{Heap before GC invocations=4 (full 0):
 garbage-first heap   total 8192K, used 3458K [0x0000000081600000, 0x0000000100000000)
  region size 1024K, 2 young (2048K), 1 survivors (1024K)
 Metaspace       used 8061K, committed 8256K, reserved 1114112K
  class space    used 898K, committed 1024K, reserved 1048576K
}
Event: 0.295 GC heap after
{Heap after GC invocations=5 (full 0):
 garbage-first heap   total 10240K, used 2747K [0x0000000081600000, 0x0000000100000000)
  region size 1024K, 1 young (1024K), 1 survivors (1024K)
 Metaspace       used 8061K, committed 8256K, reserved 1114112K
  class space    used 898K, committed 1024K, reserved 1048576K
}
Event: 0.341 GC heap before
{Heap before GC invocations=5 (full 0):
 garbage-first heap   total 10240K, used 4795K [0x0000000081600000, 0x0000000100000000)
  region size 1024K, 3 young (3072K), 1 survivors (1024K)
 Metaspace       used 8613K, committed 8768K, reserved 1114112K
  class space    used 968K, committed 1024K, reserved 1048576K
}
Event: 0.343 GC heap after
{Heap after GC invocations=6 (full 0):
 garbage-first heap   total 10240K, used 3775K [0x0000000081600000, 0x0000000100000000)
  region size 1024K, 1 young (1024K), 1 survivors (1024K)
 Metaspace       used 8613K, committed 8768K, reserved 1114112K
  class space    used 968K, committed 1024K, reserved 1048576K
}
Event: 0.370 GC heap before
{Heap before GC invocations=6 (full 0):
 garbage-first heap   total 10240K, used 5823K [0x0000000081600000, 0x0000000100000000)
  region size 1024K, 3 young (3072K), 1 survivors (1024K)
 Metaspace       used 8816K, committed 8960K, reserved 1114112K
  class space    used 991K, committed 1024K, reserved 1048576K
}
Event: 0.372 GC heap after
{Heap after GC invocations=7 (full 0):
 garbage-first heap   total 10240K, used 4228K [0x0000000081600000, 0x0000000100000000)
  region size 1024K, 1 young (1024K), 1 survivors (1024K)
 Metaspace       used 8816K, committed 8960K, reserved 1114112K
  class space    used 991K, committed 1024K, reserved 1048576K
}
Event: 0.377 GC heap before
{Heap before GC invocations=7 (full 0):
 garbage-first heap   total 10240K, used 5252K [0x0000000081600000, 0x0000000100000000)
  region size 1024K, 2 young (2048K), 1 survivors (1024K)
 Metaspace       used 8831K, committed 8960K, reserved 1114112K
  class space    used 991K, committed 1024K, reserved 1048576K
}
Event: 0.377 GC heap after
{Heap after GC invocations=8 (full 0):
 garbage-first heap   total 10240K, used 4265K [0x0000000081600000, 0x0000000100000000)
  region size 1024K, 1 young (1024K), 1 survivors (1024K)
 Metaspace       used 8831K, committed 8960K, reserved 1114112K
  class space    used 991K, committed 1024K, reserved 1048576K
}
Event: 0.389 GC heap before
{Heap before GC invocations=8 (full 0):
 garbage-first heap   total 10240K, used 5289K [0x0000000081600000, 0x0000000100000000)
  region size 1024K, 2 young (2048K), 1 survivors (1024K)
 Metaspace       used 8911K, committed 9088K, reserved 1114112K
  class space    used 999K, committed 1088K, reserved 1048576K
}
Event: 0.390 GC heap after
{Heap after GC invocations=9 (full 0):
 garbage-first heap   total 19456K, used 4364K [0x0000000081600000, 0x0000000100000000)
  region size 1024K, 1 young (1024K), 1 survivors (1024K)
 Metaspace       used 8911K, committed 9088K, reserved 1114112K
  class space    used 999K, committed 1088K, reserved 1048576K
}
Event: 0.424 GC heap before
{Heap before GC invocations=9 (full 0):
 garbage-first heap   total 19456K, used 10508K [0x0000000081600000, 0x0000000100000000)
  region size 1024K, 7 young (7168K), 1 survivors (1024K)
 Metaspace       used 9051K, committed 9216K, reserved 1114112K
  class space    used 1013K, committed 1088K, reserved 1048576K
}
Event: 0.427 GC heap after
{Heap after GC invocations=10 (full 0):
 garbage-first heap   total 19456K, used 5237K [0x0000000081600000, 0x0000000100000000)
  region size 1024K, 1 young (1024K), 1 survivors (1024K)
 Metaspace       used 9051K, committed 9216K, reserved 1114112K
  class space    used 1013K, committed 1088K, reserved 1048576K
}
Event: 0.448 GC heap before
{Heap before GC invocations=10 (full 0):
 garbage-first heap   total 19456K, used 10357K [0x0000000081600000, 0x0000000100000000)
  region size 1024K, 7 young (7168K), 1 survivors (1024K)
 Metaspace       used 9120K, committed 9280K, reserved 1114112K
  class space    used 1015K, committed 1088K, reserved 1048576K
}
Event: 0.452 GC heap after
{Heap after GC invocations=11 (full 0):
 garbage-first heap   total 19456K, used 7017K [0x0000000081600000, 0x0000000100000000)
  region size 1024K, 1 young (1024K), 1 survivors (1024K)
 Metaspace       used 9120K, committed 9280K, reserved 1114112K
  class space    used 1015K, committed 1088K, reserved 1048576K
}

