# JRE version: OpenJDK Runtime Environment Zulu19.32+15-CA (19.0.2+7) (build 19.0.2+7)
# Java VM: OpenJDK 64-Bit Server VM Zulu19.32+15-CA (19.0.2+7, mixed mode, sharing, tiered, compressed oops, compressed class ptrs, g1 gc, windows-amd64)
GC Precious Log:
 CardTable entry size: 512
 Card Set container configuration: InlinePtr #cards 5 size 8 Array Of Cards #cards 12 size 40 Howl #buckets 4 coarsen threshold 1843 Howl Bitmap #cards 512 size 80 coarsen threshold 460 Card regions per heap region 1 cards per card region 2048
 CPUs: 12 total, 12 available
 Memory: 8099M
 Large Page Support: Disabled
 NUMA Support: Disabled
 Compressed Oops: Enabled (32-bit)
 Heap Region Size: 1M
 Heap Min Capacity: 8M
 Heap Initial Capacity: 128M
 Heap Max Capacity: 2026M
 Pre-touch: Disabled
 Parallel Workers: 10
 Concurrent Workers: 3
 Concurrent Refinement Workers: 10
 Periodic GC: Disabled
Heap:
 garbage-first heap   total 368640K, used 23241K [0x0000000081600000, 0x0000000100000000)
  region size 1024K, 3 young (3072K), 3 survivors (3072K)
 Metaspace       used 13992K, committed 14336K, reserved 1114112K
  class space    used 1818K, committed 1984K, reserved 1048576K
GC Heap History (20 events):
Event: 7.422 GC heap after
{Heap after GC invocations=7 (full 0):
 garbage-first heap   total 131072K, used 23688K [0x0000000081600000, 0x0000000100000000)
  region size 1024K, 4 young (4096K), 4 survivors (4096K)
 Metaspace       used 13972K, committed 14336K, reserved 1114112K
  class space    used 1818K, committed 1984K, reserved 1048576K
}
Event: 7.446 GC heap before
{Heap before GC invocations=7 (full 0):
 garbage-first heap   total 131072K, used 97416K [0x0000000081600000, 0x0000000100000000)
  region size 1024K, 76 young (77824K), 4 survivors (4096K)
 Metaspace       used 13992K, committed 14336K, reserved 1114112K
  class space    used 1818K, committed 1984K, reserved 1048576K
}
Event: 7.449 GC heap after
{Heap after GC invocations=8 (full 0):
 garbage-first heap   total 262144K, used 23048K [0x0000000081600000, 0x0000000100000000)
  region size 1024K, 4 young (4096K), 4 survivors (4096K)
 Metaspace       used 13992K, committed 14336K, reserved 1114112K
  class space    used 1818K, committed 1984K, reserved 1048576K
}
Event: 7.515 GC heap before
{Heap before GC invocations=8 (full 0):
 garbage-first heap   total 262144K, used 175624K [0x0000000081600000, 0x0000000100000000)
  region size 1024K, 153 young (156672K), 4 survivors (4096K)
 Metaspace       used 13992K, committed 14336K, reserved 1114112K
  class space    used 1818K, committed 1984K, reserved 1048576K
}
Event: 7.517 GC heap after
{Heap after GC invocations=9 (full 0):
 garbage-first heap   total 262144K, used 23565K [0x0000000081600000, 0x0000000100000000)
  region size 1024K, 4 young (4096K), 4 survivors (4096K)
 Metaspace       used 13992K, committed 14336K, reserved 1114112K
  class space    used 1818K, committed 1984K, reserved 1048576K
}
Event: 7.556 GC heap before
{Heap before GC invocations=9 (full 0):
 garbage-first heap   total 262144K, used 176141K [0x0000000081600000, 0x0000000100000000)
  region size 1024K, 153 young (156672K), 4 survivors (4096K)
 Metaspace       used 13992K, committed 14336K, reserved 1114112K
  class space    used 1818K, committed 1984K, reserved 1048576K
}
Event: 7.558 GC heap after
{Heap after GC invocations=10 (full 0):
 garbage-first heap   total 262144K, used 23554K [0x0000000081600000, 0x0000000100000000)
  region size 1024K, 4 young (4096K), 4 survivors (4096K)
 Metaspace       used 13992K, committed 14336K, reserved 1114112K
  class space    used 1818K, committed 1984K, reserved 1048576K
}
Event: 7.591 GC heap before
{Heap before GC invocations=10 (full 0):
 garbage-first heap   total 262144K, used 176130K [0x0000000081600000, 0x0000000100000000)
  region size 1024K, 153 young (156672K), 4 survivors (4096K)
 Metaspace       used 13992K, committed 14336K, reserved 1114112K
  class space    used 1818K, committed 1984K, reserved 1048576K
}
Event: 7.592 GC heap after
{Heap after GC invocations=11 (full 0):
 garbage-first heap   total 262144K, used 23568K [0x0000000081600000, 0x0000000100000000)
  region size 1024K, 4 young (4096K), 4 survivors (4096K)
 Metaspace       used 13992K, committed 14336K, reserved 1114112K
  class space    used 1818K, committed 1984K, reserved 1048576K
}
Event: 7.625 GC heap before
{Heap before GC invocations=11 (full 0):
 garbage-first heap   total 262144K, used 176144K [0x0000000081600000, 0x0000000100000000)
  region size 1024K, 153 young (156672K), 4 survivors (4096K)
 Metaspace       used 13992K, committed 14336K, reserved 1114112K
  class space    used 1818K, committed 1984K, reserved 1048576K
}
Event: 7.628 GC heap after
{Heap after GC invocations=12 (full 0):
 garbage-first heap   total 368640K, used 23533K [0x0000000081600000, 0x0000000100000000)
  region size 1024K, 4 young (4096K), 4 survivors (4096K)
 Metaspace       used 13992K, committed 14336K, reserved 1114112K
  class space    used 1818K, committed 1984K, reserved 1048576K
}
Event: 7.696 GC heap before
{Heap before GC invocations=12 (full 0):
 garbage-first heap   total 368640K, used 240621K [0x0000000081600000, 0x0000000100000000)
  region size 1024K, 216 young (221184K), 4 survivors (4096K)
 Metaspace       used 13992K, committed 14336K, reserved 1114112K
  class space    used 1818K, committed 1984K, reserved 1048576K
}
Event: 7.697 GC heap after
{Heap after GC invocations=13 (full 0):
 garbage-first heap   total 368640K, used 23041K [0x0000000081600000, 0x0000000100000000)
  region size 1024K, 4 young (4096K), 4 survivors (4096K)
 Metaspace       used 13992K, committed 14336K, reserved 1114112K
  class space    used 1818K, committed 1984K, reserved 1048576K
}
Event: 7.747 GC heap before
{Heap before GC invocations=13 (full 0):
 garbage-first heap   total 368640K, used 240129K [0x0000000081600000, 0x0000000100000000)
  region size 1024K, 216 young (221184K), 4 survivors (4096K)
 Metaspace       used 13992K, committed 14336K, reserved 1114112K
  class space    used 1818K, committed 1984K, reserved 1048576K
}
Event: 7.748 GC heap after
{Heap after GC invocations=14 (full 0):
 garbage-first heap   total 368640K, used 23628K [0x0000000081600000, 0x0000000100000000)
  region size 1024K, 4 young (4096K), 4 survivors (4096K)
 Metaspace       used 13992K, committed 14336K, reserved 1114112K
  class space    used 1818K, committed 1984K, reserved 1048576K
}
Event: 7.801 GC heap before
{Heap before GC invocations=14 (full 0):
 garbage-first heap   total 368640K, used 240716K [0x0000000081600000, 0x0000000100000000)
  region size 1024K, 216 young (221184K), 4 survivors (4096K)
 Metaspace       used 13992K, committed 14336K, reserved 1114112K
  class space    used 1818K, committed 1984K, reserved 1048576K
}
Event: 7.803 GC heap after
{Heap after GC invocations=15 (full 0):
 garbage-first heap   total 368640K, used 23646K [0x0000000081600000, 0x0000000100000000)
  region size 1024K, 4 young (4096K), 4 survivors (4096K)
 Metaspace       used 13992K, committed 14336K, reserved 1114112K
  class space    used 1818K, committed 1984K, reserved 1048576K
}
Event: 7.859 GC heap before
{Heap before GC invocations=15 (full 0):
 garbage-first heap   total 368640K, used 240734K [0x0000000081600000, 0x0000000100000000)
  region size 1024K, 216 young (221184K), 4 survivors (4096K)
 Metaspace       used 13992K, committed 14336K, reserved 1114112K
  class space    used 1818K, committed 1984K, reserved 1048576K
}
Event: 7.861 GC heap after
{Heap after GC invocations=16 (full 0):
 garbage-first heap   total 368640K, used 23567K [0x0000000081600000, 0x0000000100000000)
  region size 1024K, 4 young (4096K), 4 survivors (4096K)
 Metaspace       used 13992K, committed 14336K, reserved 1114112K
  class space    used 1818K, committed 1984K, reserved 1048576K
}
Event: 7.911 GC heap before
{Heap before GC invocations=16 (full 0):
 garbage-first heap   total 368640K, used 240655K [0x0000000081600000, 0x0000000100000000)
  region size 1024K, 216 young (221184K), 4 survivors (4096K)
 Metaspace       used 13992K, committed 14336K, reserved 1114112K
  class space    used 1818K, committed 1984K, reserved 1048576K
}

