# JRE version: OpenJDK Runtime Environment Zulu19.32+15-CA (19.0.2+7) (build 19.0.2+7)
# Java VM: OpenJDK 64-Bit Server VM Zulu19.32+15-CA (19.0.2+7, mixed mode, sharing, tiered, compressed oops, compressed class ptrs, g1 gc, windows-amd64)
GC Precious Log:
 CardTable entry size: 512
 Card Set container configuration: InlinePtr #cards 5 size 8 Array Of Cards #cards 12 size 40 Howl #buckets 4 coarsen threshold 1843 Howl Bitmap #cards 512 size 80 coarsen threshold 460 Card regions per heap region 1 cards per card region 2048
 CPUs: 12 total, 12 available
 Memory: 8099M
 Large Page Support: Disabled
 NUMA Support: Disabled
 Compressed Oops: Enabled (32-bit)
 Heap Region Size: 1M
 Heap Min Capacity: 8M
 Heap Initial Capacity: 128M
 Heap Max Capacity: 2026M
 Pre-touch: Disabled
 Parallel Workers: 10
 Concurrent Workers: 3
 Concurrent Refinement Workers: 10
 Periodic GC: Disabled
Heap:
 garbage-first heap   total 262144K, used 24157K [0x0000000081600000, 0x0000000100000000)
  region size 1024K, 4 young (4096K), 4 survivors (4096K)
 Metaspace       used 14837K, committed 15168K, reserved 1114112K
  class space    used 1929K, committed 2112K, reserved 1048576K
GC Heap History (20 events):
Event: 7.150 GC heap after
{Heap after GC invocations=3 (full 0):
 garbage-first heap   total 131072K, used 20999K [0x0000000081600000, 0x0000000100000000)
  region size 1024K, 6 young (6144K), 6 survivors (6144K)
 Metaspace       used 14608K, committed 14912K, reserved 1114112K
  class space    used 1926K, committed 2112K, reserved 1048576K
}
Event: 8.001 GC heap before
{Heap before GC invocations=3 (full 0):
 garbage-first heap   total 131072K, used 93703K [0x0000000081600000, 0x0000000100000000)
  region size 1024K, 76 young (77824K), 6 survivors (6144K)
 Metaspace       used 14701K, committed 15040K, reserved 1114112K
  class space    used 1927K, committed 2112K, reserved 1048576K
}
Event: 8.004 GC heap after
{Heap after GC invocations=4 (full 0):
 garbage-first heap   total 131072K, used 23821K [0x0000000081600000, 0x0000000100000000)
  region size 1024K, 4 young (4096K), 4 survivors (4096K)
 Metaspace       used 14701K, committed 15040K, reserved 1114112K
  class space    used 1927K, committed 2112K, reserved 1048576K
}
Event: 8.021 GC heap before
{Heap before GC invocations=4 (full 0):
 garbage-first heap   total 131072K, used 97549K [0x0000000081600000, 0x0000000100000000)
  region size 1024K, 76 young (77824K), 4 survivors (4096K)
 Metaspace       used 14716K, committed 15104K, reserved 1114112K
  class space    used 1927K, committed 2112K, reserved 1048576K
}
Event: 8.022 GC heap after
{Heap after GC invocations=5 (full 0):
 garbage-first heap   total 131072K, used 23381K [0x0000000081600000, 0x0000000100000000)
  region size 1024K, 3 young (3072K), 3 survivors (3072K)
 Metaspace       used 14716K, committed 15104K, reserved 1114112K
  class space    used 1927K, committed 2112K, reserved 1048576K
}
Event: 8.038 GC heap before
{Heap before GC invocations=5 (full 0):
 garbage-first heap   total 131072K, used 98133K [0x0000000081600000, 0x0000000100000000)
  region size 1024K, 76 young (77824K), 3 survivors (3072K)
 Metaspace       used 14732K, committed 15104K, reserved 1114112K
  class space    used 1927K, committed 2112K, reserved 1048576K
}
Event: 8.039 GC heap after
{Heap after GC invocations=6 (full 0):
 garbage-first heap   total 131072K, used 23202K [0x0000000081600000, 0x0000000100000000)
  region size 1024K, 3 young (3072K), 3 survivors (3072K)
 Metaspace       used 14732K, committed 15104K, reserved 1114112K
  class space    used 1927K, committed 2112K, reserved 1048576K
}
Event: 8.056 GC heap before
{Heap before GC invocations=6 (full 0):
 garbage-first heap   total 131072K, used 96930K [0x0000000081600000, 0x0000000100000000)
  region size 1024K, 76 young (77824K), 3 survivors (3072K)
 Metaspace       used 14766K, committed 15104K, reserved 1114112K
  class space    used 1927K, committed 2112K, reserved 1048576K
}
Event: 8.057 GC heap after
{Heap after GC invocations=7 (full 0):
 garbage-first heap   total 131072K, used 23580K [0x0000000081600000, 0x0000000100000000)
  region size 1024K, 4 young (4096K), 4 survivors (4096K)
 Metaspace       used 14766K, committed 15104K, reserved 1114112K
  class space    used 1927K, committed 2112K, reserved 1048576K
}
Event: 8.073 GC heap before
{Heap before GC invocations=7 (full 0):
 garbage-first heap   total 131072K, used 97308K [0x0000000081600000, 0x0000000100000000)
  region size 1024K, 76 young (77824K), 4 survivors (4096K)
 Metaspace       used 14784K, committed 15168K, reserved 1114112K
  class space    used 1927K, committed 2112K, reserved 1048576K
}
Event: 8.075 GC heap after
{Heap after GC invocations=8 (full 0):
 garbage-first heap   total 131072K, used 24265K [0x0000000081600000, 0x0000000100000000)
  region size 1024K, 4 young (4096K), 4 survivors (4096K)
 Metaspace       used 14784K, committed 15168K, reserved 1114112K
  class space    used 1927K, committed 2112K, reserved 1048576K
}
Event: 8.094 GC heap before
{Heap before GC invocations=8 (full 0):
 garbage-first heap   total 131072K, used 97993K [0x0000000081600000, 0x0000000100000000)
  region size 1024K, 76 young (77824K), 4 survivors (4096K)
 Metaspace       used 14796K, committed 15168K, reserved 1114112K
  class space    used 1928K, committed 2112K, reserved 1048576K
}
Event: 8.098 GC heap after
{Heap after GC invocations=9 (full 0):
 garbage-first heap   total 262144K, used 23992K [0x0000000081600000, 0x0000000100000000)
  region size 1024K, 4 young (4096K), 4 survivors (4096K)
 Metaspace       used 14796K, committed 15168K, reserved 1114112K
  class space    used 1928K, committed 2112K, reserved 1048576K
}
Event: 8.157 GC heap before
{Heap before GC invocations=9 (full 0):
 garbage-first heap   total 262144K, used 176568K [0x0000000081600000, 0x0000000100000000)
  region size 1024K, 153 young (156672K), 4 survivors (4096K)
 Metaspace       used 14830K, committed 15168K, reserved 1114112K
  class space    used 1929K, committed 2112K, reserved 1048576K
}
Event: 8.160 GC heap after
{Heap after GC invocations=10 (full 0):
 garbage-first heap   total 262144K, used 24453K [0x0000000081600000, 0x0000000100000000)
  region size 1024K, 4 young (4096K), 4 survivors (4096K)
 Metaspace       used 14830K, committed 15168K, reserved 1114112K
  class space    used 1929K, committed 2112K, reserved 1048576K
}
Event: 8.199 GC heap before
{Heap before GC invocations=10 (full 0):
 garbage-first heap   total 262144K, used 177029K [0x0000000081600000, 0x0000000100000000)
  region size 1024K, 153 young (156672K), 4 survivors (4096K)
 Metaspace       used 14830K, committed 15168K, reserved 1114112K
  class space    used 1929K, committed 2112K, reserved 1048576K
}
Event: 8.202 GC heap after
{Heap after GC invocations=11 (full 0):
 garbage-first heap   total 262144K, used 24692K [0x0000000081600000, 0x0000000100000000)
  region size 1024K, 5 young (5120K), 5 survivors (5120K)
 Metaspace       used 14830K, committed 15168K, reserved 1114112K
  class space    used 1929K, committed 2112K, reserved 1048576K
}
Event: 8.241 GC heap before
{Heap before GC invocations=11 (full 0):
 garbage-first heap   total 262144K, used 176244K [0x0000000081600000, 0x0000000100000000)
  region size 1024K, 153 young (156672K), 5 survivors (5120K)
 Metaspace       used 14837K, committed 15168K, reserved 1114112K
  class space    used 1929K, committed 2112K, reserved 1048576K
}
Event: 8.243 GC heap after
{Heap after GC invocations=12 (full 0):
 garbage-first heap   total 262144K, used 24212K [0x0000000081600000, 0x0000000100000000)
  region size 1024K, 4 young (4096K), 4 survivors (4096K)
 Metaspace       used 14837K, committed 15168K, reserved 1114112K
  class space    used 1929K, committed 2112K, reserved 1048576K
}
Event: 8.279 GC heap before
{Heap before GC invocations=12 (full 0):
 garbage-first heap   total 262144K, used 176788K [0x0000000081600000, 0x0000000100000000)
  region size 1024K, 153 young (156672K), 4 survivors (4096K)
 Metaspace       used 14837K, committed 15168K, reserved 1114112K
  class space    used 1929K, committed 2112K, reserved 1048576K
}

