# JRE version: OpenJDK Runtime Environment Zulu19.32+15-CA (19.0.2+7) (build 19.0.2+7)
# Java VM: OpenJDK 64-Bit Server VM Zulu19.32+15-CA (19.0.2+7, mixed mode, sharing, tiered, compressed oops, compressed class ptrs, g1 gc, windows-amd64)
GC Precious Log:
 CardTable entry size: 512
 Card Set container configuration: InlinePtr #cards 5 size 8 Array Of Cards #cards 12 size 40 Howl #buckets 4 coarsen threshold 1843 Howl Bitmap #cards 512 size 80 coarsen threshold 460 Card regions per heap region 1 cards per card region 2048
 CPUs: 12 total, 12 available
 Memory: 8099M
 Large Page Support: Disabled
 NUMA Support: Disabled
 Compressed Oops: Enabled (32-bit)
 Heap Region Size: 1M
 Heap Min Capacity: 8M
 Heap Initial Capacity: 8M
 Heap Max Capacity: 2026M
 Pre-touch: Disabled
 Parallel Workers: 10
 Concurrent Workers: 3
 Concurrent Refinement Workers: 10
 Periodic GC: Disabled
Heap:
 garbage-first heap   total 40960K, used 20974K [0x0000000081600000, 0x0000000100000000)
  region size 1024K, 14 young (14336K), 1 survivors (1024K)
 Metaspace       used 10625K, committed 10752K, reserved 1114112K
  class space    used 1170K, committed 1216K, reserved 1048576K
GC Heap History (20 events):
Event: 0.272 GC heap before
{Heap before GC invocations=3 (full 0):
 garbage-first heap   total 8192K, used 3170K [0x0000000081600000, 0x0000000100000000)
  region size 1024K, 2 young (2048K), 1 survivors (1024K)
 Metaspace       used 7776K, committed 7872K, reserved 1114112K
  class space    used 865K, committed 896K, reserved 1048576K
}
Event: 0.273 GC heap after
{Heap after GC invocations=4 (full 0):
 garbage-first heap   total 8192K, used 2440K [0x0000000081600000, 0x0000000100000000)
  region size 1024K, 1 young (1024K), 1 survivors (1024K)
 Metaspace       used 7776K, committed 7872K, reserved 1114112K
  class space    used 865K, committed 896K, reserved 1048576K
}
Event: 0.294 GC heap before
{Heap before GC invocations=4 (full 0):
 garbage-first heap   total 8192K, used 3464K [0x0000000081600000, 0x0000000100000000)
  region size 1024K, 2 young (2048K), 1 survivors (1024K)
 Metaspace       used 8056K, committed 8256K, reserved 1114112K
  class space    used 897K, committed 1024K, reserved 1048576K
}
Event: 0.295 GC heap after
{Heap after GC invocations=5 (full 0):
 garbage-first heap   total 10240K, used 2773K [0x0000000081600000, 0x0000000100000000)
  region size 1024K, 1 young (1024K), 1 survivors (1024K)
 Metaspace       used 8056K, committed 8256K, reserved 1114112K
  class space    used 897K, committed 1024K, reserved 1048576K
}
Event: 0.333 GC heap before
{Heap before GC invocations=5 (full 0):
 garbage-first heap   total 10240K, used 4821K [0x0000000081600000, 0x0000000100000000)
  region size 1024K, 3 young (3072K), 1 survivors (1024K)
 Metaspace       used 8609K, committed 8768K, reserved 1114112K
  class space    used 966K, committed 1024K, reserved 1048576K
}
Event: 0.335 GC heap after
{Heap after GC invocations=6 (full 0):
 garbage-first heap   total 10240K, used 3782K [0x0000000081600000, 0x0000000100000000)
  region size 1024K, 1 young (1024K), 1 survivors (1024K)
 Metaspace       used 8609K, committed 8768K, reserved 1114112K
  class space    used 966K, committed 1024K, reserved 1048576K
}
Event: 0.361 GC heap before
{Heap before GC invocations=6 (full 0):
 garbage-first heap   total 10240K, used 5830K [0x0000000081600000, 0x0000000100000000)
  region size 1024K, 3 young (3072K), 1 survivors (1024K)
 Metaspace       used 8808K, committed 8960K, reserved 1114112K
  class space    used 988K, committed 1024K, reserved 1048576K
}
Event: 0.364 GC heap after
{Heap after GC invocations=7 (full 0):
 garbage-first heap   total 10240K, used 4282K [0x0000000081600000, 0x0000000100000000)
  region size 1024K, 1 young (1024K), 1 survivors (1024K)
 Metaspace       used 8808K, committed 8960K, reserved 1114112K
  class space    used 988K, committed 1024K, reserved 1048576K
}
Event: 0.368 GC heap before
{Heap before GC invocations=7 (full 0):
 garbage-first heap   total 10240K, used 5306K [0x0000000081600000, 0x0000000100000000)
  region size 1024K, 2 young (2048K), 1 survivors (1024K)
 Metaspace       used 8833K, committed 8960K, reserved 1114112K
  class space    used 988K, committed 1024K, reserved 1048576K
}
Event: 0.369 GC heap after
{Heap after GC invocations=8 (full 0):
 garbage-first heap   total 10240K, used 4286K [0x0000000081600000, 0x0000000100000000)
  region size 1024K, 1 young (1024K), 1 survivors (1024K)
 Metaspace       used 8833K, committed 8960K, reserved 1114112K
  class space    used 988K, committed 1024K, reserved 1048576K
}
Event: 0.382 GC heap before
{Heap before GC invocations=8 (full 0):
 garbage-first heap   total 10240K, used 5310K [0x0000000081600000, 0x0000000100000000)
  region size 1024K, 2 young (2048K), 1 survivors (1024K)
 Metaspace       used 8904K, committed 9088K, reserved 1114112K
  class space    used 997K, committed 1088K, reserved 1048576K
}
Event: 0.383 GC heap after
{Heap after GC invocations=9 (full 0):
 garbage-first heap   total 20480K, used 4380K [0x0000000081600000, 0x0000000100000000)
  region size 1024K, 1 young (1024K), 1 survivors (1024K)
 Metaspace       used 8904K, committed 9088K, reserved 1114112K
  class space    used 997K, committed 1088K, reserved 1048576K
}
Event: 0.416 GC heap before
{Heap before GC invocations=9 (full 0):
 garbage-first heap   total 20480K, used 11548K [0x0000000081600000, 0x0000000100000000)
  region size 1024K, 8 young (8192K), 1 survivors (1024K)
 Metaspace       used 9042K, committed 9216K, reserved 1114112K
  class space    used 1011K, committed 1088K, reserved 1048576K
}
Event: 0.418 GC heap after
{Heap after GC invocations=10 (full 0):
 garbage-first heap   total 20480K, used 5383K [0x0000000081600000, 0x0000000100000000)
  region size 1024K, 1 young (1024K), 1 survivors (1024K)
 Metaspace       used 9042K, committed 9216K, reserved 1114112K
  class space    used 1011K, committed 1088K, reserved 1048576K
}
Event: 0.474 GC heap before
{Heap before GC invocations=10 (full 0):
 garbage-first heap   total 20480K, used 11527K [0x0000000081600000, 0x0000000100000000)
  region size 1024K, 8 young (8192K), 1 survivors (1024K)
 Metaspace       used 9275K, committed 9472K, reserved 1114112K
  class space    used 1019K, committed 1088K, reserved 1048576K
}
Event: 0.478 GC heap after
{Heap after GC invocations=11 (full 0):
 garbage-first heap   total 20480K, used 7322K [0x0000000081600000, 0x0000000100000000)
  region size 1024K, 1 young (1024K), 1 survivors (1024K)
 Metaspace       used 9275K, committed 9472K, reserved 1114112K
  class space    used 1019K, committed 1088K, reserved 1048576K
}
Event: 0.488 GC heap before
{Heap before GC invocations=11 (full 0):
 garbage-first heap   total 20480K, used 12442K [0x0000000081600000, 0x0000000100000000)
  region size 1024K, 6 young (6144K), 1 survivors (1024K)
 Metaspace       used 9280K, committed 9472K, reserved 1114112K
  class space    used 1020K, committed 1088K, reserved 1048576K
}
Event: 0.491 GC heap after
{Heap after GC invocations=12 (full 0):
 garbage-first heap   total 20480K, used 7947K [0x0000000081600000, 0x0000000100000000)
  region size 1024K, 1 young (1024K), 1 survivors (1024K)
 Metaspace       used 9280K, committed 9472K, reserved 1114112K
  class space    used 1020K, committed 1088K, reserved 1048576K
}
Event: 0.502 GC heap before
{Heap before GC invocations=12 (full 0):
 garbage-first heap   total 20480K, used 13067K [0x0000000081600000, 0x0000000100000000)
  region size 1024K, 6 young (6144K), 1 survivors (1024K)
 Metaspace       used 9303K, committed 9472K, reserved 1114112K
  class space    used 1020K, committed 1088K, reserved 1048576K
}
Event: 0.505 GC heap after
{Heap after GC invocations=13 (full 0):
 garbage-first heap   total 40960K, used 8686K [0x0000000081600000, 0x0000000100000000)
  region size 1024K, 1 young (1024K), 1 survivors (1024K)
 Metaspace       used 9303K, committed 9472K, reserved 1114112K
  class space    used 1020K, committed 1088K, reserved 1048576K
}

