# JRE version: OpenJDK Runtime Environment Zulu19.32+15-CA (19.0.2+7) (build 19.0.2+7)
# Java VM: OpenJDK 64-Bit Server VM Zulu19.32+15-CA (19.0.2+7, mixed mode, sharing, tiered, compressed oops, compressed class ptrs, g1 gc, windows-amd64)
GC Precious Log:
 CardTable entry size: 512
 Card Set container configuration: InlinePtr #cards 5 size 8 Array Of Cards #cards 12 size 40 Howl #buckets 4 coarsen threshold 1843 Howl Bitmap #cards 512 size 80 coarsen threshold 460 Card regions per heap region 1 cards per card region 2048
 CPUs: 12 total, 12 available
 Memory: 8099M
 Large Page Support: Disabled
 NUMA Support: Disabled
 Compressed Oops: Enabled (32-bit)
 Heap Region Size: 1M
 Heap Min Capacity: 8M
 Heap Initial Capacity: 128M
 Heap Max Capacity: 2026M
 Pre-touch: Disabled
 Parallel Workers: 10
 Concurrent Workers: 3
 Concurrent Refinement Workers: 10
 Periodic GC: Disabled
Heap:
 garbage-first heap   total 256000K, used 23555K [0x0000000081600000, 0x0000000100000000)
  region size 1024K, 4 young (4096K), 4 survivors (4096K)
 Metaspace       used 14277K, committed 14592K, reserved 1114112K
  class space    used 1819K, committed 1984K, reserved 1048576K
GC Heap History (20 events):
Event: 10.881 GC heap after
{Heap after GC invocations=3 (full 0):
 garbage-first heap   total 131072K, used 19718K [0x0000000081600000, 0x0000000100000000)
  region size 1024K, 1 young (1024K), 1 survivors (1024K)
 Metaspace       used 14023K, committed 14336K, reserved 1114112K
  class space    used 1819K, committed 1984K, reserved 1048576K
}
Event: 17.249 GC heap before
{Heap before GC invocations=3 (full 0):
 garbage-first heap   total 131072K, used 103686K [0x0000000081600000, 0x0000000100000000)
  region size 1024K, 76 young (77824K), 1 survivors (1024K)
 Metaspace       used 14180K, committed 14528K, reserved 1114112K
  class space    used 1819K, committed 1984K, reserved 1048576K
}
Event: 17.251 GC heap after
{Heap after GC invocations=4 (full 0):
 garbage-first heap   total 131072K, used 28937K [0x0000000081600000, 0x0000000100000000)
  region size 1024K, 2 young (2048K), 2 survivors (2048K)
 Metaspace       used 14180K, committed 14528K, reserved 1114112K
  class space    used 1819K, committed 1984K, reserved 1048576K
}
Event: 17.272 GC heap before
{Heap before GC invocations=4 (full 0):
 garbage-first heap   total 131072K, used 104713K [0x0000000081600000, 0x0000000100000000)
  region size 1024K, 75 young (76800K), 2 survivors (2048K)
 Metaspace       used 14189K, committed 14528K, reserved 1114112K
  class space    used 1819K, committed 1984K, reserved 1048576K
}
Event: 17.274 GC heap after
{Heap after GC invocations=5 (full 0):
 garbage-first heap   total 131072K, used 30925K [0x0000000081600000, 0x0000000100000000)
  region size 1024K, 3 young (3072K), 3 survivors (3072K)
 Metaspace       used 14189K, committed 14528K, reserved 1114112K
  class space    used 1819K, committed 1984K, reserved 1048576K
}
Event: 17.294 GC heap before
{Heap before GC invocations=5 (full 0):
 garbage-first heap   total 131072K, used 105677K [0x0000000081600000, 0x0000000100000000)
  region size 1024K, 76 young (77824K), 3 survivors (3072K)
 Metaspace       used 14222K, committed 14592K, reserved 1114112K
  class space    used 1819K, committed 1984K, reserved 1048576K
}
Event: 17.296 GC heap after
{Heap after GC invocations=6 (full 0):
 garbage-first heap   total 131072K, used 30610K [0x0000000081600000, 0x0000000100000000)
  region size 1024K, 3 young (3072K), 3 survivors (3072K)
 Metaspace       used 14222K, committed 14592K, reserved 1114112K
  class space    used 1819K, committed 1984K, reserved 1048576K
}
Event: 17.316 GC heap before
{Heap before GC invocations=6 (full 0):
 garbage-first heap   total 131072K, used 105362K [0x0000000081600000, 0x0000000100000000)
  region size 1024K, 76 young (77824K), 3 survivors (3072K)
 Metaspace       used 14237K, committed 14592K, reserved 1114112K
  class space    used 1819K, committed 1984K, reserved 1048576K
}
Event: 17.318 GC heap after
{Heap after GC invocations=7 (full 0):
 garbage-first heap   total 131072K, used 31736K [0x0000000081600000, 0x0000000100000000)
  region size 1024K, 4 young (4096K), 4 survivors (4096K)
 Metaspace       used 14237K, committed 14592K, reserved 1114112K
  class space    used 1819K, committed 1984K, reserved 1048576K
}
Event: 17.345 GC heap before
{Heap before GC invocations=7 (full 0):
 garbage-first heap   total 131072K, used 105464K [0x0000000081600000, 0x0000000100000000)
  region size 1024K, 76 young (77824K), 4 survivors (4096K)
 Metaspace       used 14276K, committed 14592K, reserved 1114112K
  class space    used 1819K, committed 1984K, reserved 1048576K
}
Event: 17.348 GC heap after
{Heap after GC invocations=8 (full 0):
 garbage-first heap   total 131072K, used 23003K [0x0000000081600000, 0x0000000100000000)
  region size 1024K, 4 young (4096K), 4 survivors (4096K)
 Metaspace       used 14276K, committed 14592K, reserved 1114112K
  class space    used 1819K, committed 1984K, reserved 1048576K
}
Event: 17.372 GC heap before
{Heap before GC invocations=8 (full 0):
 garbage-first heap   total 131072K, used 96731K [0x0000000081600000, 0x0000000100000000)
  region size 1024K, 76 young (77824K), 4 survivors (4096K)
 Metaspace       used 14277K, committed 14592K, reserved 1114112K
  class space    used 1819K, committed 1984K, reserved 1048576K
}
Event: 17.375 GC heap after
{Heap after GC invocations=9 (full 0):
 garbage-first heap   total 256000K, used 23725K [0x0000000081600000, 0x0000000100000000)
  region size 1024K, 4 young (4096K), 4 survivors (4096K)
 Metaspace       used 14277K, committed 14592K, reserved 1114112K
  class space    used 1819K, committed 1984K, reserved 1048576K
}
Event: 17.432 GC heap before
{Heap before GC invocations=9 (full 0):
 garbage-first heap   total 256000K, used 173229K [0x0000000081600000, 0x0000000100000000)
  region size 1024K, 150 young (153600K), 4 survivors (4096K)
 Metaspace       used 14277K, committed 14592K, reserved 1114112K
  class space    used 1819K, committed 1984K, reserved 1048576K
}
Event: 17.433 GC heap after
{Heap after GC invocations=10 (full 0):
 garbage-first heap   total 256000K, used 23097K [0x0000000081600000, 0x0000000100000000)
  region size 1024K, 4 young (4096K), 4 survivors (4096K)
 Metaspace       used 14277K, committed 14592K, reserved 1114112K
  class space    used 1819K, committed 1984K, reserved 1048576K
}
Event: 17.466 GC heap before
{Heap before GC invocations=10 (full 0):
 garbage-first heap   total 256000K, used 172601K [0x0000000081600000, 0x0000000100000000)
  region size 1024K, 150 young (153600K), 4 survivors (4096K)
 Metaspace       used 14277K, committed 14592K, reserved 1114112K
  class space    used 1819K, committed 1984K, reserved 1048576K
}
Event: 17.468 GC heap after
{Heap after GC invocations=11 (full 0):
 garbage-first heap   total 256000K, used 23532K [0x0000000081600000, 0x0000000100000000)
  region size 1024K, 4 young (4096K), 4 survivors (4096K)
 Metaspace       used 14277K, committed 14592K, reserved 1114112K
  class space    used 1819K, committed 1984K, reserved 1048576K
}
Event: 17.492 GC heap before
{Heap before GC invocations=11 (full 0):
 garbage-first heap   total 256000K, used 173036K [0x0000000081600000, 0x0000000100000000)
  region size 1024K, 150 young (153600K), 4 survivors (4096K)
 Metaspace       used 14277K, committed 14592K, reserved 1114112K
  class space    used 1819K, committed 1984K, reserved 1048576K
}
Event: 17.494 GC heap after
{Heap after GC invocations=12 (full 0):
 garbage-first heap   total 256000K, used 23491K [0x0000000081600000, 0x0000000100000000)
  region size 1024K, 4 young (4096K), 4 survivors (4096K)
 Metaspace       used 14277K, committed 14592K, reserved 1114112K
  class space    used 1819K, committed 1984K, reserved 1048576K
}
Event: 17.517 GC heap before
{Heap before GC invocations=12 (full 0):
 garbage-first heap   total 256000K, used 172995K [0x0000000081600000, 0x0000000100000000)
  region size 1024K, 150 young (153600K), 4 survivors (4096K)
 Metaspace       used 14277K, committed 14592K, reserved 1114112K
  class space    used 1819K, committed 1984K, reserved 1048576K
}

