# JRE version: OpenJDK Runtime Environment Zulu19.32+15-CA (19.0.2+7) (build 19.0.2+7)
# Java VM: OpenJDK 64-Bit Server VM Zulu19.32+15-CA (19.0.2+7, mixed mode, sharing, tiered, compressed oops, compressed class ptrs, g1 gc, windows-amd64)
GC Precious Log:
 CardTable entry size: 512
 Card Set container configuration: InlinePtr #cards 5 size 8 Array Of Cards #cards 12 size 40 Howl #buckets 4 coarsen threshold 1843 Howl Bitmap #cards 512 size 80 coarsen threshold 460 Card regions per heap region 1 cards per card region 2048
 CPUs: 12 total, 12 available
 Memory: 8099M
 Large Page Support: Disabled
 NUMA Support: Disabled
 Compressed Oops: Enabled (32-bit)
 Heap Region Size: 1M
 Heap Min Capacity: 8M
 Heap Initial Capacity: 8M
 Heap Max Capacity: 2026M
 Pre-touch: Disabled
 Parallel Workers: 10
 Concurrent Workers: 3
 Concurrent Refinement Workers: 10
 Periodic GC: Disabled
Heap:
 garbage-first heap   total 20480K, used 12440K [0x0000000081600000, 0x0000000100000000)
  region size 1024K, 6 young (6144K), 1 survivors (1024K)
 Metaspace       used 9276K, committed 9472K, reserved 1114112K
  class space    used 1018K, committed 1088K, reserved 1048576K
GC Heap History (20 events):
Event: 0.135 GC heap before
{Heap before GC invocations=0 (full 0):
 garbage-first heap   total 8192K, used 3072K [0x0000000081600000, 0x0000000100000000)
  region size 1024K, 3 young (3072K), 0 survivors (0K)
 Metaspace       used 2394K, committed 2624K, reserved 1114112K
  class space    used 258K, committed 384K, reserved 1048576K
}
Event: 0.137 GC heap after
{Heap after GC invocations=1 (full 0):
 garbage-first heap   total 8192K, used 1189K [0x0000000081600000, 0x0000000100000000)
  region size 1024K, 1 young (1024K), 1 survivors (1024K)
 Metaspace       used 2394K, committed 2624K, reserved 1114112K
  class space    used 258K, committed 384K, reserved 1048576K
}
Event: 0.179 GC heap before
{Heap before GC invocations=1 (full 0):
 garbage-first heap   total 8192K, used 2213K [0x0000000081600000, 0x0000000100000000)
  region size 1024K, 2 young (2048K), 1 survivors (1024K)
 Metaspace       used 4192K, committed 4416K, reserved 1114112K
  class space    used 507K, committed 640K, reserved 1048576K
}
Event: 0.181 GC heap after
{Heap after GC invocations=2 (full 0):
 garbage-first heap   total 8192K, used 1824K [0x0000000081600000, 0x0000000100000000)
  region size 1024K, 1 young (1024K), 1 survivors (1024K)
 Metaspace       used 4192K, committed 4416K, reserved 1114112K
  class space    used 507K, committed 640K, reserved 1048576K
}
Event: 0.227 GC heap before
{Heap before GC invocations=2 (full 0):
 garbage-first heap   total 8192K, used 2848K [0x0000000081600000, 0x0000000100000000)
  region size 1024K, 2 young (2048K), 1 survivors (1024K)
 Metaspace       used 6210K, committed 6336K, reserved 1114112K
  class space    used 705K, committed 768K, reserved 1048576K
}
Event: 0.228 GC heap after
{Heap after GC invocations=3 (full 0):
 garbage-first heap   total 8192K, used 2225K [0x0000000081600000, 0x0000000100000000)
  region size 1024K, 1 young (1024K), 1 survivors (1024K)
 Metaspace       used 6210K, committed 6336K, reserved 1114112K
  class space    used 705K, committed 768K, reserved 1048576K
}
Event: 0.278 GC heap before
{Heap before GC invocations=3 (full 0):
 garbage-first heap   total 8192K, used 3249K [0x0000000081600000, 0x0000000100000000)
  region size 1024K, 2 young (2048K), 1 survivors (1024K)
 Metaspace       used 7777K, committed 7872K, reserved 1114112K
  class space    used 864K, committed 896K, reserved 1048576K
}
Event: 0.279 GC heap after
{Heap after GC invocations=4 (full 0):
 garbage-first heap   total 8192K, used 2529K [0x0000000081600000, 0x0000000100000000)
  region size 1024K, 1 young (1024K), 1 survivors (1024K)
 Metaspace       used 7777K, committed 7872K, reserved 1114112K
  class space    used 864K, committed 896K, reserved 1048576K
}
Event: 0.301 GC heap before
{Heap before GC invocations=4 (full 0):
 garbage-first heap   total 8192K, used 3553K [0x0000000081600000, 0x0000000100000000)
  region size 1024K, 2 young (2048K), 1 survivors (1024K)
 Metaspace       used 8056K, committed 8256K, reserved 1114112K
  class space    used 895K, committed 1024K, reserved 1048576K
}
Event: 0.302 GC heap after
{Heap after GC invocations=5 (full 0):
 garbage-first heap   total 10240K, used 2844K [0x0000000081600000, 0x0000000100000000)
  region size 1024K, 1 young (1024K), 1 survivors (1024K)
 Metaspace       used 8056K, committed 8256K, reserved 1114112K
  class space    used 895K, committed 1024K, reserved 1048576K
}
Event: 0.342 GC heap before
{Heap before GC invocations=5 (full 0):
 garbage-first heap   total 10240K, used 4892K [0x0000000081600000, 0x0000000100000000)
  region size 1024K, 3 young (3072K), 1 survivors (1024K)
 Metaspace       used 8607K, committed 8768K, reserved 1114112K
  class space    used 964K, committed 1024K, reserved 1048576K
}
Event: 0.344 GC heap after
{Heap after GC invocations=6 (full 0):
 garbage-first heap   total 10240K, used 3840K [0x0000000081600000, 0x0000000100000000)
  region size 1024K, 1 young (1024K), 1 survivors (1024K)
 Metaspace       used 8607K, committed 8768K, reserved 1114112K
  class space    used 964K, committed 1024K, reserved 1048576K
}
Event: 0.370 GC heap before
{Heap before GC invocations=6 (full 0):
 garbage-first heap   total 10240K, used 5888K [0x0000000081600000, 0x0000000100000000)
  region size 1024K, 3 young (3072K), 1 survivors (1024K)
 Metaspace       used 8804K, committed 8960K, reserved 1114112K
  class space    used 987K, committed 1024K, reserved 1048576K
}
Event: 0.372 GC heap after
{Heap after GC invocations=7 (full 0):
 garbage-first heap   total 10240K, used 4337K [0x0000000081600000, 0x0000000100000000)
  region size 1024K, 1 young (1024K), 1 survivors (1024K)
 Metaspace       used 8804K, committed 8960K, reserved 1114112K
  class space    used 987K, committed 1024K, reserved 1048576K
}
Event: 0.376 GC heap before
{Heap before GC invocations=7 (full 0):
 garbage-first heap   total 10240K, used 5361K [0x0000000081600000, 0x0000000100000000)
  region size 1024K, 2 young (2048K), 1 survivors (1024K)
 Metaspace       used 8819K, committed 8960K, reserved 1114112K
  class space    used 987K, committed 1024K, reserved 1048576K
}
Event: 0.377 GC heap after
{Heap after GC invocations=8 (full 0):
 garbage-first heap   total 10240K, used 4380K [0x0000000081600000, 0x0000000100000000)
  region size 1024K, 1 young (1024K), 1 survivors (1024K)
 Metaspace       used 8819K, committed 8960K, reserved 1114112K
  class space    used 987K, committed 1024K, reserved 1048576K
}
Event: 0.390 GC heap before
{Heap before GC invocations=8 (full 0):
 garbage-first heap   total 10240K, used 5404K [0x0000000081600000, 0x0000000100000000)
  region size 1024K, 2 young (2048K), 1 survivors (1024K)
 Metaspace       used 8900K, committed 9088K, reserved 1114112K
  class space    used 995K, committed 1088K, reserved 1048576K
}
Event: 0.390 GC heap after
{Heap after GC invocations=9 (full 0):
 garbage-first heap   total 20480K, used 4442K [0x0000000081600000, 0x0000000100000000)
  region size 1024K, 1 young (1024K), 1 survivors (1024K)
 Metaspace       used 8900K, committed 9088K, reserved 1114112K
  class space    used 995K, committed 1088K, reserved 1048576K
}
Event: 0.422 GC heap before
{Heap before GC invocations=9 (full 0):
 garbage-first heap   total 20480K, used 11610K [0x0000000081600000, 0x0000000100000000)
  region size 1024K, 8 young (8192K), 1 survivors (1024K)
 Metaspace       used 9037K, committed 9216K, reserved 1114112K
  class space    used 1009K, committed 1088K, reserved 1048576K
}
Event: 0.425 GC heap after
{Heap after GC invocations=10 (full 0):
 garbage-first heap   total 20480K, used 5439K [0x0000000081600000, 0x0000000100000000)
  region size 1024K, 1 young (1024K), 1 survivors (1024K)
 Metaspace       used 9037K, committed 9216K, reserved 1114112K
  class space    used 1009K, committed 1088K, reserved 1048576K
}

