# JRE version: OpenJDK Runtime Environment Zulu19.32+15-CA (19.0.2+7) (build 19.0.2+7)
# Java VM: OpenJDK 64-Bit Server VM Zulu19.32+15-CA (19.0.2+7, mixed mode, sharing, tiered, compressed oops, compressed class ptrs, g1 gc, windows-amd64)
GC Precious Log:
 CardTable entry size: 512
 Card Set container configuration: InlinePtr #cards 5 size 8 Array Of Cards #cards 12 size 40 Howl #buckets 4 coarsen threshold 1843 Howl Bitmap #cards 512 size 80 coarsen threshold 460 Card regions per heap region 1 cards per card region 2048
 CPUs: 12 total, 12 available
 Memory: 8099M
 Large Page Support: Disabled
 NUMA Support: Disabled
 Compressed Oops: Enabled (32-bit)
 Heap Region Size: 1M
 Heap Min Capacity: 8M
 Heap Initial Capacity: 8M
 Heap Max Capacity: 2026M
 Pre-touch: Disabled
 Parallel Workers: 10
 Concurrent Workers: 3
 Concurrent Refinement Workers: 10
 Periodic GC: Disabled
Heap:
 garbage-first heap   total 20480K, used 10280K [0x0000000081600000, 0x0000000100000000)
  region size 1024K, 1 young (1024K), 1 survivors (1024K)
 Metaspace       used 9965K, committed 10176K, reserved 1114112K
  class space    used 1124K, committed 1216K, reserved 1048576K
GC Heap History (20 events):
Event: 0.222 GC heap after
{Heap after GC invocations=3 (full 0):
 garbage-first heap   total 8192K, used 2152K [0x0000000081600000, 0x0000000100000000)
  region size 1024K, 1 young (1024K), 1 survivors (1024K)
 Metaspace       used 6209K, committed 6336K, reserved 1114112K
  class space    used 706K, committed 768K, reserved 1048576K
}
Event: 0.274 GC heap before
{Heap before GC invocations=3 (full 0):
 garbage-first heap   total 8192K, used 3176K [0x0000000081600000, 0x0000000100000000)
  region size 1024K, 2 young (2048K), 1 survivors (1024K)
 Metaspace       used 7775K, committed 7872K, reserved 1114112K
  class space    used 865K, committed 896K, reserved 1048576K
}
Event: 0.275 GC heap after
{Heap after GC invocations=4 (full 0):
 garbage-first heap   total 8192K, used 2454K [0x0000000081600000, 0x0000000100000000)
  region size 1024K, 1 young (1024K), 1 survivors (1024K)
 Metaspace       used 7775K, committed 7872K, reserved 1114112K
  class space    used 865K, committed 896K, reserved 1048576K
}
Event: 0.297 GC heap before
{Heap before GC invocations=4 (full 0):
 garbage-first heap   total 8192K, used 3478K [0x0000000081600000, 0x0000000100000000)
  region size 1024K, 2 young (2048K), 1 survivors (1024K)
 Metaspace       used 8057K, committed 8256K, reserved 1114112K
  class space    used 897K, committed 1024K, reserved 1048576K
}
Event: 0.299 GC heap after
{Heap after GC invocations=5 (full 0):
 garbage-first heap   total 10240K, used 2781K [0x0000000081600000, 0x0000000100000000)
  region size 1024K, 1 young (1024K), 1 survivors (1024K)
 Metaspace       used 8057K, committed 8256K, reserved 1114112K
  class space    used 897K, committed 1024K, reserved 1048576K
}
Event: 0.337 GC heap before
{Heap before GC invocations=5 (full 0):
 garbage-first heap   total 10240K, used 4829K [0x0000000081600000, 0x0000000100000000)
  region size 1024K, 3 young (3072K), 1 survivors (1024K)
 Metaspace       used 8608K, committed 8768K, reserved 1114112K
  class space    used 966K, committed 1024K, reserved 1048576K
}
Event: 0.340 GC heap after
{Heap after GC invocations=6 (full 0):
 garbage-first heap   total 10240K, used 3776K [0x0000000081600000, 0x0000000100000000)
  region size 1024K, 1 young (1024K), 1 survivors (1024K)
 Metaspace       used 8608K, committed 8768K, reserved 1114112K
  class space    used 966K, committed 1024K, reserved 1048576K
}
Event: 0.367 GC heap before
{Heap before GC invocations=6 (full 0):
 garbage-first heap   total 10240K, used 5824K [0x0000000081600000, 0x0000000100000000)
  region size 1024K, 3 young (3072K), 1 survivors (1024K)
 Metaspace       used 8808K, committed 8960K, reserved 1114112K
  class space    used 988K, committed 1024K, reserved 1048576K
}
Event: 0.369 GC heap after
{Heap after GC invocations=7 (full 0):
 garbage-first heap   total 10240K, used 4259K [0x0000000081600000, 0x0000000100000000)
  region size 1024K, 1 young (1024K), 1 survivors (1024K)
 Metaspace       used 8808K, committed 8960K, reserved 1114112K
  class space    used 988K, committed 1024K, reserved 1048576K
}
Event: 0.373 GC heap before
{Heap before GC invocations=7 (full 0):
 garbage-first heap   total 10240K, used 5283K [0x0000000081600000, 0x0000000100000000)
  region size 1024K, 2 young (2048K), 1 survivors (1024K)
 Metaspace       used 8821K, committed 8960K, reserved 1114112K
  class space    used 988K, committed 1024K, reserved 1048576K
}
Event: 0.374 GC heap after
{Heap after GC invocations=8 (full 0):
 garbage-first heap   total 10240K, used 4314K [0x0000000081600000, 0x0000000100000000)
  region size 1024K, 1 young (1024K), 1 survivors (1024K)
 Metaspace       used 8821K, committed 8960K, reserved 1114112K
  class space    used 988K, committed 1024K, reserved 1048576K
}
Event: 0.385 GC heap before
{Heap before GC invocations=8 (full 0):
 garbage-first heap   total 10240K, used 5338K [0x0000000081600000, 0x0000000100000000)
  region size 1024K, 2 young (2048K), 1 survivors (1024K)
 Metaspace       used 8905K, committed 9088K, reserved 1114112K
  class space    used 997K, committed 1088K, reserved 1048576K
}
Event: 0.386 GC heap after
{Heap after GC invocations=9 (full 0):
 garbage-first heap   total 20480K, used 4404K [0x0000000081600000, 0x0000000100000000)
  region size 1024K, 1 young (1024K), 1 survivors (1024K)
 Metaspace       used 8905K, committed 9088K, reserved 1114112K
  class space    used 997K, committed 1088K, reserved 1048576K
}
Event: 0.417 GC heap before
{Heap before GC invocations=9 (full 0):
 garbage-first heap   total 20480K, used 11572K [0x0000000081600000, 0x0000000100000000)
  region size 1024K, 8 young (8192K), 1 survivors (1024K)
 Metaspace       used 9044K, committed 9216K, reserved 1114112K
  class space    used 1011K, committed 1088K, reserved 1048576K
}
Event: 0.419 GC heap after
{Heap after GC invocations=10 (full 0):
 garbage-first heap   total 20480K, used 5367K [0x0000000081600000, 0x0000000100000000)
  region size 1024K, 1 young (1024K), 1 survivors (1024K)
 Metaspace       used 9044K, committed 9216K, reserved 1114112K
  class space    used 1011K, committed 1088K, reserved 1048576K
}
Event: 0.454 GC heap before
{Heap before GC invocations=10 (full 0):
 garbage-first heap   total 20480K, used 12535K [0x0000000081600000, 0x0000000100000000)
  region size 1024K, 8 young (8192K), 1 survivors (1024K)
 Metaspace       used 9161K, committed 9344K, reserved 1114112K
  class space    used 1019K, committed 1088K, reserved 1048576K
}
Event: 0.457 GC heap after
{Heap after GC invocations=11 (full 0):
 garbage-first heap   total 20480K, used 7105K [0x0000000081600000, 0x0000000100000000)
  region size 1024K, 1 young (1024K), 1 survivors (1024K)
 Metaspace       used 9161K, committed 9344K, reserved 1114112K
  class space    used 1019K, committed 1088K, reserved 1048576K
}
Event: 0.490 GC heap before
{Heap before GC invocations=11 (full 0):
 garbage-first heap   total 20480K, used 13249K [0x0000000081600000, 0x0000000100000000)
  region size 1024K, 7 young (7168K), 1 survivors (1024K)
 Metaspace       used 9532K, committed 9664K, reserved 1114112K
  class space    used 1067K, committed 1152K, reserved 1048576K
}
Event: 0.492 GC heap after
{Heap after GC invocations=12 (full 0):
 garbage-first heap   total 20480K, used 8423K [0x0000000081600000, 0x0000000100000000)
  region size 1024K, 1 young (1024K), 1 survivors (1024K)
 Metaspace       used 9532K, committed 9664K, reserved 1114112K
  class space    used 1067K, committed 1152K, reserved 1048576K
}
Event: 0.549 GC heap before
{Heap before GC invocations=12 (full 0):
 garbage-first heap   total 20480K, used 14567K [0x0000000081600000, 0x0000000100000000)
  region size 1024K, 6 young (6144K), 1 survivors (1024K)
 Metaspace       used 9965K, committed 10176K, reserved 1114112K
  class space    used 1124K, committed 1216K, reserved 1048576K
}

