# JRE version: OpenJDK Runtime Environment Zulu19.32+15-CA (19.0.2+7) (build 19.0.2+7)
# Java VM: OpenJDK 64-Bit Server VM Zulu19.32+15-CA (19.0.2+7, mixed mode, sharing, tiered, compressed oops, compressed class ptrs, g1 gc, windows-amd64)
GC Precious Log:
 CardTable entry size: 512
 Card Set container configuration: InlinePtr #cards 5 size 8 Array Of Cards #cards 12 size 40 Howl #buckets 4 coarsen threshold 1843 Howl Bitmap #cards 512 size 80 coarsen threshold 460 Card regions per heap region 1 cards per card region 2048
 CPUs: 12 total, 12 available
 Memory: 8099M
 Large Page Support: Disabled
 NUMA Support: Disabled
 Compressed Oops: Enabled (32-bit)
 Heap Region Size: 1M
 Heap Min Capacity: 8M
 Heap Initial Capacity: 128M
 Heap Max Capacity: 2026M
 Pre-touch: Disabled
 Parallel Workers: 10
 Concurrent Workers: 3
 Concurrent Refinement Workers: 10
 Periodic GC: Disabled
Heap:
 garbage-first heap   total 265216K, used 33910K [0x0000000081600000, 0x0000000100000000)
  region size 1024K, 5 young (5120K), 5 survivors (5120K)
 Metaspace       used 15334K, committed 15744K, reserved 1114112K
  class space    used 1976K, committed 2176K, reserved 1048576K
GC Heap History (20 events):
Event: 10.424 GC heap after
{Heap after GC invocations=3 (full 0):
 garbage-first heap   total 131072K, used 30933K [0x0000000081600000, 0x0000000100000000)
  region size 1024K, 7 young (7168K), 7 survivors (7168K)
 Metaspace       used 15027K, committed 15360K, reserved 1114112K
  class space    used 1973K, committed 2176K, reserved 1048576K
}
Event: 12.075 GC heap before
{Heap before GC invocations=3 (full 0):
 garbage-first heap   total 131072K, used 100565K [0x0000000081600000, 0x0000000100000000)
  region size 1024K, 75 young (76800K), 7 survivors (7168K)
 Metaspace       used 15206K, committed 15616K, reserved 1114112K
  class space    used 1976K, committed 2176K, reserved 1048576K
}
Event: 12.080 GC heap after
{Heap after GC invocations=4 (full 0):
 garbage-first heap   total 131072K, used 31273K [0x0000000081600000, 0x0000000100000000)
  region size 1024K, 4 young (4096K), 4 survivors (4096K)
 Metaspace       used 15206K, committed 15616K, reserved 1114112K
  class space    used 1976K, committed 2176K, reserved 1048576K
}
Event: 12.094 GC heap before
{Heap before GC invocations=4 (full 0):
 garbage-first heap   total 131072K, used 103977K [0x0000000081600000, 0x0000000100000000)
  region size 1024K, 74 young (75776K), 4 survivors (4096K)
 Metaspace       used 15216K, committed 15616K, reserved 1114112K
  class space    used 1976K, committed 2176K, reserved 1048576K
}
Event: 12.096 GC heap after
{Heap after GC invocations=5 (full 0):
 garbage-first heap   total 131072K, used 33426K [0x0000000081600000, 0x0000000100000000)
  region size 1024K, 5 young (5120K), 5 survivors (5120K)
 Metaspace       used 15216K, committed 15616K, reserved 1114112K
  class space    used 1976K, committed 2176K, reserved 1048576K
}
Event: 12.113 GC heap before
{Heap before GC invocations=5 (full 0):
 garbage-first heap   total 131072K, used 105106K [0x0000000081600000, 0x0000000100000000)
  region size 1024K, 75 young (76800K), 5 survivors (5120K)
 Metaspace       used 15224K, committed 15616K, reserved 1114112K
  class space    used 1976K, committed 2176K, reserved 1048576K
}
Event: 12.116 GC heap after
{Heap after GC invocations=6 (full 0):
 garbage-first heap   total 131072K, used 32936K [0x0000000081600000, 0x0000000100000000)
  region size 1024K, 4 young (4096K), 4 survivors (4096K)
 Metaspace       used 15224K, committed 15616K, reserved 1114112K
  class space    used 1976K, committed 2176K, reserved 1048576K
}
Event: 12.131 GC heap before
{Heap before GC invocations=6 (full 0):
 garbage-first heap   total 131072K, used 106664K [0x0000000081600000, 0x0000000100000000)
  region size 1024K, 76 young (77824K), 4 survivors (4096K)
 Metaspace       used 15250K, committed 15616K, reserved 1114112K
  class space    used 1976K, committed 2176K, reserved 1048576K
}
Event: 12.134 GC heap after
{Heap after GC invocations=7 (full 0):
 garbage-first heap   total 131072K, used 33534K [0x0000000081600000, 0x0000000100000000)
  region size 1024K, 5 young (5120K), 5 survivors (5120K)
 Metaspace       used 15250K, committed 15616K, reserved 1114112K
  class space    used 1976K, committed 2176K, reserved 1048576K
}
Event: 12.150 GC heap before
{Heap before GC invocations=7 (full 0):
 garbage-first heap   total 131072K, used 106238K [0x0000000081600000, 0x0000000100000000)
  region size 1024K, 76 young (77824K), 5 survivors (5120K)
 Metaspace       used 15260K, committed 15616K, reserved 1114112K
  class space    used 1976K, committed 2176K, reserved 1048576K
}
Event: 12.153 GC heap after
{Heap after GC invocations=8 (full 0):
 garbage-first heap   total 131072K, used 33533K [0x0000000081600000, 0x0000000100000000)
  region size 1024K, 5 young (5120K), 5 survivors (5120K)
 Metaspace       used 15260K, committed 15616K, reserved 1114112K
  class space    used 1976K, committed 2176K, reserved 1048576K
}
Event: 12.170 GC heap before
{Heap before GC invocations=8 (full 0):
 garbage-first heap   total 131072K, used 105213K [0x0000000081600000, 0x0000000100000000)
  region size 1024K, 76 young (77824K), 5 survivors (5120K)
 Metaspace       used 15282K, committed 15680K, reserved 1114112K
  class space    used 1976K, committed 2176K, reserved 1048576K
}
Event: 12.173 GC heap after
{Heap after GC invocations=9 (full 0):
 garbage-first heap   total 265216K, used 33760K [0x0000000081600000, 0x0000000100000000)
  region size 1024K, 5 young (5120K), 5 survivors (5120K)
 Metaspace       used 15282K, committed 15680K, reserved 1114112K
  class space    used 1976K, committed 2176K, reserved 1048576K
}
Event: 12.239 GC heap before
{Heap before GC invocations=9 (full 0):
 garbage-first heap   total 265216K, used 187360K [0x0000000081600000, 0x0000000100000000)
  region size 1024K, 155 young (158720K), 5 survivors (5120K)
 Metaspace       used 15334K, committed 15744K, reserved 1114112K
  class space    used 1976K, committed 2176K, reserved 1048576K
}
Event: 12.242 GC heap after
{Heap after GC invocations=10 (full 0):
 garbage-first heap   total 265216K, used 34806K [0x0000000081600000, 0x0000000100000000)
  region size 1024K, 6 young (6144K), 6 survivors (6144K)
 Metaspace       used 15334K, committed 15744K, reserved 1114112K
  class space    used 1976K, committed 2176K, reserved 1048576K
}
Event: 12.281 GC heap before
{Heap before GC invocations=10 (full 0):
 garbage-first heap   total 265216K, used 187382K [0x0000000081600000, 0x0000000100000000)
  region size 1024K, 155 young (158720K), 6 survivors (6144K)
 Metaspace       used 15334K, committed 15744K, reserved 1114112K
  class space    used 1976K, committed 2176K, reserved 1048576K
}
Event: 12.284 GC heap after
{Heap after GC invocations=11 (full 0):
 garbage-first heap   total 265216K, used 34256K [0x0000000081600000, 0x0000000100000000)
  region size 1024K, 6 young (6144K), 6 survivors (6144K)
 Metaspace       used 15334K, committed 15744K, reserved 1114112K
  class space    used 1976K, committed 2176K, reserved 1048576K
}
Event: 12.326 GC heap before
{Heap before GC invocations=11 (full 0):
 garbage-first heap   total 265216K, used 185808K [0x0000000081600000, 0x0000000100000000)
  region size 1024K, 155 young (158720K), 6 survivors (6144K)
 Metaspace       used 15334K, committed 15744K, reserved 1114112K
  class space    used 1976K, committed 2176K, reserved 1048576K
}
Event: 12.329 GC heap after
{Heap after GC invocations=12 (full 0):
 garbage-first heap   total 265216K, used 33982K [0x0000000081600000, 0x0000000100000000)
  region size 1024K, 5 young (5120K), 5 survivors (5120K)
 Metaspace       used 15334K, committed 15744K, reserved 1114112K
  class space    used 1976K, committed 2176K, reserved 1048576K
}
Event: 12.368 GC heap before
{Heap before GC invocations=12 (full 0):
 garbage-first heap   total 265216K, used 187582K [0x0000000081600000, 0x0000000100000000)
  region size 1024K, 155 young (158720K), 5 survivors (5120K)
 Metaspace       used 15334K, committed 15744K, reserved 1114112K
  class space    used 1976K, committed 2176K, reserved 1048576K
}

