# JRE version: OpenJDK Runtime Environment Zulu19.32+15-CA (19.0.2+7) (build 19.0.2+7)
# Java VM: OpenJDK 64-Bit Server VM Zulu19.32+15-CA (19.0.2+7, mixed mode, sharing, tiered, compressed oops, compressed class ptrs, g1 gc, windows-amd64)
GC Precious Log:
 CardTable entry size: 512
 Card Set container configuration: InlinePtr #cards 5 size 8 Array Of Cards #cards 12 size 40 Howl #buckets 4 coarsen threshold 1843 Howl Bitmap #cards 512 size 80 coarsen threshold 460 Card regions per heap region 1 cards per card region 2048
 CPUs: 12 total, 12 available
 Memory: 8099M
 Large Page Support: Disabled
 NUMA Support: Disabled
 Compressed Oops: Enabled (32-bit)
 Heap Region Size: 1M
 Heap Min Capacity: 8M
 Heap Initial Capacity: 128M
 Heap Max Capacity: 2026M
 Pre-touch: Disabled
 Parallel Workers: 10
 Concurrent Workers: 3
 Concurrent Refinement Workers: 10
 Periodic GC: Disabled
Heap:
 garbage-first heap   total 463872K, used 218703K [0x0000000081600000, 0x0000000100000000)
  region size 1024K, 171 young (175104K), 1 survivors (1024K)
 Metaspace       used 14639K, committed 14976K, reserved 1114112K
  class space    used 1816K, committed 1984K, reserved 1048576K
GC Heap History (20 events):
Event: 62.735 GC heap before
{Heap before GC invocations=394 (full 0):
 garbage-first heap   total 463872K, used 312780K [0x0000000081600000, 0x0000000100000000)
  region size 1024K, 271 young (277504K), 1 survivors (1024K)
 Metaspace       used 14622K, committed 14912K, reserved 1114112K
  class space    used 1816K, committed 1984K, reserved 1048576K
}
Event: 62.736 GC heap after
{Heap after GC invocations=395 (full 0):
 garbage-first heap   total 463872K, used 37320K [0x0000000081600000, 0x0000000100000000)
  region size 1024K, 1 young (1024K), 1 survivors (1024K)
 Metaspace       used 14622K, committed 14912K, reserved 1114112K
  class space    used 1816K, committed 1984K, reserved 1048576K
}
Event: 62.784 GC heap before
{Heap before GC invocations=395 (full 0):
 garbage-first heap   total 463872K, used 313800K [0x0000000081600000, 0x0000000100000000)
  region size 1024K, 271 young (277504K), 1 survivors (1024K)
 Metaspace       used 14623K, committed 14912K, reserved 1114112K
  class space    used 1816K, committed 1984K, reserved 1048576K
}
Event: 62.784 GC heap after
{Heap after GC invocations=396 (full 0):
 garbage-first heap   total 463872K, used 37324K [0x0000000081600000, 0x0000000100000000)
  region size 1024K, 1 young (1024K), 1 survivors (1024K)
 Metaspace       used 14623K, committed 14912K, reserved 1114112K
  class space    used 1816K, committed 1984K, reserved 1048576K
}
Event: 62.832 GC heap before
{Heap before GC invocations=396 (full 0):
 garbage-first heap   total 463872K, used 312780K [0x0000000081600000, 0x0000000100000000)
  region size 1024K, 271 young (277504K), 1 survivors (1024K)
 Metaspace       used 14623K, committed 14912K, reserved 1114112K
  class space    used 1816K, committed 1984K, reserved 1048576K
}
Event: 62.833 GC heap after
{Heap after GC invocations=397 (full 0):
 garbage-first heap   total 463872K, used 37324K [0x0000000081600000, 0x0000000100000000)
  region size 1024K, 1 young (1024K), 1 survivors (1024K)
 Metaspace       used 14623K, committed 14912K, reserved 1114112K
  class space    used 1816K, committed 1984K, reserved 1048576K
}
Event: 62.883 GC heap before
{Heap before GC invocations=397 (full 0):
 garbage-first heap   total 463872K, used 312780K [0x0000000081600000, 0x0000000100000000)
  region size 1024K, 271 young (277504K), 1 survivors (1024K)
 Metaspace       used 14623K, committed 14912K, reserved 1114112K
  class space    used 1816K, committed 1984K, reserved 1048576K
}
Event: 62.884 GC heap after
{Heap after GC invocations=398 (full 0):
 garbage-first heap   total 463872K, used 37331K [0x0000000081600000, 0x0000000100000000)
  region size 1024K, 1 young (1024K), 1 survivors (1024K)
 Metaspace       used 14623K, committed 14912K, reserved 1114112K
  class space    used 1816K, committed 1984K, reserved 1048576K
}
Event: 62.931 GC heap before
{Heap before GC invocations=398 (full 0):
 garbage-first heap   total 463872K, used 312787K [0x0000000081600000, 0x0000000100000000)
  region size 1024K, 271 young (277504K), 1 survivors (1024K)
 Metaspace       used 14623K, committed 14912K, reserved 1114112K
  class space    used 1816K, committed 1984K, reserved 1048576K
}
Event: 62.932 GC heap after
{Heap after GC invocations=399 (full 0):
 garbage-first heap   total 463872K, used 37333K [0x0000000081600000, 0x0000000100000000)
  region size 1024K, 1 young (1024K), 1 survivors (1024K)
 Metaspace       used 14623K, committed 14912K, reserved 1114112K
  class space    used 1816K, committed 1984K, reserved 1048576K
}
Event: 62.988 GC heap before
{Heap before GC invocations=399 (full 0):
 garbage-first heap   total 463872K, used 322005K [0x0000000081600000, 0x0000000100000000)
  region size 1024K, 271 young (277504K), 1 survivors (1024K)
 Metaspace       used 14626K, committed 14912K, reserved 1114112K
  class space    used 1816K, committed 1984K, reserved 1048576K
}
Event: 62.989 GC heap after
{Heap after GC invocations=400 (full 0):
 garbage-first heap   total 463872K, used 45548K [0x0000000081600000, 0x0000000100000000)
  region size 1024K, 1 young (1024K), 1 survivors (1024K)
 Metaspace       used 14626K, committed 14912K, reserved 1114112K
  class space    used 1816K, committed 1984K, reserved 1048576K
}
Event: 63.060 GC heap before
{Heap before GC invocations=400 (full 0):
 garbage-first heap   total 463872K, used 336364K [0x0000000081600000, 0x0000000100000000)
  region size 1024K, 285 young (291840K), 1 survivors (1024K)
 Metaspace       used 14639K, committed 14976K, reserved 1114112K
  class space    used 1816K, committed 1984K, reserved 1048576K
}
Event: 63.061 GC heap after
{Heap after GC invocations=401 (full 0):
 garbage-first heap   total 463872K, used 45637K [0x0000000081600000, 0x0000000100000000)
  region size 1024K, 1 young (1024K), 1 survivors (1024K)
 Metaspace       used 14639K, committed 14976K, reserved 1114112K
  class space    used 1816K, committed 1984K, reserved 1048576K
}
Event: 63.114 GC heap before
{Heap before GC invocations=401 (full 0):
 garbage-first heap   total 463872K, used 321093K [0x0000000081600000, 0x0000000100000000)
  region size 1024K, 271 young (277504K), 1 survivors (1024K)
 Metaspace       used 14639K, committed 14976K, reserved 1114112K
  class space    used 1816K, committed 1984K, reserved 1048576K
}
Event: 63.115 GC heap after
{Heap after GC invocations=402 (full 0):
 garbage-first heap   total 463872K, used 45637K [0x0000000081600000, 0x0000000100000000)
  region size 1024K, 1 young (1024K), 1 survivors (1024K)
 Metaspace       used 14639K, committed 14976K, reserved 1114112K
  class space    used 1816K, committed 1984K, reserved 1048576K
}
Event: 63.166 GC heap before
{Heap before GC invocations=402 (full 0):
 garbage-first heap   total 463872K, used 322117K [0x0000000081600000, 0x0000000100000000)
  region size 1024K, 271 young (277504K), 1 survivors (1024K)
 Metaspace       used 14639K, committed 14976K, reserved 1114112K
  class space    used 1816K, committed 1984K, reserved 1048576K
}
Event: 63.166 GC heap after
{Heap after GC invocations=403 (full 0):
 garbage-first heap   total 463872K, used 45640K [0x0000000081600000, 0x0000000100000000)
  region size 1024K, 1 young (1024K), 1 survivors (1024K)
 Metaspace       used 14639K, committed 14976K, reserved 1114112K
  class space    used 1816K, committed 1984K, reserved 1048576K
}
Event: 63.205 GC heap before
{Heap before GC invocations=403 (full 0):
 garbage-first heap   total 463872K, used 322120K [0x0000000081600000, 0x0000000100000000)
  region size 1024K, 271 young (277504K), 1 survivors (1024K)
 Metaspace       used 14639K, committed 14976K, reserved 1114112K
  class space    used 1816K, committed 1984K, reserved 1048576K
}
Event: 63.206 GC heap after
{Heap after GC invocations=404 (full 0):
 garbage-first heap   total 463872K, used 45647K [0x0000000081600000, 0x0000000100000000)
  region size 1024K, 1 young (1024K), 1 survivors (1024K)
 Metaspace       used 14639K, committed 14976K, reserved 1114112K
  class space    used 1816K, committed 1984K, reserved 1048576K
}

