# JRE version: OpenJDK Runtime Environment Zulu19.32+15-CA (19.0.2+7) (build 19.0.2+7)
# Java VM: OpenJDK 64-Bit Server VM Zulu19.32+15-CA (19.0.2+7, mixed mode, sharing, tiered, compressed oops, compressed class ptrs, g1 gc, windows-amd64)
GC Precious Log:
 CardTable entry size: 512
 Card Set container configuration: InlinePtr #cards 5 size 8 Array Of Cards #cards 12 size 40 Howl #buckets 4 coarsen threshold 1843 Howl Bitmap #cards 512 size 80 coarsen threshold 460 Card regions per heap region 1 cards per card region 2048
 CPUs: 12 total, 12 available
 Memory: 8059M
 Large Page Support: Disabled
 NUMA Support: Disabled
 Compressed Oops: Enabled (32-bit)
 Heap Region Size: 1M
 Heap Min Capacity: 8M
 Heap Initial Capacity: 8M
 Heap Max Capacity: 2016M
 Pre-touch: Disabled
 Parallel Workers: 10
 Concurrent Workers: 3
 Concurrent Refinement Workers: 10
 Periodic GC: Disabled
Heap:
 garbage-first heap   total 20480K, used 7600K [0x0000000082000000, 0x0000000100000000)
  region size 1024K, 4 young (4096K), 2 survivors (2048K)
 Metaspace       used 8606K, committed 8768K, reserved 1114112K
  class space    used 950K, committed 1024K, reserved 1048576K
GC Heap History (20 events):
Event: 0.146 GC heap before
{Heap before GC invocations=0 (full 0):
 garbage-first heap   total 8192K, used 3072K [0x0000000082000000, 0x0000000100000000)
  region size 1024K, 3 young (3072K), 0 survivors (0K)
 Metaspace       used 2599K, committed 2816K, reserved 1114112K
  class space    used 328K, committed 448K, reserved 1048576K
}
Event: 0.148 GC heap after
{Heap after GC invocations=1 (full 0):
 garbage-first heap   total 8192K, used 1184K [0x0000000082000000, 0x0000000100000000)
  region size 1024K, 1 young (1024K), 1 survivors (1024K)
 Metaspace       used 2599K, committed 2816K, reserved 1114112K
  class space    used 328K, committed 448K, reserved 1048576K
}
Event: 0.205 GC heap before
{Heap before GC invocations=1 (full 0):
 garbage-first heap   total 8192K, used 2208K [0x0000000082000000, 0x0000000100000000)
  region size 1024K, 2 young (2048K), 1 survivors (1024K)
 Metaspace       used 4969K, committed 5184K, reserved 1114112K
  class space    used 597K, committed 704K, reserved 1048576K
}
Event: 0.208 GC heap after
{Heap after GC invocations=2 (full 0):
 garbage-first heap   total 8192K, used 1847K [0x0000000082000000, 0x0000000100000000)
  region size 1024K, 1 young (1024K), 1 survivors (1024K)
 Metaspace       used 4969K, committed 5184K, reserved 1114112K
  class space    used 597K, committed 704K, reserved 1048576K
}
Event: 0.250 GC heap before
{Heap before GC invocations=2 (full 0):
 garbage-first heap   total 8192K, used 2871K [0x0000000082000000, 0x0000000100000000)
  region size 1024K, 2 young (2048K), 1 survivors (1024K)
 Metaspace       used 6511K, committed 6656K, reserved 1114112K
  class space    used 750K, committed 832K, reserved 1048576K
}
Event: 0.253 GC heap after
{Heap after GC invocations=3 (full 0):
 garbage-first heap   total 8192K, used 2181K [0x0000000082000000, 0x0000000100000000)
  region size 1024K, 1 young (1024K), 1 survivors (1024K)
 Metaspace       used 6511K, committed 6656K, reserved 1114112K
  class space    used 750K, committed 832K, reserved 1048576K
}
Event: 0.298 GC heap before
{Heap before GC invocations=3 (full 0):
 garbage-first heap   total 8192K, used 3205K [0x0000000082000000, 0x0000000100000000)
  region size 1024K, 2 young (2048K), 1 survivors (1024K)
 Metaspace       used 7837K, committed 8000K, reserved 1114112K
  class space    used 875K, committed 960K, reserved 1048576K
}
Event: 0.299 GC heap after
{Heap after GC invocations=4 (full 0):
 garbage-first heap   total 8192K, used 2459K [0x0000000082000000, 0x0000000100000000)
  region size 1024K, 1 young (1024K), 1 survivors (1024K)
 Metaspace       used 7837K, committed 8000K, reserved 1114112K
  class space    used 875K, committed 960K, reserved 1048576K
}
Event: 0.322 GC heap before
{Heap before GC invocations=4 (full 0):
 garbage-first heap   total 8192K, used 3483K [0x0000000082000000, 0x0000000100000000)
  region size 1024K, 2 young (2048K), 1 survivors (1024K)
 Metaspace       used 8056K, committed 8256K, reserved 1114112K
  class space    used 898K, committed 1024K, reserved 1048576K
}
Event: 0.324 GC heap after
{Heap after GC invocations=5 (full 0):
 garbage-first heap   total 11264K, used 2778K [0x0000000082000000, 0x0000000100000000)
  region size 1024K, 1 young (1024K), 1 survivors (1024K)
 Metaspace       used 8056K, committed 8256K, reserved 1114112K
  class space    used 898K, committed 1024K, reserved 1048576K
}
Event: 0.355 GC heap before
{Heap before GC invocations=5 (full 0):
 garbage-first heap   total 11264K, used 4826K [0x0000000082000000, 0x0000000100000000)
  region size 1024K, 3 young (3072K), 1 survivors (1024K)
 Metaspace       used 8276K, committed 8512K, reserved 1114112K
  class space    used 925K, committed 1024K, reserved 1048576K
}
Event: 0.358 GC heap after
{Heap after GC invocations=6 (full 0):
 garbage-first heap   total 11264K, used 3434K [0x0000000082000000, 0x0000000100000000)
  region size 1024K, 1 young (1024K), 1 survivors (1024K)
 Metaspace       used 8276K, committed 8512K, reserved 1114112K
  class space    used 925K, committed 1024K, reserved 1048576K
}
Event: 0.372 GC heap before
{Heap before GC invocations=6 (full 0):
 garbage-first heap   total 11264K, used 5482K [0x0000000082000000, 0x0000000100000000)
  region size 1024K, 3 young (3072K), 1 survivors (1024K)
 Metaspace       used 8317K, committed 8512K, reserved 1114112K
  class space    used 925K, committed 1024K, reserved 1048576K
}
Event: 0.374 GC heap after
{Heap after GC invocations=7 (full 0):
 garbage-first heap   total 11264K, used 3714K [0x0000000082000000, 0x0000000100000000)
  region size 1024K, 1 young (1024K), 1 survivors (1024K)
 Metaspace       used 8317K, committed 8512K, reserved 1114112K
  class space    used 925K, committed 1024K, reserved 1048576K
}
Event: 0.388 GC heap before
{Heap before GC invocations=7 (full 0):
 garbage-first heap   total 11264K, used 4738K [0x0000000082000000, 0x0000000100000000)
  region size 1024K, 2 young (2048K), 1 survivors (1024K)
 Metaspace       used 8401K, committed 8576K, reserved 1114112K
  class space    used 934K, committed 1024K, reserved 1048576K
}
Event: 0.389 GC heap after
{Heap after GC invocations=8 (full 0):
 garbage-first heap   total 11264K, used 3791K [0x0000000082000000, 0x0000000100000000)
  region size 1024K, 1 young (1024K), 1 survivors (1024K)
 Metaspace       used 8401K, committed 8576K, reserved 1114112K
  class space    used 934K, committed 1024K, reserved 1048576K
}
Event: 0.394 GC heap before
{Heap before GC invocations=8 (full 0):
 garbage-first heap   total 11264K, used 5839K [0x0000000082000000, 0x0000000100000000)
  region size 1024K, 3 young (3072K), 1 survivors (1024K)
 Metaspace       used 8423K, committed 8576K, reserved 1114112K
  class space    used 934K, committed 1024K, reserved 1048576K
}
Event: 0.394 GC heap after
{Heap after GC invocations=9 (full 0):
 garbage-first heap   total 20480K, used 4156K [0x0000000082000000, 0x0000000100000000)
  region size 1024K, 1 young (1024K), 1 survivors (1024K)
 Metaspace       used 8423K, committed 8576K, reserved 1114112K
  class space    used 934K, committed 1024K, reserved 1048576K
}
Event: 0.432 GC heap before
{Heap before GC invocations=9 (full 0):
 garbage-first heap   total 20480K, used 11324K [0x0000000082000000, 0x0000000100000000)
  region size 1024K, 8 young (8192K), 1 survivors (1024K)
 Metaspace       used 8560K, committed 8768K, reserved 1114112K
  class space    used 949K, committed 1024K, reserved 1048576K
}
Event: 0.439 GC heap after
{Heap after GC invocations=10 (full 0):
 garbage-first heap   total 20480K, used 4978K [0x0000000082000000, 0x0000000100000000)
  region size 1024K, 1 young (1024K), 1 survivors (1024K)
 Metaspace       used 8560K, committed 8768K, reserved 1114112K
  class space    used 949K, committed 1024K, reserved 1048576K
}

