# JRE version: OpenJDK Runtime Environment Zulu19.32+15-CA (19.0.2+7) (build 19.0.2+7)
# Java VM: OpenJDK 64-Bit Server VM Zulu19.32+15-CA (19.0.2+7, mixed mode, sharing, tiered, compressed oops, compressed class ptrs, g1 gc, windows-amd64)
GC Precious Log:
 CardTable entry size: 512
 Card Set container configuration: InlinePtr #cards 5 size 8 Array Of Cards #cards 12 size 40 Howl #buckets 4 coarsen threshold 1843 Howl Bitmap #cards 512 size 80 coarsen threshold 460 Card regions per heap region 1 cards per card region 2048
 CPUs: 12 total, 12 available
 Memory: 8099M
 Large Page Support: Disabled
 NUMA Support: Disabled
 Compressed Oops: Enabled (32-bit)
 Heap Region Size: 1M
 Heap Min Capacity: 8M
 Heap Initial Capacity: 128M
 Heap Max Capacity: 2026M
 Pre-touch: Disabled
 Parallel Workers: 10
 Concurrent Workers: 3
 Concurrent Refinement Workers: 10
 Periodic GC: Disabled
Heap:
 garbage-first heap   total 357376K, used 18838K [0x0000000081600000, 0x0000000100000000)
  region size 1024K, 3 young (3072K), 3 survivors (3072K)
 Metaspace       used 12713K, committed 12992K, reserved 1114112K
  class space    used 1750K, committed 1920K, reserved 1048576K
GC Heap History (20 events):
Event: 1.375 GC heap after
{Heap after GC invocations=7 (full 0):
 garbage-first heap   total 262144K, used 16158K [0x0000000081600000, 0x0000000100000000)
  region size 1024K, 3 young (3072K), 3 survivors (3072K)
 Metaspace       used 11505K, committed 11840K, reserved 1114112K
  class space    used 1684K, committed 1856K, reserved 1048576K
}
Event: 1.420 GC heap before
{Heap before GC invocations=7 (full 0):
 garbage-first heap   total 262144K, used 169758K [0x0000000081600000, 0x0000000100000000)
  region size 1024K, 153 young (156672K), 3 survivors (3072K)
 Metaspace       used 11612K, committed 11904K, reserved 1114112K
  class space    used 1692K, committed 1856K, reserved 1048576K
}
Event: 1.422 GC heap after
{Heap after GC invocations=8 (full 0):
 garbage-first heap   total 262144K, used 16243K [0x0000000081600000, 0x0000000100000000)
  region size 1024K, 3 young (3072K), 3 survivors (3072K)
 Metaspace       used 11612K, committed 11904K, reserved 1114112K
  class space    used 1692K, committed 1856K, reserved 1048576K
}
Event: 1.469 GC heap before
{Heap before GC invocations=8 (full 0):
 garbage-first heap   total 262144K, used 169843K [0x0000000081600000, 0x0000000100000000)
  region size 1024K, 153 young (156672K), 3 survivors (3072K)
 Metaspace       used 12037K, committed 12288K, reserved 1114112K
  class space    used 1730K, committed 1856K, reserved 1048576K
}
Event: 1.471 GC heap after
{Heap after GC invocations=9 (full 0):
 garbage-first heap   total 262144K, used 16733K [0x0000000081600000, 0x0000000100000000)
  region size 1024K, 3 young (3072K), 3 survivors (3072K)
 Metaspace       used 12037K, committed 12288K, reserved 1114112K
  class space    used 1730K, committed 1856K, reserved 1048576K
}
Event: 1.514 GC heap before
{Heap before GC invocations=9 (full 0):
 garbage-first heap   total 262144K, used 172381K [0x0000000081600000, 0x0000000100000000)
  region size 1024K, 153 young (156672K), 3 survivors (3072K)
 Metaspace       used 12258K, committed 12480K, reserved 1114112K
  class space    used 1747K, committed 1856K, reserved 1048576K
}
Event: 1.517 GC heap after
{Heap after GC invocations=10 (full 0):
 garbage-first heap   total 357376K, used 18872K [0x0000000081600000, 0x0000000100000000)
  region size 1024K, 4 young (4096K), 4 survivors (4096K)
 Metaspace       used 12258K, committed 12480K, reserved 1114112K
  class space    used 1747K, committed 1856K, reserved 1048576K
}
Event: 1.585 GC heap before
{Heap before GC invocations=10 (full 0):
 garbage-first heap   total 357376K, used 228792K [0x0000000081600000, 0x0000000100000000)
  region size 1024K, 209 young (214016K), 4 survivors (4096K)
 Metaspace       used 12398K, committed 12672K, reserved 1114112K
  class space    used 1747K, committed 1856K, reserved 1048576K
}
Event: 1.587 GC heap after
{Heap after GC invocations=11 (full 0):
 garbage-first heap   total 357376K, used 19378K [0x0000000081600000, 0x0000000100000000)
  region size 1024K, 4 young (4096K), 4 survivors (4096K)
 Metaspace       used 12398K, committed 12672K, reserved 1114112K
  class space    used 1747K, committed 1856K, reserved 1048576K
}
Event: 1.648 GC heap before
{Heap before GC invocations=11 (full 0):
 garbage-first heap   total 357376K, used 229298K [0x0000000081600000, 0x0000000100000000)
  region size 1024K, 209 young (214016K), 4 survivors (4096K)
 Metaspace       used 12520K, committed 12800K, reserved 1114112K
  class space    used 1749K, committed 1856K, reserved 1048576K
}
Event: 1.649 GC heap after
{Heap after GC invocations=12 (full 0):
 garbage-first heap   total 357376K, used 18831K [0x0000000081600000, 0x0000000100000000)
  region size 1024K, 4 young (4096K), 4 survivors (4096K)
 Metaspace       used 12520K, committed 12800K, reserved 1114112K
  class space    used 1749K, committed 1856K, reserved 1048576K
}
Event: 1.717 GC heap before
{Heap before GC invocations=12 (full 0):
 garbage-first heap   total 357376K, used 228751K [0x0000000081600000, 0x0000000100000000)
  region size 1024K, 209 young (214016K), 4 survivors (4096K)
 Metaspace       used 12639K, committed 12928K, reserved 1114112K
  class space    used 1750K, committed 1920K, reserved 1048576K
}
Event: 1.719 GC heap after
{Heap after GC invocations=13 (full 0):
 garbage-first heap   total 357376K, used 18796K [0x0000000081600000, 0x0000000100000000)
  region size 1024K, 3 young (3072K), 3 survivors (3072K)
 Metaspace       used 12639K, committed 12928K, reserved 1114112K
  class space    used 1750K, committed 1920K, reserved 1048576K
}
Event: 1.785 GC heap before
{Heap before GC invocations=13 (full 0):
 garbage-first heap   total 357376K, used 229740K [0x0000000081600000, 0x0000000100000000)
  region size 1024K, 209 young (214016K), 3 survivors (3072K)
 Metaspace       used 12712K, committed 12992K, reserved 1114112K
  class space    used 1750K, committed 1920K, reserved 1048576K
}
Event: 1.786 GC heap after
{Heap after GC invocations=14 (full 0):
 garbage-first heap   total 357376K, used 18883K [0x0000000081600000, 0x0000000100000000)
  region size 1024K, 4 young (4096K), 4 survivors (4096K)
 Metaspace       used 12712K, committed 12992K, reserved 1114112K
  class space    used 1750K, committed 1920K, reserved 1048576K
}
Event: 1.843 GC heap before
{Heap before GC invocations=14 (full 0):
 garbage-first heap   total 357376K, used 228803K [0x0000000081600000, 0x0000000100000000)
  region size 1024K, 209 young (214016K), 4 survivors (4096K)
 Metaspace       used 12712K, committed 12992K, reserved 1114112K
  class space    used 1750K, committed 1920K, reserved 1048576K
}
Event: 1.845 GC heap after
{Heap after GC invocations=15 (full 0):
 garbage-first heap   total 357376K, used 18840K [0x0000000081600000, 0x0000000100000000)
  region size 1024K, 4 young (4096K), 4 survivors (4096K)
 Metaspace       used 12712K, committed 12992K, reserved 1114112K
  class space    used 1750K, committed 1920K, reserved 1048576K
}
Event: 1.891 GC heap before
{Heap before GC invocations=15 (full 0):
 garbage-first heap   total 357376K, used 228760K [0x0000000081600000, 0x0000000100000000)
  region size 1024K, 209 young (214016K), 4 survivors (4096K)
 Metaspace       used 12712K, committed 12992K, reserved 1114112K
  class space    used 1750K, committed 1920K, reserved 1048576K
}
Event: 1.892 GC heap after
{Heap after GC invocations=16 (full 0):
 garbage-first heap   total 357376K, used 18840K [0x0000000081600000, 0x0000000100000000)
  region size 1024K, 4 young (4096K), 4 survivors (4096K)
 Metaspace       used 12712K, committed 12992K, reserved 1114112K
  class space    used 1750K, committed 1920K, reserved 1048576K
}
Event: 1.933 GC heap before
{Heap before GC invocations=16 (full 0):
 garbage-first heap   total 357376K, used 228760K [0x0000000081600000, 0x0000000100000000)
  region size 1024K, 209 young (214016K), 4 survivors (4096K)
 Metaspace       used 12713K, committed 12992K, reserved 1114112K
  class space    used 1750K, committed 1920K, reserved 1048576K
}

