# JRE version: OpenJDK Runtime Environment Zulu19.32+15-CA (19.0.2+7) (build 19.0.2+7)
# Java VM: OpenJDK 64-Bit Server VM Zulu19.32+15-CA (19.0.2+7, mixed mode, sharing, tiered, compressed oops, compressed class ptrs, g1 gc, windows-amd64)
GC Precious Log:
 CardTable entry size: 512
 Card Set container configuration: InlinePtr #cards 5 size 8 Array Of Cards #cards 12 size 40 Howl #buckets 4 coarsen threshold 1843 Howl Bitmap #cards 512 size 80 coarsen threshold 460 Card regions per heap region 1 cards per card region 2048
 CPUs: 12 total, 12 available
 Memory: 8059M
 Large Page Support: Disabled
 NUMA Support: Disabled
 Compressed Oops: Enabled (32-bit)
 Heap Region Size: 1M
 Heap Min Capacity: 8M
 Heap Initial Capacity: 8M
 Heap Max Capacity: 2016M
 Pre-touch: Disabled
 Parallel Workers: 10
 Concurrent Workers: 3
 Concurrent Refinement Workers: 10
 Periodic GC: Disabled
Heap:
 garbage-first heap   total 18432K, used 7758K [0x0000000082000000, 0x0000000100000000)
  region size 1024K, 1 young (1024K), 1 survivors (1024K)
 Metaspace       used 9786K, committed 9984K, reserved 1114112K
  class space    used 1118K, committed 1216K, reserved 1048576K
GC Heap History (20 events):
Event: 0.257 GC heap after
{Heap after GC invocations=3 (full 0):
 garbage-first heap   total 8192K, used 2152K [0x0000000082000000, 0x0000000100000000)
  region size 1024K, 1 young (1024K), 1 survivors (1024K)
 Metaspace       used 6513K, committed 6656K, reserved 1114112K
  class space    used 752K, committed 832K, reserved 1048576K
}
Event: 0.305 GC heap before
{Heap before GC invocations=3 (full 0):
 garbage-first heap   total 8192K, used 3176K [0x0000000082000000, 0x0000000100000000)
  region size 1024K, 2 young (2048K), 1 survivors (1024K)
 Metaspace       used 7773K, committed 7936K, reserved 1114112K
  class space    used 872K, committed 960K, reserved 1048576K
}
Event: 0.307 GC heap after
{Heap after GC invocations=4 (full 0):
 garbage-first heap   total 8192K, used 2420K [0x0000000082000000, 0x0000000100000000)
  region size 1024K, 1 young (1024K), 1 survivors (1024K)
 Metaspace       used 7773K, committed 7936K, reserved 1114112K
  class space    used 872K, committed 960K, reserved 1048576K
}
Event: 0.334 GC heap before
{Heap before GC invocations=4 (full 0):
 garbage-first heap   total 8192K, used 3444K [0x0000000082000000, 0x0000000100000000)
  region size 1024K, 2 young (2048K), 1 survivors (1024K)
 Metaspace       used 8012K, committed 8256K, reserved 1114112K
  class space    used 895K, committed 1024K, reserved 1048576K
}
Event: 0.335 GC heap after
{Heap after GC invocations=5 (full 0):
 garbage-first heap   total 10240K, used 2923K [0x0000000082000000, 0x0000000100000000)
  region size 1024K, 1 young (1024K), 1 survivors (1024K)
 Metaspace       used 8012K, committed 8256K, reserved 1114112K
  class space    used 895K, committed 1024K, reserved 1048576K
}
Event: 0.361 GC heap before
{Heap before GC invocations=5 (full 0):
 garbage-first heap   total 10240K, used 4971K [0x0000000082000000, 0x0000000100000000)
  region size 1024K, 3 young (3072K), 1 survivors (1024K)
 Metaspace       used 8216K, committed 8384K, reserved 1114112K
  class space    used 923K, committed 1024K, reserved 1048576K
}
Event: 0.363 GC heap after
{Heap after GC invocations=6 (full 0):
 garbage-first heap   total 10240K, used 3458K [0x0000000082000000, 0x0000000100000000)
  region size 1024K, 1 young (1024K), 1 survivors (1024K)
 Metaspace       used 8216K, committed 8384K, reserved 1114112K
  class space    used 923K, committed 1024K, reserved 1048576K
}
Event: 0.382 GC heap before
{Heap before GC invocations=6 (full 0):
 garbage-first heap   total 10240K, used 5506K [0x0000000082000000, 0x0000000100000000)
  region size 1024K, 3 young (3072K), 1 survivors (1024K)
 Metaspace       used 8278K, committed 8448K, reserved 1114112K
  class space    used 923K, committed 1024K, reserved 1048576K
}
Event: 0.384 GC heap after
{Heap after GC invocations=7 (full 0):
 garbage-first heap   total 10240K, used 3785K [0x0000000082000000, 0x0000000100000000)
  region size 1024K, 1 young (1024K), 1 survivors (1024K)
 Metaspace       used 8278K, committed 8448K, reserved 1114112K
  class space    used 923K, committed 1024K, reserved 1048576K
}
Event: 0.404 GC heap before
{Heap before GC invocations=7 (full 0):
 garbage-first heap   total 10240K, used 4809K [0x0000000082000000, 0x0000000100000000)
  region size 1024K, 2 young (2048K), 1 survivors (1024K)
 Metaspace       used 8398K, committed 8576K, reserved 1114112K
  class space    used 942K, committed 1024K, reserved 1048576K
}
Event: 0.405 GC heap after
{Heap after GC invocations=8 (full 0):
 garbage-first heap   total 10240K, used 3831K [0x0000000082000000, 0x0000000100000000)
  region size 1024K, 1 young (1024K), 1 survivors (1024K)
 Metaspace       used 8398K, committed 8576K, reserved 1114112K
  class space    used 942K, committed 1024K, reserved 1048576K
}
Event: 0.408 GC heap before
{Heap before GC invocations=8 (full 0):
 garbage-first heap   total 10240K, used 5879K [0x0000000082000000, 0x0000000100000000)
  region size 1024K, 3 young (3072K), 1 survivors (1024K)
 Metaspace       used 8411K, committed 8576K, reserved 1114112K
  class space    used 942K, committed 1024K, reserved 1048576K
}
Event: 0.410 GC heap after
{Heap after GC invocations=9 (full 0):
 garbage-first heap   total 18432K, used 4094K [0x0000000082000000, 0x0000000100000000)
  region size 1024K, 1 young (1024K), 1 survivors (1024K)
 Metaspace       used 8411K, committed 8576K, reserved 1114112K
  class space    used 942K, committed 1024K, reserved 1048576K
}
Event: 0.457 GC heap before
{Heap before GC invocations=9 (full 0):
 garbage-first heap   total 18432K, used 10238K [0x0000000082000000, 0x0000000100000000)
  region size 1024K, 7 young (7168K), 1 survivors (1024K)
 Metaspace       used 8618K, committed 8832K, reserved 1114112K
  class space    used 964K, committed 1088K, reserved 1048576K
}
Event: 0.460 GC heap after
{Heap after GC invocations=10 (full 0):
 garbage-first heap   total 18432K, used 5479K [0x0000000082000000, 0x0000000100000000)
  region size 1024K, 1 young (1024K), 1 survivors (1024K)
 Metaspace       used 8618K, committed 8832K, reserved 1114112K
  class space    used 964K, committed 1088K, reserved 1048576K
}
Event: 0.498 GC heap before
{Heap before GC invocations=10 (full 0):
 garbage-first heap   total 18432K, used 10599K [0x0000000082000000, 0x0000000100000000)
  region size 1024K, 6 young (6144K), 1 survivors (1024K)
 Metaspace       used 8967K, committed 9152K, reserved 1114112K
  class space    used 1013K, committed 1088K, reserved 1048576K
}
Event: 0.504 GC heap after
{Heap after GC invocations=11 (full 0):
 garbage-first heap   total 18432K, used 6375K [0x0000000082000000, 0x0000000100000000)
  region size 1024K, 1 young (1024K), 1 survivors (1024K)
 Metaspace       used 8967K, committed 9152K, reserved 1114112K
  class space    used 1013K, committed 1088K, reserved 1048576K
}
Event: 0.509 GC heap before
{Heap before GC invocations=11 (full 0):
 garbage-first heap   total 18432K, used 10471K [0x0000000082000000, 0x0000000100000000)
  region size 1024K, 5 young (5120K), 1 survivors (1024K)
 Metaspace       used 8970K, committed 9152K, reserved 1114112K
  class space    used 1013K, committed 1088K, reserved 1048576K
}
Event: 0.511 GC heap after
{Heap after GC invocations=12 (full 0):
 garbage-first heap   total 18432K, used 7003K [0x0000000082000000, 0x0000000100000000)
  region size 1024K, 1 young (1024K), 1 survivors (1024K)
 Metaspace       used 8970K, committed 9152K, reserved 1114112K
  class space    used 1013K, committed 1088K, reserved 1048576K
}
Event: 0.581 GC heap before
{Heap before GC invocations=12 (full 0):
 garbage-first heap   total 18432K, used 11099K [0x0000000082000000, 0x0000000100000000)
  region size 1024K, 5 young (5120K), 1 survivors (1024K)
 Metaspace       used 9786K, committed 9984K, reserved 1114112K
  class space    used 1118K, committed 1216K, reserved 1048576K
}

