# JRE version: OpenJDK Runtime Environment Zulu19.32+15-CA (19.0.2+7) (build 19.0.2+7)
# Java VM: OpenJDK 64-Bit Server VM Zulu19.32+15-CA (19.0.2+7, mixed mode, sharing, tiered, compressed oops, compressed class ptrs, g1 gc, windows-amd64)
GC Precious Log:
 CardTable entry size: 512
 Card Set container configuration: InlinePtr #cards 5 size 8 Array Of Cards #cards 12 size 40 Howl #buckets 4 coarsen threshold 1843 Howl Bitmap #cards 512 size 80 coarsen threshold 460 Card regions per heap region 1 cards per card region 2048
 CPUs: 12 total, 12 available
 Memory: 8099M
 Large Page Support: Disabled
 NUMA Support: Disabled
 Compressed Oops: Enabled (32-bit)
 Heap Region Size: 1M
 Heap Min Capacity: 8M
 Heap Initial Capacity: 128M
 Heap Max Capacity: 2026M
 Pre-touch: Disabled
 Parallel Workers: 10
 Concurrent Workers: 3
 Concurrent Refinement Workers: 10
 Periodic GC: Disabled
Heap:
 garbage-first heap   total 260096K, used 25215K [0x0000000081600000, 0x0000000100000000)
  region size 1024K, 4 young (4096K), 4 survivors (4096K)
 Metaspace       used 15342K, committed 15680K, reserved 1114112K
  class space    used 1976K, committed 2176K, reserved 1048576K
GC Heap History (20 events):
Event: 21.321 GC heap after
{Heap after GC invocations=3 (full 0):
 garbage-first heap   total 131072K, used 21606K [0x0000000081600000, 0x0000000100000000)
  region size 1024K, 7 young (7168K), 7 survivors (7168K)
 Metaspace       used 14996K, committed 15424K, reserved 1114112K
  class space    used 1974K, committed 2176K, reserved 1048576K
}
Event: 22.835 GC heap before
{Heap before GC invocations=3 (full 0):
 garbage-first heap   total 131072K, used 92262K [0x0000000081600000, 0x0000000100000000)
  region size 1024K, 76 young (77824K), 7 survivors (7168K)
 Metaspace       used 15197K, committed 15552K, reserved 1114112K
  class space    used 1976K, committed 2176K, reserved 1048576K
}
Event: 22.838 GC heap after
{Heap after GC invocations=4 (full 0):
 garbage-first heap   total 131072K, used 22257K [0x0000000081600000, 0x0000000100000000)
  region size 1024K, 3 young (3072K), 3 survivors (3072K)
 Metaspace       used 15197K, committed 15552K, reserved 1114112K
  class space    used 1976K, committed 2176K, reserved 1048576K
}
Event: 22.855 GC heap before
{Heap before GC invocations=4 (full 0):
 garbage-first heap   total 131072K, used 97009K [0x0000000081600000, 0x0000000100000000)
  region size 1024K, 76 young (77824K), 3 survivors (3072K)
 Metaspace       used 15204K, committed 15552K, reserved 1114112K
  class space    used 1976K, committed 2176K, reserved 1048576K
}
Event: 22.856 GC heap after
{Heap after GC invocations=5 (full 0):
 garbage-first heap   total 131072K, used 24258K [0x0000000081600000, 0x0000000100000000)
  region size 1024K, 4 young (4096K), 4 survivors (4096K)
 Metaspace       used 15204K, committed 15552K, reserved 1114112K
  class space    used 1976K, committed 2176K, reserved 1048576K
}
Event: 22.874 GC heap before
{Heap before GC invocations=5 (full 0):
 garbage-first heap   total 131072K, used 97986K [0x0000000081600000, 0x0000000100000000)
  region size 1024K, 76 young (77824K), 4 survivors (4096K)
 Metaspace       used 15220K, committed 15616K, reserved 1114112K
  class space    used 1976K, committed 2176K, reserved 1048576K
}
Event: 22.876 GC heap after
{Heap after GC invocations=6 (full 0):
 garbage-first heap   total 131072K, used 24292K [0x0000000081600000, 0x0000000100000000)
  region size 1024K, 4 young (4096K), 4 survivors (4096K)
 Metaspace       used 15220K, committed 15616K, reserved 1114112K
  class space    used 1976K, committed 2176K, reserved 1048576K
}
Event: 22.894 GC heap before
{Heap before GC invocations=6 (full 0):
 garbage-first heap   total 131072K, used 98020K [0x0000000081600000, 0x0000000100000000)
  region size 1024K, 76 young (77824K), 4 survivors (4096K)
 Metaspace       used 15224K, committed 15616K, reserved 1114112K
  class space    used 1976K, committed 2176K, reserved 1048576K
}
Event: 22.896 GC heap after
{Heap after GC invocations=7 (full 0):
 garbage-first heap   total 131072K, used 24250K [0x0000000081600000, 0x0000000100000000)
  region size 1024K, 4 young (4096K), 4 survivors (4096K)
 Metaspace       used 15224K, committed 15616K, reserved 1114112K
  class space    used 1976K, committed 2176K, reserved 1048576K
}
Event: 22.915 GC heap before
{Heap before GC invocations=7 (full 0):
 garbage-first heap   total 131072K, used 96954K [0x0000000081600000, 0x0000000100000000)
  region size 1024K, 76 young (77824K), 4 survivors (4096K)
 Metaspace       used 15239K, committed 15616K, reserved 1114112K
  class space    used 1976K, committed 2176K, reserved 1048576K
}
Event: 22.917 GC heap after
{Heap after GC invocations=8 (full 0):
 garbage-first heap   total 131072K, used 24868K [0x0000000081600000, 0x0000000100000000)
  region size 1024K, 4 young (4096K), 4 survivors (4096K)
 Metaspace       used 15239K, committed 15616K, reserved 1114112K
  class space    used 1976K, committed 2176K, reserved 1048576K
}
Event: 22.934 GC heap before
{Heap before GC invocations=8 (full 0):
 garbage-first heap   total 131072K, used 97572K [0x0000000081600000, 0x0000000100000000)
  region size 1024K, 76 young (77824K), 4 survivors (4096K)
 Metaspace       used 15249K, committed 15616K, reserved 1114112K
  class space    used 1976K, committed 2176K, reserved 1048576K
}
Event: 22.936 GC heap after
{Heap after GC invocations=9 (full 0):
 garbage-first heap   total 260096K, used 24683K [0x0000000081600000, 0x0000000100000000)
  region size 1024K, 4 young (4096K), 4 survivors (4096K)
 Metaspace       used 15249K, committed 15616K, reserved 1114112K
  class space    used 1976K, committed 2176K, reserved 1048576K
}
Event: 23.014 GC heap before
{Heap before GC invocations=9 (full 0):
 garbage-first heap   total 260096K, used 175211K [0x0000000081600000, 0x0000000100000000)
  region size 1024K, 152 young (155648K), 4 survivors (4096K)
 Metaspace       used 15321K, committed 15680K, reserved 1114112K
  class space    used 1976K, committed 2176K, reserved 1048576K
}
Event: 23.016 GC heap after
{Heap after GC invocations=10 (full 0):
 garbage-first heap   total 260096K, used 25151K [0x0000000081600000, 0x0000000100000000)
  region size 1024K, 4 young (4096K), 4 survivors (4096K)
 Metaspace       used 15321K, committed 15680K, reserved 1114112K
  class space    used 1976K, committed 2176K, reserved 1048576K
}
Event: 23.054 GC heap before
{Heap before GC invocations=10 (full 0):
 garbage-first heap   total 260096K, used 176703K [0x0000000081600000, 0x0000000100000000)
  region size 1024K, 152 young (155648K), 4 survivors (4096K)
 Metaspace       used 15321K, committed 15680K, reserved 1114112K
  class space    used 1976K, committed 2176K, reserved 1048576K
}
Event: 23.057 GC heap after
{Heap after GC invocations=11 (full 0):
 garbage-first heap   total 260096K, used 25922K [0x0000000081600000, 0x0000000100000000)
  region size 1024K, 5 young (5120K), 5 survivors (5120K)
 Metaspace       used 15321K, committed 15680K, reserved 1114112K
  class space    used 1976K, committed 2176K, reserved 1048576K
}
Event: 23.094 GC heap before
{Heap before GC invocations=11 (full 0):
 garbage-first heap   total 260096K, used 176450K [0x0000000081600000, 0x0000000100000000)
  region size 1024K, 152 young (155648K), 5 survivors (5120K)
 Metaspace       used 15342K, committed 15680K, reserved 1114112K
  class space    used 1976K, committed 2176K, reserved 1048576K
}
Event: 23.097 GC heap after
{Heap after GC invocations=12 (full 0):
 garbage-first heap   total 260096K, used 25076K [0x0000000081600000, 0x0000000100000000)
  region size 1024K, 4 young (4096K), 4 survivors (4096K)
 Metaspace       used 15342K, committed 15680K, reserved 1114112K
  class space    used 1976K, committed 2176K, reserved 1048576K
}
Event: 23.137 GC heap before
{Heap before GC invocations=12 (full 0):
 garbage-first heap   total 260096K, used 176628K [0x0000000081600000, 0x0000000100000000)
  region size 1024K, 152 young (155648K), 4 survivors (4096K)
 Metaspace       used 15342K, committed 15680K, reserved 1114112K
  class space    used 1976K, committed 2176K, reserved 1048576K
}

