# JRE version: OpenJDK Runtime Environment Zulu19.32+15-CA (19.0.2+7) (build 19.0.2+7)
# Java VM: OpenJDK 64-Bit Server VM Zulu19.32+15-CA (19.0.2+7, mixed mode, sharing, tiered, compressed oops, compressed class ptrs, g1 gc, windows-amd64)
GC Precious Log:
 CardTable entry size: 512
 Card Set container configuration: InlinePtr #cards 5 size 8 Array Of Cards #cards 12 size 40 Howl #buckets 4 coarsen threshold 1843 Howl Bitmap #cards 512 size 80 coarsen threshold 460 Card regions per heap region 1 cards per card region 2048
 CPUs: 12 total, 12 available
 Memory: 8059M
 Large Page Support: Disabled
 NUMA Support: Disabled
 Compressed Oops: Enabled (32-bit)
 Heap Region Size: 1M
 Heap Min Capacity: 8M
 Heap Initial Capacity: 8M
 Heap Max Capacity: 2016M
 Pre-touch: Disabled
 Parallel Workers: 10
 Concurrent Workers: 3
 Concurrent Refinement Workers: 10
 Periodic GC: Disabled
Heap:
 garbage-first heap   total 20480K, used 9938K [0x0000000082000000, 0x0000000100000000)
  region size 1024K, 1 young (1024K), 1 survivors (1024K)
 Metaspace       used 9614K, committed 9792K, reserved 1114112K
  class space    used 1072K, committed 1152K, reserved 1048576K
GC Heap History (20 events):
Event: 0.264 GC heap after
{Heap after GC invocations=3 (full 0):
 garbage-first heap   total 8192K, used 2181K [0x0000000082000000, 0x0000000100000000)
  region size 1024K, 1 young (1024K), 1 survivors (1024K)
 Metaspace       used 6505K, committed 6656K, reserved 1114112K
  class space    used 750K, committed 832K, reserved 1048576K
}
Event: 0.315 GC heap before
{Heap before GC invocations=3 (full 0):
 garbage-first heap   total 8192K, used 3205K [0x0000000082000000, 0x0000000100000000)
  region size 1024K, 2 young (2048K), 1 survivors (1024K)
 Metaspace       used 7853K, committed 8000K, reserved 1114112K
  class space    used 875K, committed 960K, reserved 1048576K
}
Event: 0.316 GC heap after
{Heap after GC invocations=4 (full 0):
 garbage-first heap   total 8192K, used 2450K [0x0000000082000000, 0x0000000100000000)
  region size 1024K, 1 young (1024K), 1 survivors (1024K)
 Metaspace       used 7853K, committed 8000K, reserved 1114112K
  class space    used 875K, committed 960K, reserved 1048576K
}
Event: 0.339 GC heap before
{Heap before GC invocations=4 (full 0):
 garbage-first heap   total 8192K, used 3474K [0x0000000082000000, 0x0000000100000000)
  region size 1024K, 2 young (2048K), 1 survivors (1024K)
 Metaspace       used 8093K, committed 8320K, reserved 1114112K
  class space    used 898K, committed 1024K, reserved 1048576K
}
Event: 0.341 GC heap after
{Heap after GC invocations=5 (full 0):
 garbage-first heap   total 10240K, used 2803K [0x0000000082000000, 0x0000000100000000)
  region size 1024K, 1 young (1024K), 1 survivors (1024K)
 Metaspace       used 8093K, committed 8320K, reserved 1114112K
  class space    used 898K, committed 1024K, reserved 1048576K
}
Event: 0.374 GC heap before
{Heap before GC invocations=5 (full 0):
 garbage-first heap   total 10240K, used 4851K [0x0000000082000000, 0x0000000100000000)
  region size 1024K, 3 young (3072K), 1 survivors (1024K)
 Metaspace       used 8306K, committed 8512K, reserved 1114112K
  class space    used 925K, committed 1024K, reserved 1048576K
}
Event: 0.376 GC heap after
{Heap after GC invocations=6 (full 0):
 garbage-first heap   total 10240K, used 3409K [0x0000000082000000, 0x0000000100000000)
  region size 1024K, 1 young (1024K), 1 survivors (1024K)
 Metaspace       used 8306K, committed 8512K, reserved 1114112K
  class space    used 925K, committed 1024K, reserved 1048576K
}
Event: 0.386 GC heap before
{Heap before GC invocations=6 (full 0):
 garbage-first heap   total 10240K, used 5457K [0x0000000082000000, 0x0000000100000000)
  region size 1024K, 3 young (3072K), 1 survivors (1024K)
 Metaspace       used 8349K, committed 8576K, reserved 1114112K
  class space    used 925K, committed 1024K, reserved 1048576K
}
Event: 0.389 GC heap after
{Heap after GC invocations=7 (full 0):
 garbage-first heap   total 10240K, used 3716K [0x0000000082000000, 0x0000000100000000)
  region size 1024K, 1 young (1024K), 1 survivors (1024K)
 Metaspace       used 8349K, committed 8576K, reserved 1114112K
  class space    used 925K, committed 1024K, reserved 1048576K
}
Event: 0.402 GC heap before
{Heap before GC invocations=7 (full 0):
 garbage-first heap   total 10240K, used 4740K [0x0000000082000000, 0x0000000100000000)
  region size 1024K, 2 young (2048K), 1 survivors (1024K)
 Metaspace       used 8437K, committed 8640K, reserved 1114112K
  class space    used 934K, committed 1024K, reserved 1048576K
}
Event: 0.403 GC heap after
{Heap after GC invocations=8 (full 0):
 garbage-first heap   total 10240K, used 3825K [0x0000000082000000, 0x0000000100000000)
  region size 1024K, 1 young (1024K), 1 survivors (1024K)
 Metaspace       used 8437K, committed 8640K, reserved 1114112K
  class space    used 934K, committed 1024K, reserved 1048576K
}
Event: 0.409 GC heap before
{Heap before GC invocations=8 (full 0):
 garbage-first heap   total 10240K, used 5873K [0x0000000082000000, 0x0000000100000000)
  region size 1024K, 3 young (3072K), 1 survivors (1024K)
 Metaspace       used 8457K, committed 8640K, reserved 1114112K
  class space    used 934K, committed 1024K, reserved 1048576K
}
Event: 0.410 GC heap after
{Heap after GC invocations=9 (full 0):
 garbage-first heap   total 20480K, used 4148K [0x0000000082000000, 0x0000000100000000)
  region size 1024K, 1 young (1024K), 1 survivors (1024K)
 Metaspace       used 8457K, committed 8640K, reserved 1114112K
  class space    used 934K, committed 1024K, reserved 1048576K
}
Event: 0.446 GC heap before
{Heap before GC invocations=9 (full 0):
 garbage-first heap   total 20480K, used 11316K [0x0000000082000000, 0x0000000100000000)
  region size 1024K, 8 young (8192K), 1 survivors (1024K)
 Metaspace       used 8593K, committed 8768K, reserved 1114112K
  class space    used 949K, committed 1024K, reserved 1048576K
}
Event: 0.449 GC heap after
{Heap after GC invocations=10 (full 0):
 garbage-first heap   total 20480K, used 4970K [0x0000000082000000, 0x0000000100000000)
  region size 1024K, 1 young (1024K), 1 survivors (1024K)
 Metaspace       used 8593K, committed 8768K, reserved 1114112K
  class space    used 949K, committed 1024K, reserved 1048576K
}
Event: 0.479 GC heap before
{Heap before GC invocations=10 (full 0):
 garbage-first heap   total 20480K, used 12138K [0x0000000082000000, 0x0000000100000000)
  region size 1024K, 9 young (9216K), 1 survivors (1024K)
 Metaspace       used 8640K, committed 8832K, reserved 1114112K
  class space    used 950K, committed 1024K, reserved 1048576K
}
Event: 0.483 GC heap after
{Heap after GC invocations=11 (full 0):
 garbage-first heap   total 20480K, used 6814K [0x0000000082000000, 0x0000000100000000)
  region size 1024K, 2 young (2048K), 2 survivors (2048K)
 Metaspace       used 8640K, committed 8832K, reserved 1114112K
  class space    used 950K, committed 1024K, reserved 1048576K
}
Event: 0.528 GC heap before
{Heap before GC invocations=11 (full 0):
 garbage-first heap   total 20480K, used 12958K [0x0000000082000000, 0x0000000100000000)
  region size 1024K, 8 young (8192K), 2 survivors (2048K)
 Metaspace       used 8848K, committed 9024K, reserved 1114112K
  class space    used 973K, committed 1088K, reserved 1048576K
}
Event: 0.534 GC heap after
{Heap after GC invocations=12 (full 0):
 garbage-first heap   total 20480K, used 7742K [0x0000000082000000, 0x0000000100000000)
  region size 1024K, 1 young (1024K), 1 survivors (1024K)
 Metaspace       used 8848K, committed 9024K, reserved 1114112K
  class space    used 973K, committed 1088K, reserved 1048576K
}
Event: 0.687 GC heap before
{Heap before GC invocations=12 (full 0):
 garbage-first heap   total 20480K, used 14910K [0x0000000082000000, 0x0000000100000000)
  region size 1024K, 7 young (7168K), 1 survivors (1024K)
 Metaspace       used 9614K, committed 9792K, reserved 1114112K
  class space    used 1072K, committed 1152K, reserved 1048576K
}

