# JRE version: OpenJDK Runtime Environment Zulu19.32+15-CA (19.0.2+7) (build 19.0.2+7)
# Java VM: OpenJDK 64-Bit Server VM Zulu19.32+15-CA (19.0.2+7, mixed mode, sharing, tiered, compressed oops, compressed class ptrs, g1 gc, windows-amd64)
GC Precious Log:
 CardTable entry size: 512
 Card Set container configuration: InlinePtr #cards 5 size 8 Array Of Cards #cards 12 size 40 Howl #buckets 4 coarsen threshold 1843 Howl Bitmap #cards 512 size 80 coarsen threshold 460 Card regions per heap region 1 cards per card region 2048
 CPUs: 12 total, 12 available
 Memory: 8099M
 Large Page Support: Disabled
 NUMA Support: Disabled
 Compressed Oops: Enabled (32-bit)
 Heap Region Size: 1M
 Heap Min Capacity: 8M
 Heap Initial Capacity: 8M
 Heap Max Capacity: 2026M
 Pre-touch: Disabled
 Parallel Workers: 10
 Concurrent Workers: 3
 Concurrent Refinement Workers: 10
 Periodic GC: Disabled
Heap:
 garbage-first heap   total 8192K, used 2780K [0x0000000081600000, 0x0000000100000000)
  region size 1024K, 1 young (1024K), 1 survivors (1024K)
 Metaspace       used 8055K, committed 8256K, reserved 1114112K
  class space    used 895K, committed 1024K, reserved 1048576K
GC Heap History (9 events):
Event: 0.139 GC heap before
{Heap before GC invocations=0 (full 0):
 garbage-first heap   total 8192K, used 3072K [0x0000000081600000, 0x0000000100000000)
  region size 1024K, 3 young (3072K), 0 survivors (0K)
 Metaspace       used 2393K, committed 2624K, reserved 1114112K
  class space    used 258K, committed 384K, reserved 1048576K
}
Event: 0.141 GC heap after
{Heap after GC invocations=1 (full 0):
 garbage-first heap   total 8192K, used 1189K [0x0000000081600000, 0x0000000100000000)
  region size 1024K, 1 young (1024K), 1 survivors (1024K)
 Metaspace       used 2393K, committed 2624K, reserved 1114112K
  class space    used 258K, committed 384K, reserved 1048576K
}
Event: 0.185 GC heap before
{Heap before GC invocations=1 (full 0):
 garbage-first heap   total 8192K, used 2213K [0x0000000081600000, 0x0000000100000000)
  region size 1024K, 2 young (2048K), 1 survivors (1024K)
 Metaspace       used 4306K, committed 4480K, reserved 1114112K
  class space    used 509K, committed 640K, reserved 1048576K
}
Event: 0.187 GC heap after
{Heap after GC invocations=2 (full 0):
 garbage-first heap   total 8192K, used 1780K [0x0000000081600000, 0x0000000100000000)
  region size 1024K, 1 young (1024K), 1 survivors (1024K)
 Metaspace       used 4306K, committed 4480K, reserved 1114112K
  class space    used 509K, committed 640K, reserved 1048576K
}
Event: 0.232 GC heap before
{Heap before GC invocations=2 (full 0):
 garbage-first heap   total 8192K, used 2804K [0x0000000081600000, 0x0000000100000000)
  region size 1024K, 2 young (2048K), 1 survivors (1024K)
 Metaspace       used 6213K, committed 6336K, reserved 1114112K
  class space    used 705K, committed 768K, reserved 1048576K
}
Event: 0.233 GC heap after
{Heap after GC invocations=3 (full 0):
 garbage-first heap   total 8192K, used 2195K [0x0000000081600000, 0x0000000100000000)
  region size 1024K, 1 young (1024K), 1 survivors (1024K)
 Metaspace       used 6213K, committed 6336K, reserved 1114112K
  class space    used 705K, committed 768K, reserved 1048576K
}
Event: 0.283 GC heap before
{Heap before GC invocations=3 (full 0):
 garbage-first heap   total 8192K, used 3219K [0x0000000081600000, 0x0000000100000000)
  region size 1024K, 2 young (2048K), 1 survivors (1024K)
 Metaspace       used 7779K, committed 7872K, reserved 1114112K
  class space    used 864K, committed 896K, reserved 1048576K
}
Event: 0.285 GC heap after
{Heap after GC invocations=4 (full 0):
 garbage-first heap   total 8192K, used 2495K [0x0000000081600000, 0x0000000100000000)
  region size 1024K, 1 young (1024K), 1 survivors (1024K)
 Metaspace       used 7779K, committed 7872K, reserved 1114112K
  class space    used 864K, committed 896K, reserved 1048576K
}
Event: 0.307 GC heap before
{Heap before GC invocations=4 (full 0):
 garbage-first heap   total 8192K, used 3519K [0x0000000081600000, 0x0000000100000000)
  region size 1024K, 2 young (2048K), 1 survivors (1024K)
 Metaspace       used 8055K, committed 8256K, reserved 1114112K
  class space    used 895K, committed 1024K, reserved 1048576K
}

