# JRE version: OpenJDK Runtime Environment Zulu19.32+15-CA (19.0.2+7) (build 19.0.2+7)
# Java VM: OpenJDK 64-Bit Server VM Zulu19.32+15-CA (19.0.2+7, mixed mode, sharing, tiered, compressed oops, compressed class ptrs, g1 gc, windows-amd64)
GC Precious Log:
 CardTable entry size: 512
 Card Set container configuration: InlinePtr #cards 5 size 8 Array Of Cards #cards 12 size 40 Howl #buckets 4 coarsen threshold 1843 Howl Bitmap #cards 512 size 80 coarsen threshold 460 Card regions per heap region 1 cards per card region 2048
 CPUs: 12 total, 12 available
 Memory: 8099M
 Large Page Support: Disabled
 NUMA Support: Disabled
 Compressed Oops: Enabled (32-bit)
 Heap Region Size: 1M
 Heap Min Capacity: 8M
 Heap Initial Capacity: 128M
 Heap Max Capacity: 2026M
 Pre-touch: Disabled
 Parallel Workers: 10
 Concurrent Workers: 3
 Concurrent Refinement Workers: 10
 Periodic GC: Disabled
Heap:
 garbage-first heap   total 375808K, used 23936K [0x0000000081600000, 0x0000000100000000)
  region size 1024K, 4 young (4096K), 4 survivors (4096K)
 Metaspace       used 13817K, committed 14144K, reserved 1114112K
  class space    used 1815K, committed 1984K, reserved 1048576K
GC Heap History (20 events):
Event: 5.562 GC heap after
{Heap after GC invocations=6 (full 0):
 garbage-first heap   total 131072K, used 31651K [0x0000000081600000, 0x0000000100000000)
  region size 1024K, 4 young (4096K), 4 survivors (4096K)
 Metaspace       used 13766K, committed 14080K, reserved 1114112K
  class space    used 1815K, committed 1984K, reserved 1048576K
}
Event: 5.586 GC heap before
{Heap before GC invocations=6 (full 0):
 garbage-first heap   total 131072K, used 105379K [0x0000000081600000, 0x0000000100000000)
  region size 1024K, 76 young (77824K), 4 survivors (4096K)
 Metaspace       used 13786K, committed 14080K, reserved 1114112K
  class space    used 1815K, committed 1984K, reserved 1048576K
}
Event: 5.589 GC heap after
{Heap after GC invocations=7 (full 0):
 garbage-first heap   total 131072K, used 23932K [0x0000000081600000, 0x0000000100000000)
  region size 1024K, 4 young (4096K), 4 survivors (4096K)
 Metaspace       used 13786K, committed 14080K, reserved 1114112K
  class space    used 1815K, committed 1984K, reserved 1048576K
}
Event: 5.613 GC heap before
{Heap before GC invocations=7 (full 0):
 garbage-first heap   total 131072K, used 97660K [0x0000000081600000, 0x0000000100000000)
  region size 1024K, 76 young (77824K), 4 survivors (4096K)
 Metaspace       used 13807K, committed 14080K, reserved 1114112K
  class space    used 1815K, committed 1984K, reserved 1048576K
}
Event: 5.615 GC heap after
{Heap after GC invocations=8 (full 0):
 garbage-first heap   total 262144K, used 23358K [0x0000000081600000, 0x0000000100000000)
  region size 1024K, 4 young (4096K), 4 survivors (4096K)
 Metaspace       used 13807K, committed 14080K, reserved 1114112K
  class space    used 1815K, committed 1984K, reserved 1048576K
}
Event: 5.681 GC heap before
{Heap before GC invocations=8 (full 0):
 garbage-first heap   total 262144K, used 175934K [0x0000000081600000, 0x0000000100000000)
  region size 1024K, 153 young (156672K), 4 survivors (4096K)
 Metaspace       used 13807K, committed 14080K, reserved 1114112K
  class space    used 1815K, committed 1984K, reserved 1048576K
}
Event: 5.682 GC heap after
{Heap after GC invocations=9 (full 0):
 garbage-first heap   total 262144K, used 23824K [0x0000000081600000, 0x0000000100000000)
  region size 1024K, 4 young (4096K), 4 survivors (4096K)
 Metaspace       used 13807K, committed 14080K, reserved 1114112K
  class space    used 1815K, committed 1984K, reserved 1048576K
}
Event: 5.717 GC heap before
{Heap before GC invocations=9 (full 0):
 garbage-first heap   total 262144K, used 176400K [0x0000000081600000, 0x0000000100000000)
  region size 1024K, 153 young (156672K), 4 survivors (4096K)
 Metaspace       used 13810K, committed 14144K, reserved 1114112K
  class space    used 1815K, committed 1984K, reserved 1048576K
}
Event: 5.719 GC heap after
{Heap after GC invocations=10 (full 0):
 garbage-first heap   total 262144K, used 23769K [0x0000000081600000, 0x0000000100000000)
  region size 1024K, 4 young (4096K), 4 survivors (4096K)
 Metaspace       used 13810K, committed 14144K, reserved 1114112K
  class space    used 1815K, committed 1984K, reserved 1048576K
}
Event: 5.745 GC heap before
{Heap before GC invocations=10 (full 0):
 garbage-first heap   total 262144K, used 176345K [0x0000000081600000, 0x0000000100000000)
  region size 1024K, 153 young (156672K), 4 survivors (4096K)
 Metaspace       used 13810K, committed 14144K, reserved 1114112K
  class space    used 1815K, committed 1984K, reserved 1048576K
}
Event: 5.746 GC heap after
{Heap after GC invocations=11 (full 0):
 garbage-first heap   total 262144K, used 23862K [0x0000000081600000, 0x0000000100000000)
  region size 1024K, 4 young (4096K), 4 survivors (4096K)
 Metaspace       used 13810K, committed 14144K, reserved 1114112K
  class space    used 1815K, committed 1984K, reserved 1048576K
}
Event: 5.772 GC heap before
{Heap before GC invocations=11 (full 0):
 garbage-first heap   total 262144K, used 176438K [0x0000000081600000, 0x0000000100000000)
  region size 1024K, 153 young (156672K), 4 survivors (4096K)
 Metaspace       used 13810K, committed 14144K, reserved 1114112K
  class space    used 1815K, committed 1984K, reserved 1048576K
}
Event: 5.774 GC heap after
{Heap after GC invocations=12 (full 0):
 garbage-first heap   total 375808K, used 23995K [0x0000000081600000, 0x0000000100000000)
  region size 1024K, 4 young (4096K), 4 survivors (4096K)
 Metaspace       used 13810K, committed 14144K, reserved 1114112K
  class space    used 1815K, committed 1984K, reserved 1048576K
}
Event: 5.840 GC heap before
{Heap before GC invocations=12 (full 0):
 garbage-first heap   total 375808K, used 245179K [0x0000000081600000, 0x0000000100000000)
  region size 1024K, 220 young (225280K), 4 survivors (4096K)
 Metaspace       used 13814K, committed 14144K, reserved 1114112K
  class space    used 1815K, committed 1984K, reserved 1048576K
}
Event: 5.843 GC heap after
{Heap after GC invocations=13 (full 0):
 garbage-first heap   total 375808K, used 23943K [0x0000000081600000, 0x0000000100000000)
  region size 1024K, 4 young (4096K), 4 survivors (4096K)
 Metaspace       used 13814K, committed 14144K, reserved 1114112K
  class space    used 1815K, committed 1984K, reserved 1048576K
}
Event: 5.882 GC heap before
{Heap before GC invocations=13 (full 0):
 garbage-first heap   total 375808K, used 245127K [0x0000000081600000, 0x0000000100000000)
  region size 1024K, 220 young (225280K), 4 survivors (4096K)
 Metaspace       used 13814K, committed 14144K, reserved 1114112K
  class space    used 1815K, committed 1984K, reserved 1048576K
}
Event: 5.884 GC heap after
{Heap after GC invocations=14 (full 0):
 garbage-first heap   total 375808K, used 23904K [0x0000000081600000, 0x0000000100000000)
  region size 1024K, 4 young (4096K), 4 survivors (4096K)
 Metaspace       used 13814K, committed 14144K, reserved 1114112K
  class space    used 1815K, committed 1984K, reserved 1048576K
}
Event: 5.924 GC heap before
{Heap before GC invocations=14 (full 0):
 garbage-first heap   total 375808K, used 245088K [0x0000000081600000, 0x0000000100000000)
  region size 1024K, 220 young (225280K), 4 survivors (4096K)
 Metaspace       used 13817K, committed 14144K, reserved 1114112K
  class space    used 1815K, committed 1984K, reserved 1048576K
}
Event: 5.926 GC heap after
{Heap after GC invocations=15 (full 0):
 garbage-first heap   total 375808K, used 23852K [0x0000000081600000, 0x0000000100000000)
  region size 1024K, 4 young (4096K), 4 survivors (4096K)
 Metaspace       used 13817K, committed 14144K, reserved 1114112K
  class space    used 1815K, committed 1984K, reserved 1048576K
}
Event: 5.965 GC heap before
{Heap before GC invocations=15 (full 0):
 garbage-first heap   total 375808K, used 245036K [0x0000000081600000, 0x0000000100000000)
  region size 1024K, 220 young (225280K), 4 survivors (4096K)
 Metaspace       used 13817K, committed 14144K, reserved 1114112K
  class space    used 1815K, committed 1984K, reserved 1048576K
}

