# JRE version: OpenJDK Runtime Environment Zulu19.32+15-CA (19.0.2+7) (build 19.0.2+7)
# Java VM: OpenJDK 64-Bit Server VM Zulu19.32+15-CA (19.0.2+7, mixed mode, sharing, tiered, compressed oops, compressed class ptrs, g1 gc, windows-amd64)
GC Precious Log:
 CardTable entry size: 512
 Card Set container configuration: InlinePtr #cards 5 size 8 Array Of Cards #cards 12 size 40 Howl #buckets 4 coarsen threshold 1843 Howl Bitmap #cards 512 size 80 coarsen threshold 460 Card regions per heap region 1 cards per card region 2048
 CPUs: 12 total, 12 available
 Memory: 8099M
 Large Page Support: Disabled
 NUMA Support: Disabled
 Compressed Oops: Enabled (32-bit)
 Heap Region Size: 1M
 Heap Min Capacity: 8M
 Heap Initial Capacity: 128M
 Heap Max Capacity: 2026M
 Pre-touch: Disabled
 Parallel Workers: 10
 Concurrent Workers: 3
 Concurrent Refinement Workers: 10
 Periodic GC: Disabled
Heap:
 garbage-first heap   total 509952K, used 112587K [0x0000000081600000, 0x0000000100000000)
  region size 1024K, 2 young (2048K), 2 survivors (2048K)
 Metaspace       used 14894K, committed 15232K, reserved 1114112K
  class space    used 1818K, committed 1984K, reserved 1048576K
GC Heap History (20 events):
Event: 59.142 GC heap after
{Heap after GC invocations=1103 (full 0):
 garbage-first heap   total 509952K, used 112719K [0x0000000081600000, 0x0000000100000000)
  region size 1024K, 3 young (3072K), 3 survivors (3072K)
 Metaspace       used 14893K, committed 15232K, reserved 1114112K
  class space    used 1818K, committed 1984K, reserved 1048576K
}
Event: 59.195 GC heap before
{Heap before GC invocations=1103 (full 0):
 garbage-first heap   total 509952K, used 414799K [0x0000000081600000, 0x0000000100000000)
  region size 1024K, 298 young (305152K), 3 survivors (3072K)
 Metaspace       used 14893K, committed 15232K, reserved 1114112K
  class space    used 1818K, committed 1984K, reserved 1048576K
}
Event: 59.197 GC heap after
{Heap after GC invocations=1104 (full 0):
 garbage-first heap   total 509952K, used 112677K [0x0000000081600000, 0x0000000100000000)
  region size 1024K, 3 young (3072K), 3 survivors (3072K)
 Metaspace       used 14893K, committed 15232K, reserved 1114112K
  class space    used 1818K, committed 1984K, reserved 1048576K
}
Event: 59.249 GC heap before
{Heap before GC invocations=1104 (full 0):
 garbage-first heap   total 509952K, used 414757K [0x0000000081600000, 0x0000000100000000)
  region size 1024K, 298 young (305152K), 3 survivors (3072K)
 Metaspace       used 14893K, committed 15232K, reserved 1114112K
  class space    used 1818K, committed 1984K, reserved 1048576K
}
Event: 59.251 GC heap after
{Heap after GC invocations=1105 (full 0):
 garbage-first heap   total 509952K, used 112742K [0x0000000081600000, 0x0000000100000000)
  region size 1024K, 3 young (3072K), 3 survivors (3072K)
 Metaspace       used 14893K, committed 15232K, reserved 1114112K
  class space    used 1818K, committed 1984K, reserved 1048576K
}
Event: 59.301 GC heap before
{Heap before GC invocations=1105 (full 0):
 garbage-first heap   total 509952K, used 413798K [0x0000000081600000, 0x0000000100000000)
  region size 1024K, 298 young (305152K), 3 survivors (3072K)
 Metaspace       used 14893K, committed 15232K, reserved 1114112K
  class space    used 1818K, committed 1984K, reserved 1048576K
}
Event: 59.304 GC heap after
{Heap after GC invocations=1106 (full 0):
 garbage-first heap   total 509952K, used 112739K [0x0000000081600000, 0x0000000100000000)
  region size 1024K, 3 young (3072K), 3 survivors (3072K)
 Metaspace       used 14893K, committed 15232K, reserved 1114112K
  class space    used 1818K, committed 1984K, reserved 1048576K
}
Event: 59.354 GC heap before
{Heap before GC invocations=1106 (full 0):
 garbage-first heap   total 509952K, used 413795K [0x0000000081600000, 0x0000000100000000)
  region size 1024K, 298 young (305152K), 3 survivors (3072K)
 Metaspace       used 14893K, committed 15232K, reserved 1114112K
  class space    used 1818K, committed 1984K, reserved 1048576K
}
Event: 59.356 GC heap after
{Heap after GC invocations=1107 (full 0):
 garbage-first heap   total 509952K, used 112698K [0x0000000081600000, 0x0000000100000000)
  region size 1024K, 3 young (3072K), 3 survivors (3072K)
 Metaspace       used 14893K, committed 15232K, reserved 1114112K
  class space    used 1818K, committed 1984K, reserved 1048576K
}
Event: 59.407 GC heap before
{Heap before GC invocations=1107 (full 0):
 garbage-first heap   total 509952K, used 414778K [0x0000000081600000, 0x0000000100000000)
  region size 1024K, 298 young (305152K), 3 survivors (3072K)
 Metaspace       used 14893K, committed 15232K, reserved 1114112K
  class space    used 1818K, committed 1984K, reserved 1048576K
}
Event: 59.409 GC heap after
{Heap after GC invocations=1108 (full 0):
 garbage-first heap   total 509952K, used 112721K [0x0000000081600000, 0x0000000100000000)
  region size 1024K, 3 young (3072K), 3 survivors (3072K)
 Metaspace       used 14893K, committed 15232K, reserved 1114112K
  class space    used 1818K, committed 1984K, reserved 1048576K
}
Event: 59.461 GC heap before
{Heap before GC invocations=1108 (full 0):
 garbage-first heap   total 509952K, used 413777K [0x0000000081600000, 0x0000000100000000)
  region size 1024K, 298 young (305152K), 3 survivors (3072K)
 Metaspace       used 14893K, committed 15232K, reserved 1114112K
  class space    used 1818K, committed 1984K, reserved 1048576K
}
Event: 59.463 GC heap after
{Heap after GC invocations=1109 (full 0):
 garbage-first heap   total 509952K, used 112704K [0x0000000081600000, 0x0000000100000000)
  region size 1024K, 3 young (3072K), 3 survivors (3072K)
 Metaspace       used 14893K, committed 15232K, reserved 1114112K
  class space    used 1818K, committed 1984K, reserved 1048576K
}
Event: 59.514 GC heap before
{Heap before GC invocations=1109 (full 0):
 garbage-first heap   total 509952K, used 413760K [0x0000000081600000, 0x0000000100000000)
  region size 1024K, 298 young (305152K), 3 survivors (3072K)
 Metaspace       used 14893K, committed 15232K, reserved 1114112K
  class space    used 1818K, committed 1984K, reserved 1048576K
}
Event: 59.516 GC heap after
{Heap after GC invocations=1110 (full 0):
 garbage-first heap   total 509952K, used 112699K [0x0000000081600000, 0x0000000100000000)
  region size 1024K, 3 young (3072K), 3 survivors (3072K)
 Metaspace       used 14893K, committed 15232K, reserved 1114112K
  class space    used 1818K, committed 1984K, reserved 1048576K
}
Event: 59.566 GC heap before
{Heap before GC invocations=1110 (full 0):
 garbage-first heap   total 509952K, used 413755K [0x0000000081600000, 0x0000000100000000)
  region size 1024K, 298 young (305152K), 3 survivors (3072K)
 Metaspace       used 14893K, committed 15232K, reserved 1114112K
  class space    used 1818K, committed 1984K, reserved 1048576K
}
Event: 59.568 GC heap after
{Heap after GC invocations=1111 (full 0):
 garbage-first heap   total 509952K, used 112738K [0x0000000081600000, 0x0000000100000000)
  region size 1024K, 3 young (3072K), 3 survivors (3072K)
 Metaspace       used 14893K, committed 15232K, reserved 1114112K
  class space    used 1818K, committed 1984K, reserved 1048576K
}
Event: 59.619 GC heap before
{Heap before GC invocations=1111 (full 0):
 garbage-first heap   total 509952K, used 413794K [0x0000000081600000, 0x0000000100000000)
  region size 1024K, 298 young (305152K), 3 survivors (3072K)
 Metaspace       used 14893K, committed 15232K, reserved 1114112K
  class space    used 1818K, committed 1984K, reserved 1048576K
}
Event: 59.621 GC heap after
{Heap after GC invocations=1112 (full 0):
 garbage-first heap   total 509952K, used 112672K [0x0000000081600000, 0x0000000100000000)
  region size 1024K, 3 young (3072K), 3 survivors (3072K)
 Metaspace       used 14893K, committed 15232K, reserved 1114112K
  class space    used 1818K, committed 1984K, reserved 1048576K
}
Event: 59.673 GC heap before
{Heap before GC invocations=1112 (full 0):
 garbage-first heap   total 509952K, used 413728K [0x0000000081600000, 0x0000000100000000)
  region size 1024K, 298 young (305152K), 3 survivors (3072K)
 Metaspace       used 14894K, committed 15232K, reserved 1114112K
  class space    used 1818K, committed 1984K, reserved 1048576K
}

