# JRE version: OpenJDK Runtime Environment Zulu19.32+15-CA (19.0.2+7) (build 19.0.2+7)
# Java VM: OpenJDK 64-Bit Server VM Zulu19.32+15-CA (19.0.2+7, mixed mode, sharing, tiered, compressed oops, compressed class ptrs, g1 gc, windows-amd64)
GC Precious Log:
 CardTable entry size: 512
 Card Set container configuration: InlinePtr #cards 5 size 8 Array Of Cards #cards 12 size 40 Howl #buckets 4 coarsen threshold 1843 Howl Bitmap #cards 512 size 80 coarsen threshold 460 Card regions per heap region 1 cards per card region 2048
 CPUs: 12 total, 12 available
 Memory: 8099M
 Large Page Support: Disabled
 NUMA Support: Disabled
 Compressed Oops: Enabled (32-bit)
 Heap Region Size: 1M
 Heap Min Capacity: 8M
 Heap Initial Capacity: 128M
 Heap Max Capacity: 2026M
 Pre-touch: Disabled
 Parallel Workers: 10
 Concurrent Workers: 3
 Concurrent Refinement Workers: 10
 Periodic GC: Disabled
Heap:
 garbage-first heap   total 131072K, used 25059K [0x0000000081600000, 0x0000000100000000)
  region size 1024K, 2 young (2048K), 2 survivors (2048K)
 Metaspace       used 12621K, committed 12928K, reserved 1114112K
  class space    used 1725K, committed 1856K, reserved 1048576K
GC Heap History (11 events):
Event: 4.829 GC heap before
{Heap before GC invocations=0 (full 0):
 garbage-first heap   total 131072K, used 40960K [0x0000000081600000, 0x0000000100000000)
  region size 1024K, 23 young (23552K), 0 survivors (0K)
 Metaspace       used 11937K, committed 12224K, reserved 1114112K
  class space    used 1598K, committed 1728K, reserved 1048576K
}
Event: 4.834 GC heap after
{Heap after GC invocations=1 (full 0):
 garbage-first heap   total 131072K, used 22748K [0x0000000081600000, 0x0000000100000000)
  region size 1024K, 3 young (3072K), 3 survivors (3072K)
 Metaspace       used 11937K, committed 12224K, reserved 1114112K
  class space    used 1598K, committed 1728K, reserved 1048576K
}
Event: 4.843 GC heap before
{Heap before GC invocations=1 (full 0):
 garbage-first heap   total 131072K, used 51420K [0x0000000081600000, 0x0000000100000000)
  region size 1024K, 31 young (31744K), 3 survivors (3072K)
 Metaspace       used 12031K, committed 12288K, reserved 1114112K
  class space    used 1630K, committed 1728K, reserved 1048576K
}
Event: 4.846 GC heap after
{Heap after GC invocations=2 (full 0):
 garbage-first heap   total 131072K, used 23530K [0x0000000081600000, 0x0000000100000000)
  region size 1024K, 1 young (1024K), 1 survivors (1024K)
 Metaspace       used 12031K, committed 12288K, reserved 1114112K
  class space    used 1630K, committed 1728K, reserved 1048576K
}
Event: 4.869 GC heap before
{Heap before GC invocations=2 (full 0):
 garbage-first heap   total 131072K, used 94186K [0x0000000081600000, 0x0000000100000000)
  region size 1024K, 70 young (71680K), 1 survivors (1024K)
 Metaspace       used 12064K, committed 12288K, reserved 1114112K
  class space    used 1633K, committed 1728K, reserved 1048576K
}
Event: 4.870 GC heap after
{Heap after GC invocations=3 (full 0):
 garbage-first heap   total 131072K, used 25383K [0x0000000081600000, 0x0000000100000000)
  region size 1024K, 2 young (2048K), 2 survivors (2048K)
 Metaspace       used 12064K, committed 12288K, reserved 1114112K
  class space    used 1633K, committed 1728K, reserved 1048576K
}
Event: 4.887 GC heap before
{Heap before GC invocations=3 (full 0):
 garbage-first heap   total 131072K, used 101159K [0x0000000081600000, 0x0000000100000000)
  region size 1024K, 76 young (77824K), 2 survivors (2048K)
 Metaspace       used 12319K, committed 12608K, reserved 1114112K
  class space    used 1665K, committed 1792K, reserved 1048576K
}
Event: 4.888 GC heap after
{Heap after GC invocations=4 (full 0):
 garbage-first heap   total 131072K, used 24958K [0x0000000081600000, 0x0000000100000000)
  region size 1024K, 2 young (2048K), 2 survivors (2048K)
 Metaspace       used 12319K, committed 12608K, reserved 1114112K
  class space    used 1665K, committed 1792K, reserved 1048576K
}
Event: 4.905 GC heap before
{Heap before GC invocations=4 (full 0):
 garbage-first heap   total 131072K, used 100734K [0x0000000081600000, 0x0000000100000000)
  region size 1024K, 76 young (77824K), 2 survivors (2048K)
 Metaspace       used 12395K, committed 12672K, reserved 1114112K
  class space    used 1679K, committed 1792K, reserved 1048576K
}
Event: 4.906 GC heap after
{Heap after GC invocations=5 (full 0):
 garbage-first heap   total 131072K, used 25473K [0x0000000081600000, 0x0000000100000000)
  region size 1024K, 2 young (2048K), 2 survivors (2048K)
 Metaspace       used 12395K, committed 12672K, reserved 1114112K
  class space    used 1679K, committed 1792K, reserved 1048576K
}
Event: 4.924 GC heap before
{Heap before GC invocations=5 (full 0):
 garbage-first heap   total 131072K, used 101249K [0x0000000081600000, 0x0000000100000000)
  region size 1024K, 76 young (77824K), 2 survivors (2048K)
 Metaspace       used 12621K, committed 12928K, reserved 1114112K
  class space    used 1725K, committed 1856K, reserved 1048576K
}

