# JRE version: OpenJDK Runtime Environment Zulu19.32+15-CA (19.0.2+7) (build 19.0.2+7)
# Java VM: OpenJDK 64-Bit Server VM Zulu19.32+15-CA (19.0.2+7, mixed mode, sharing, tiered, compressed oops, compressed class ptrs, g1 gc, windows-amd64)
GC Precious Log:
 CardTable entry size: 512
 Card Set container configuration: InlinePtr #cards 5 size 8 Array Of Cards #cards 12 size 40 Howl #buckets 4 coarsen threshold 1843 Howl Bitmap #cards 512 size 80 coarsen threshold 460 Card regions per heap region 1 cards per card region 2048
 CPUs: 12 total, 12 available
 Memory: 8099M
 Large Page Support: Disabled
 NUMA Support: Disabled
 Compressed Oops: Enabled (32-bit)
 Heap Region Size: 1M
 Heap Min Capacity: 8M
 Heap Initial Capacity: 128M
 Heap Max Capacity: 2026M
 Pre-touch: Disabled
 Parallel Workers: 10
 Concurrent Workers: 3
 Concurrent Refinement Workers: 10
 Periodic GC: Disabled
Heap:
 garbage-first heap   total 263168K, used 24552K [0x0000000081600000, 0x0000000100000000)
  region size 1024K, 4 young (4096K), 4 survivors (4096K)
 Metaspace       used 14739K, committed 15040K, reserved 1114112K
  class space    used 1931K, committed 2112K, reserved 1048576K
GC Heap History (20 events):
Event: 4.088 GC heap after
{Heap after GC invocations=2 (full 0):
 garbage-first heap   total 131072K, used 19811K [0x0000000081600000, 0x0000000100000000)
  region size 1024K, 5 young (5120K), 5 survivors (5120K)
 Metaspace       used 14153K, committed 14400K, reserved 1114112K
  class space    used 1908K, committed 1984K, reserved 1048576K
}
Event: 4.976 GC heap before
{Heap before GC invocations=2 (full 0):
 garbage-first heap   total 131072K, used 91491K [0x0000000081600000, 0x0000000100000000)
  region size 1024K, 76 young (77824K), 5 survivors (5120K)
 Metaspace       used 14596K, committed 14912K, reserved 1114112K
  class space    used 1931K, committed 2112K, reserved 1048576K
}
Event: 4.982 GC heap after
{Heap after GC invocations=3 (full 0):
 garbage-first heap   total 131072K, used 22263K [0x0000000081600000, 0x0000000100000000)
  region size 1024K, 8 young (8192K), 8 survivors (8192K)
 Metaspace       used 14596K, committed 14912K, reserved 1114112K
  class space    used 1931K, committed 2112K, reserved 1048576K
}
Event: 5.000 GC heap before
{Heap before GC invocations=3 (full 0):
 garbage-first heap   total 131072K, used 92919K [0x0000000081600000, 0x0000000100000000)
  region size 1024K, 76 young (77824K), 8 survivors (8192K)
 Metaspace       used 14609K, committed 14912K, reserved 1114112K
  class space    used 1931K, committed 2112K, reserved 1048576K
}
Event: 5.005 GC heap after
{Heap after GC invocations=4 (full 0):
 garbage-first heap   total 131072K, used 24032K [0x0000000081600000, 0x0000000100000000)
  region size 1024K, 4 young (4096K), 4 survivors (4096K)
 Metaspace       used 14609K, committed 14912K, reserved 1114112K
  class space    used 1931K, committed 2112K, reserved 1048576K
}
Event: 5.024 GC heap before
{Heap before GC invocations=4 (full 0):
 garbage-first heap   total 131072K, used 97760K [0x0000000081600000, 0x0000000100000000)
  region size 1024K, 76 young (77824K), 4 survivors (4096K)
 Metaspace       used 14628K, committed 14912K, reserved 1114112K
  class space    used 1931K, committed 2112K, reserved 1048576K
}
Event: 5.027 GC heap after
{Heap after GC invocations=5 (full 0):
 garbage-first heap   total 131072K, used 23236K [0x0000000081600000, 0x0000000100000000)
  region size 1024K, 3 young (3072K), 3 survivors (3072K)
 Metaspace       used 14628K, committed 14912K, reserved 1114112K
  class space    used 1931K, committed 2112K, reserved 1048576K
}
Event: 5.046 GC heap before
{Heap before GC invocations=5 (full 0):
 garbage-first heap   total 131072K, used 97988K [0x0000000081600000, 0x0000000100000000)
  region size 1024K, 76 young (77824K), 3 survivors (3072K)
 Metaspace       used 14647K, committed 14976K, reserved 1114112K
  class space    used 1931K, committed 2112K, reserved 1048576K
}
Event: 5.048 GC heap after
{Heap after GC invocations=6 (full 0):
 garbage-first heap   total 131072K, used 23537K [0x0000000081600000, 0x0000000100000000)
  region size 1024K, 3 young (3072K), 3 survivors (3072K)
 Metaspace       used 14647K, committed 14976K, reserved 1114112K
  class space    used 1931K, committed 2112K, reserved 1048576K
}
Event: 5.067 GC heap before
{Heap before GC invocations=6 (full 0):
 garbage-first heap   total 131072K, used 98289K [0x0000000081600000, 0x0000000100000000)
  region size 1024K, 76 young (77824K), 3 survivors (3072K)
 Metaspace       used 14674K, committed 14976K, reserved 1114112K
  class space    used 1931K, committed 2112K, reserved 1048576K
}
Event: 5.069 GC heap after
{Heap after GC invocations=7 (full 0):
 garbage-first heap   total 131072K, used 23939K [0x0000000081600000, 0x0000000100000000)
  region size 1024K, 4 young (4096K), 4 survivors (4096K)
 Metaspace       used 14674K, committed 14976K, reserved 1114112K
  class space    used 1931K, committed 2112K, reserved 1048576K
}
Event: 5.086 GC heap before
{Heap before GC invocations=7 (full 0):
 garbage-first heap   total 131072K, used 97667K [0x0000000081600000, 0x0000000100000000)
  region size 1024K, 76 young (77824K), 4 survivors (4096K)
 Metaspace       used 14696K, committed 14976K, reserved 1114112K
  class space    used 1931K, committed 2112K, reserved 1048576K
}
Event: 5.089 GC heap after
{Heap after GC invocations=8 (full 0):
 garbage-first heap   total 263168K, used 24582K [0x0000000081600000, 0x0000000100000000)
  region size 1024K, 4 young (4096K), 4 survivors (4096K)
 Metaspace       used 14696K, committed 14976K, reserved 1114112K
  class space    used 1931K, committed 2112K, reserved 1048576K
}
Event: 5.153 GC heap before
{Heap before GC invocations=8 (full 0):
 garbage-first heap   total 263168K, used 178182K [0x0000000081600000, 0x0000000100000000)
  region size 1024K, 154 young (157696K), 4 survivors (4096K)
 Metaspace       used 14725K, committed 15040K, reserved 1114112K
  class space    used 1931K, committed 2112K, reserved 1048576K
}
Event: 5.155 GC heap after
{Heap after GC invocations=9 (full 0):
 garbage-first heap   total 263168K, used 24616K [0x0000000081600000, 0x0000000100000000)
  region size 1024K, 4 young (4096K), 4 survivors (4096K)
 Metaspace       used 14725K, committed 15040K, reserved 1114112K
  class space    used 1931K, committed 2112K, reserved 1048576K
}
Event: 5.204 GC heap before
{Heap before GC invocations=9 (full 0):
 garbage-first heap   total 263168K, used 178216K [0x0000000081600000, 0x0000000100000000)
  region size 1024K, 154 young (157696K), 4 survivors (4096K)
 Metaspace       used 14735K, committed 15040K, reserved 1114112K
  class space    used 1931K, committed 2112K, reserved 1048576K
}
Event: 5.208 GC heap after
{Heap after GC invocations=10 (full 0):
 garbage-first heap   total 263168K, used 24291K [0x0000000081600000, 0x0000000100000000)
  region size 1024K, 4 young (4096K), 4 survivors (4096K)
 Metaspace       used 14735K, committed 15040K, reserved 1114112K
  class space    used 1931K, committed 2112K, reserved 1048576K
}
Event: 5.247 GC heap before
{Heap before GC invocations=10 (full 0):
 garbage-first heap   total 263168K, used 177891K [0x0000000081600000, 0x0000000100000000)
  region size 1024K, 154 young (157696K), 4 survivors (4096K)
 Metaspace       used 14735K, committed 15040K, reserved 1114112K
  class space    used 1931K, committed 2112K, reserved 1048576K
}
Event: 5.249 GC heap after
{Heap after GC invocations=11 (full 0):
 garbage-first heap   total 263168K, used 24510K [0x0000000081600000, 0x0000000100000000)
  region size 1024K, 4 young (4096K), 4 survivors (4096K)
 Metaspace       used 14735K, committed 15040K, reserved 1114112K
  class space    used 1931K, committed 2112K, reserved 1048576K
}
Event: 5.288 GC heap before
{Heap before GC invocations=11 (full 0):
 garbage-first heap   total 263168K, used 177086K [0x0000000081600000, 0x0000000100000000)
  region size 1024K, 154 young (157696K), 4 survivors (4096K)
 Metaspace       used 14739K, committed 15040K, reserved 1114112K
  class space    used 1931K, committed 2112K, reserved 1048576K
}

