# JRE version: OpenJDK Runtime Environment Zulu19.32+15-CA (19.0.2+7) (build 19.0.2+7)
# Java VM: OpenJDK 64-Bit Server VM Zulu19.32+15-CA (19.0.2+7, mixed mode, sharing, tiered, compressed oops, compressed class ptrs, g1 gc, windows-amd64)
GC Precious Log:
 CardTable entry size: 512
 Card Set container configuration: InlinePtr #cards 5 size 8 Array Of Cards #cards 12 size 40 Howl #buckets 4 coarsen threshold 1843 Howl Bitmap #cards 512 size 80 coarsen threshold 460 Card regions per heap region 1 cards per card region 2048
 CPUs: 12 total, 12 available
 Memory: 8099M
 Large Page Support: Disabled
 NUMA Support: Disabled
 Compressed Oops: Enabled (32-bit)
 Heap Region Size: 1M
 Heap Min Capacity: 8M
 Heap Initial Capacity: 8M
 Heap Max Capacity: 2026M
 Pre-touch: Disabled
 Parallel Workers: 10
 Concurrent Workers: 3
 Concurrent Refinement Workers: 10
 Periodic GC: Disabled
Heap:
 garbage-first heap   total 8192K, used 2775K [0x0000000081600000, 0x0000000100000000)
  region size 1024K, 1 young (1024K), 1 survivors (1024K)
 Metaspace       used 7919K, committed 8000K, reserved 1114112K
  class space    used 865K, committed 896K, reserved 1048576K
GC Heap History (8 events):
Event: 0.230 GC heap before
{Heap before GC invocations=0 (full 0):
 garbage-first heap   total 8192K, used 3072K [0x0000000081600000, 0x0000000100000000)
  region size 1024K, 3 young (3072K), 0 survivors (0K)
 Metaspace       used 2401K, committed 2624K, reserved 1114112K
  class space    used 258K, committed 384K, reserved 1048576K
}
Event: 0.234 GC heap after
{Heap after GC invocations=1 (full 0):
 garbage-first heap   total 8192K, used 1144K [0x0000000081600000, 0x0000000100000000)
  region size 1024K, 1 young (1024K), 1 survivors (1024K)
 Metaspace       used 2401K, committed 2624K, reserved 1114112K
  class space    used 258K, committed 384K, reserved 1048576K
}
Event: 0.305 GC heap before
{Heap before GC invocations=1 (full 0):
 garbage-first heap   total 8192K, used 2168K [0x0000000081600000, 0x0000000100000000)
  region size 1024K, 2 young (2048K), 1 survivors (1024K)
 Metaspace       used 4196K, committed 4416K, reserved 1114112K
  class space    used 508K, committed 640K, reserved 1048576K
}
Event: 0.308 GC heap after
{Heap after GC invocations=2 (full 0):
 garbage-first heap   total 8192K, used 1796K [0x0000000081600000, 0x0000000100000000)
  region size 1024K, 1 young (1024K), 1 survivors (1024K)
 Metaspace       used 4196K, committed 4416K, reserved 1114112K
  class space    used 508K, committed 640K, reserved 1048576K
}
Event: 0.393 GC heap before
{Heap before GC invocations=2 (full 0):
 garbage-first heap   total 8192K, used 2820K [0x0000000081600000, 0x0000000100000000)
  region size 1024K, 2 young (2048K), 1 survivors (1024K)
 Metaspace       used 6216K, committed 6336K, reserved 1114112K
  class space    used 706K, committed 768K, reserved 1048576K
}
Event: 0.395 GC heap after
{Heap after GC invocations=3 (full 0):
 garbage-first heap   total 8192K, used 2221K [0x0000000081600000, 0x0000000100000000)
  region size 1024K, 1 young (1024K), 1 survivors (1024K)
 Metaspace       used 6216K, committed 6336K, reserved 1114112K
  class space    used 706K, committed 768K, reserved 1048576K
}
Event: 0.473 GC heap before
{Heap before GC invocations=3 (full 0):
 garbage-first heap   total 8192K, used 3245K [0x0000000081600000, 0x0000000100000000)
  region size 1024K, 2 young (2048K), 1 survivors (1024K)
 Metaspace       used 7750K, committed 7872K, reserved 1114112K
  class space    used 858K, committed 896K, reserved 1048576K
}
Event: 0.475 GC heap after
{Heap after GC invocations=4 (full 0):
 garbage-first heap   total 8192K, used 2702K [0x0000000081600000, 0x0000000100000000)
  region size 1024K, 1 young (1024K), 1 survivors (1024K)
 Metaspace       used 7750K, committed 7872K, reserved 1114112K
  class space    used 858K, committed 896K, reserved 1048576K
}

