# JRE version: OpenJDK Runtime Environment Zulu19.32+15-CA (19.0.2+7) (build 19.0.2+7)
# Java VM: OpenJDK 64-Bit Server VM Zulu19.32+15-CA (19.0.2+7, mixed mode, sharing, tiered, compressed oops, compressed class ptrs, g1 gc, windows-amd64)
GC Precious Log:
 CardTable entry size: 512
 Card Set container configuration: InlinePtr #cards 5 size 8 Array Of Cards #cards 12 size 40 Howl #buckets 4 coarsen threshold 1843 Howl Bitmap #cards 512 size 80 coarsen threshold 460 Card regions per heap region 1 cards per card region 2048
 CPUs: 12 total, 12 available
 Memory: 8099M
 Large Page Support: Disabled
 NUMA Support: Disabled
 Compressed Oops: Enabled (32-bit)
 Heap Region Size: 1M
 Heap Min Capacity: 8M
 Heap Initial Capacity: 128M
 Heap Max Capacity: 2026M
 Pre-touch: Disabled
 Parallel Workers: 10
 Concurrent Workers: 3
 Concurrent Refinement Workers: 10
 Periodic GC: Disabled
Heap:
 garbage-first heap   total 131072K, used 16260K [0x0000000081600000, 0x0000000100000000)
  region size 1024K, 2 young (2048K), 2 survivors (2048K)
 Metaspace       used 12211K, committed 12416K, reserved 1114112K
  class space    used 1681K, committed 1792K, reserved 1048576K
GC Heap History (11 events):
Event: 3.768 GC heap before
{Heap before GC invocations=0 (full 0):
 garbage-first heap   total 131072K, used 30720K [0x0000000081600000, 0x0000000100000000)
  region size 1024K, 23 young (23552K), 0 survivors (0K)
 Metaspace       used 11658K, committed 11904K, reserved 1114112K
  class space    used 1603K, committed 1728K, reserved 1048576K
}
Event: 3.774 GC heap after
{Heap after GC invocations=1 (full 0):
 garbage-first heap   total 131072K, used 13533K [0x0000000081600000, 0x0000000100000000)
  region size 1024K, 3 young (3072K), 3 survivors (3072K)
 Metaspace       used 11658K, committed 11904K, reserved 1114112K
  class space    used 1603K, committed 1728K, reserved 1048576K
}
Event: 3.783 GC heap before
{Heap before GC invocations=1 (full 0):
 garbage-first heap   total 131072K, used 41181K [0x0000000081600000, 0x0000000100000000)
  region size 1024K, 31 young (31744K), 3 survivors (3072K)
 Metaspace       used 11725K, committed 11968K, reserved 1114112K
  class space    used 1626K, committed 1728K, reserved 1048576K
}
Event: 3.786 GC heap after
{Heap after GC invocations=2 (full 0):
 garbage-first heap   total 131072K, used 14185K [0x0000000081600000, 0x0000000100000000)
  region size 1024K, 1 young (1024K), 1 survivors (1024K)
 Metaspace       used 11725K, committed 11968K, reserved 1114112K
  class space    used 1626K, committed 1728K, reserved 1048576K
}
Event: 3.813 GC heap before
{Heap before GC invocations=2 (full 0):
 garbage-first heap   total 131072K, used 90985K [0x0000000081600000, 0x0000000100000000)
  region size 1024K, 76 young (77824K), 1 survivors (1024K)
 Metaspace       used 11750K, committed 11968K, reserved 1114112K
  class space    used 1626K, committed 1728K, reserved 1048576K
}
Event: 3.814 GC heap after
{Heap after GC invocations=3 (full 0):
 garbage-first heap   total 131072K, used 15936K [0x0000000081600000, 0x0000000100000000)
  region size 1024K, 2 young (2048K), 2 survivors (2048K)
 Metaspace       used 11750K, committed 11968K, reserved 1114112K
  class space    used 1626K, committed 1728K, reserved 1048576K
}
Event: 3.835 GC heap before
{Heap before GC invocations=3 (full 0):
 garbage-first heap   total 131072K, used 91712K [0x0000000081600000, 0x0000000100000000)
  region size 1024K, 76 young (77824K), 2 survivors (2048K)
 Metaspace       used 11927K, committed 12160K, reserved 1114112K
  class space    used 1645K, committed 1728K, reserved 1048576K
}
Event: 3.836 GC heap after
{Heap after GC invocations=4 (full 0):
 garbage-first heap   total 131072K, used 15700K [0x0000000081600000, 0x0000000100000000)
  region size 1024K, 2 young (2048K), 2 survivors (2048K)
 Metaspace       used 11927K, committed 12160K, reserved 1114112K
  class space    used 1645K, committed 1728K, reserved 1048576K
}
Event: 3.853 GC heap before
{Heap before GC invocations=4 (full 0):
 garbage-first heap   total 131072K, used 91476K [0x0000000081600000, 0x0000000100000000)
  region size 1024K, 76 young (77824K), 2 survivors (2048K)
 Metaspace       used 12130K, committed 12352K, reserved 1114112K
  class space    used 1675K, committed 1792K, reserved 1048576K
}
Event: 3.854 GC heap after
{Heap after GC invocations=5 (full 0):
 garbage-first heap   total 131072K, used 15986K [0x0000000081600000, 0x0000000100000000)
  region size 1024K, 2 young (2048K), 2 survivors (2048K)
 Metaspace       used 12130K, committed 12352K, reserved 1114112K
  class space    used 1675K, committed 1792K, reserved 1048576K
}
Event: 3.874 GC heap before
{Heap before GC invocations=5 (full 0):
 garbage-first heap   total 131072K, used 91762K [0x0000000081600000, 0x0000000100000000)
  region size 1024K, 76 young (77824K), 2 survivors (2048K)
 Metaspace       used 12211K, committed 12416K, reserved 1114112K
  class space    used 1681K, committed 1792K, reserved 1048576K
}

