# JRE version: OpenJDK Runtime Environment Zulu19.32+15-CA (19.0.2+7) (build 19.0.2+7)
# Java VM: OpenJDK 64-Bit Server VM Zulu19.32+15-CA (19.0.2+7, mixed mode, sharing, tiered, compressed oops, compressed class ptrs, g1 gc, windows-amd64)
GC Precious Log:
 CardTable entry size: 512
 Card Set container configuration: InlinePtr #cards 5 size 8 Array Of Cards #cards 12 size 40 Howl #buckets 4 coarsen threshold 1843 Howl Bitmap #cards 512 size 80 coarsen threshold 460 Card regions per heap region 1 cards per card region 2048
 CPUs: 12 total, 12 available
 Memory: 8099M
 Large Page Support: Disabled
 NUMA Support: Disabled
 Compressed Oops: Enabled (32-bit)
 Heap Region Size: 1M
 Heap Min Capacity: 8M
 Heap Initial Capacity: 8M
 Heap Max Capacity: 2026M
 Pre-touch: Disabled
 Parallel Workers: 10
 Concurrent Workers: 3
 Concurrent Refinement Workers: 10
 Periodic GC: Disabled
Heap:
 garbage-first heap   total 22528K, used 10307K [0x0000000081600000, 0x0000000100000000)
  region size 1024K, 1 young (1024K), 1 survivors (1024K)
 Metaspace       used 10206K, committed 10368K, reserved 1114112K
  class space    used 1139K, committed 1216K, reserved 1048576K
GC Heap History (20 events):
Event: 0.221 GC heap after
{Heap after GC invocations=3 (full 0):
 garbage-first heap   total 8192K, used 2139K [0x0000000081600000, 0x0000000100000000)
  region size 1024K, 1 young (1024K), 1 survivors (1024K)
 Metaspace       used 6210K, committed 6336K, reserved 1114112K
  class space    used 707K, committed 768K, reserved 1048576K
}
Event: 0.274 GC heap before
{Heap before GC invocations=3 (full 0):
 garbage-first heap   total 8192K, used 3163K [0x0000000081600000, 0x0000000100000000)
  region size 1024K, 2 young (2048K), 1 survivors (1024K)
 Metaspace       used 7781K, committed 7936K, reserved 1114112K
  class space    used 867K, committed 960K, reserved 1048576K
}
Event: 0.275 GC heap after
{Heap after GC invocations=4 (full 0):
 garbage-first heap   total 8192K, used 2478K [0x0000000081600000, 0x0000000100000000)
  region size 1024K, 1 young (1024K), 1 survivors (1024K)
 Metaspace       used 7781K, committed 7936K, reserved 1114112K
  class space    used 867K, committed 960K, reserved 1048576K
}
Event: 0.297 GC heap before
{Heap before GC invocations=4 (full 0):
 garbage-first heap   total 8192K, used 3502K [0x0000000081600000, 0x0000000100000000)
  region size 1024K, 2 young (2048K), 1 survivors (1024K)
 Metaspace       used 8062K, committed 8256K, reserved 1114112K
  class space    used 898K, committed 1024K, reserved 1048576K
}
Event: 0.298 GC heap after
{Heap after GC invocations=5 (full 0):
 garbage-first heap   total 11264K, used 2808K [0x0000000081600000, 0x0000000100000000)
  region size 1024K, 1 young (1024K), 1 survivors (1024K)
 Metaspace       used 8062K, committed 8256K, reserved 1114112K
  class space    used 898K, committed 1024K, reserved 1048576K
}
Event: 0.336 GC heap before
{Heap before GC invocations=5 (full 0):
 garbage-first heap   total 11264K, used 4856K [0x0000000081600000, 0x0000000100000000)
  region size 1024K, 3 young (3072K), 1 survivors (1024K)
 Metaspace       used 8610K, committed 8768K, reserved 1114112K
  class space    used 967K, committed 1024K, reserved 1048576K
}
Event: 0.339 GC heap after
{Heap after GC invocations=6 (full 0):
 garbage-first heap   total 11264K, used 3810K [0x0000000081600000, 0x0000000100000000)
  region size 1024K, 1 young (1024K), 1 survivors (1024K)
 Metaspace       used 8610K, committed 8768K, reserved 1114112K
  class space    used 967K, committed 1024K, reserved 1048576K
}
Event: 0.364 GC heap before
{Heap before GC invocations=6 (full 0):
 garbage-first heap   total 11264K, used 5858K [0x0000000081600000, 0x0000000100000000)
  region size 1024K, 3 young (3072K), 1 survivors (1024K)
 Metaspace       used 8811K, committed 8960K, reserved 1114112K
  class space    used 990K, committed 1024K, reserved 1048576K
}
Event: 0.366 GC heap after
{Heap after GC invocations=7 (full 0):
 garbage-first heap   total 11264K, used 4282K [0x0000000081600000, 0x0000000100000000)
  region size 1024K, 1 young (1024K), 1 survivors (1024K)
 Metaspace       used 8811K, committed 8960K, reserved 1114112K
  class space    used 990K, committed 1024K, reserved 1048576K
}
Event: 0.370 GC heap before
{Heap before GC invocations=7 (full 0):
 garbage-first heap   total 11264K, used 5306K [0x0000000081600000, 0x0000000100000000)
  region size 1024K, 2 young (2048K), 1 survivors (1024K)
 Metaspace       used 8825K, committed 8960K, reserved 1114112K
  class space    used 990K, committed 1024K, reserved 1048576K
}
Event: 0.371 GC heap after
{Heap after GC invocations=8 (full 0):
 garbage-first heap   total 11264K, used 4286K [0x0000000081600000, 0x0000000100000000)
  region size 1024K, 1 young (1024K), 1 survivors (1024K)
 Metaspace       used 8825K, committed 8960K, reserved 1114112K
  class space    used 990K, committed 1024K, reserved 1048576K
}
Event: 0.384 GC heap before
{Heap before GC invocations=8 (full 0):
 garbage-first heap   total 11264K, used 5310K [0x0000000081600000, 0x0000000100000000)
  region size 1024K, 2 young (2048K), 1 survivors (1024K)
 Metaspace       used 8907K, committed 9088K, reserved 1114112K
  class space    used 998K, committed 1088K, reserved 1048576K
}
Event: 0.385 GC heap after
{Heap after GC invocations=9 (full 0):
 garbage-first heap   total 22528K, used 4423K [0x0000000081600000, 0x0000000100000000)
  region size 1024K, 1 young (1024K), 1 survivors (1024K)
 Metaspace       used 8907K, committed 9088K, reserved 1114112K
  class space    used 998K, committed 1088K, reserved 1048576K
}
Event: 0.417 GC heap before
{Heap before GC invocations=9 (full 0):
 garbage-first heap   total 22528K, used 12615K [0x0000000081600000, 0x0000000100000000)
  region size 1024K, 9 young (9216K), 1 survivors (1024K)
 Metaspace       used 9048K, committed 9216K, reserved 1114112K
  class space    used 1012K, committed 1088K, reserved 1048576K
}
Event: 0.420 GC heap after
{Heap after GC invocations=10 (full 0):
 garbage-first heap   total 22528K, used 5506K [0x0000000081600000, 0x0000000100000000)
  region size 1024K, 2 young (2048K), 2 survivors (2048K)
 Metaspace       used 9048K, committed 9216K, reserved 1114112K
  class space    used 1012K, committed 1088K, reserved 1048576K
}
Event: 0.463 GC heap before
{Heap before GC invocations=10 (full 0):
 garbage-first heap   total 22528K, used 11650K [0x0000000081600000, 0x0000000100000000)
  region size 1024K, 9 young (9216K), 2 survivors (2048K)
 Metaspace       used 9218K, committed 9408K, reserved 1114112K
  class space    used 1029K, committed 1088K, reserved 1048576K
}
Event: 0.466 GC heap after
{Heap after GC invocations=11 (full 0):
 garbage-first heap   total 22528K, used 7560K [0x0000000081600000, 0x0000000100000000)
  region size 1024K, 2 young (2048K), 2 survivors (2048K)
 Metaspace       used 9218K, committed 9408K, reserved 1114112K
  class space    used 1029K, committed 1088K, reserved 1048576K
}
Event: 0.491 GC heap before
{Heap before GC invocations=11 (full 0):
 garbage-first heap   total 22528K, used 13704K [0x0000000081600000, 0x0000000100000000)
  region size 1024K, 8 young (8192K), 2 survivors (2048K)
 Metaspace       used 9529K, committed 9664K, reserved 1114112K
  class space    used 1068K, committed 1152K, reserved 1048576K
}
Event: 0.494 GC heap after
{Heap after GC invocations=12 (full 0):
 garbage-first heap   total 22528K, used 8341K [0x0000000081600000, 0x0000000100000000)
  region size 1024K, 1 young (1024K), 1 survivors (1024K)
 Metaspace       used 9529K, committed 9664K, reserved 1114112K
  class space    used 1068K, committed 1152K, reserved 1048576K
}
Event: 0.578 GC heap before
{Heap before GC invocations=12 (full 0):
 garbage-first heap   total 22528K, used 15509K [0x0000000081600000, 0x0000000100000000)
  region size 1024K, 7 young (7168K), 1 survivors (1024K)
 Metaspace       used 10206K, committed 10368K, reserved 1114112K
  class space    used 1139K, committed 1216K, reserved 1048576K
}

