# JRE version: OpenJDK Runtime Environment Zulu19.32+15-CA (19.0.2+7) (build 19.0.2+7)
# Java VM: OpenJDK 64-Bit Server VM Zulu19.32+15-CA (19.0.2+7, mixed mode, sharing, tiered, compressed oops, compressed class ptrs, g1 gc, windows-amd64)
GC Precious Log:
 CardTable entry size: 512
 Card Set container configuration: InlinePtr #cards 5 size 8 Array Of Cards #cards 12 size 40 Howl #buckets 4 coarsen threshold 1843 Howl Bitmap #cards 512 size 80 coarsen threshold 460 Card regions per heap region 1 cards per card region 2048
 CPUs: 12 total, 12 available
 Memory: 8099M
 Large Page Support: Disabled
 NUMA Support: Disabled
 Compressed Oops: Enabled (32-bit)
 Heap Region Size: 1M
 Heap Min Capacity: 8M
 Heap Initial Capacity: 8M
 Heap Max Capacity: 2026M
 Pre-touch: Disabled
 Parallel Workers: 10
 Concurrent Workers: 3
 Concurrent Refinement Workers: 10
 Periodic GC: Disabled
Heap:
 garbage-first heap   total 16384K, used 8388K [0x0000000081600000, 0x0000000100000000)
  region size 1024K, 5 young (5120K), 1 survivors (1024K)
 Metaspace       used 9153K, committed 9344K, reserved 1114112K
  class space    used 1009K, committed 1088K, reserved 1048576K
GC Heap History (20 events):
Event: 0.378 GC heap before
{Heap before GC invocations=1 (full 0):
 garbage-first heap   total 8192K, used 2216K [0x0000000081600000, 0x0000000100000000)
  region size 1024K, 2 young (2048K), 1 survivors (1024K)
 Metaspace       used 4205K, committed 4416K, reserved 1114112K
  class space    used 507K, committed 576K, reserved 1048576K
}
Event: 0.382 GC heap after
{Heap after GC invocations=2 (full 0):
 garbage-first heap   total 8192K, used 1840K [0x0000000081600000, 0x0000000100000000)
  region size 1024K, 1 young (1024K), 1 survivors (1024K)
 Metaspace       used 4205K, committed 4416K, reserved 1114112K
  class space    used 507K, committed 576K, reserved 1048576K
}
Event: 0.474 GC heap before
{Heap before GC invocations=2 (full 0):
 garbage-first heap   total 8192K, used 2864K [0x0000000081600000, 0x0000000100000000)
  region size 1024K, 2 young (2048K), 1 survivors (1024K)
 Metaspace       used 6224K, committed 6400K, reserved 1114112K
  class space    used 707K, committed 768K, reserved 1048576K
}
Event: 0.476 GC heap after
{Heap after GC invocations=3 (full 0):
 garbage-first heap   total 8192K, used 2198K [0x0000000081600000, 0x0000000100000000)
  region size 1024K, 1 young (1024K), 1 survivors (1024K)
 Metaspace       used 6224K, committed 6400K, reserved 1114112K
  class space    used 707K, committed 768K, reserved 1048576K
}
Event: 0.586 GC heap before
{Heap before GC invocations=3 (full 0):
 garbage-first heap   total 8192K, used 3222K [0x0000000081600000, 0x0000000100000000)
  region size 1024K, 2 young (2048K), 1 survivors (1024K)
 Metaspace       used 7722K, committed 7872K, reserved 1114112K
  class space    used 860K, committed 960K, reserved 1048576K
}
Event: 0.591 GC heap after
{Heap after GC invocations=4 (full 0):
 garbage-first heap   total 8192K, used 2554K [0x0000000081600000, 0x0000000100000000)
  region size 1024K, 1 young (1024K), 1 survivors (1024K)
 Metaspace       used 7722K, committed 7872K, reserved 1114112K
  class space    used 860K, committed 960K, reserved 1048576K
}
Event: 0.632 GC heap before
{Heap before GC invocations=4 (full 0):
 garbage-first heap   total 8192K, used 3578K [0x0000000081600000, 0x0000000100000000)
  region size 1024K, 2 young (2048K), 1 survivors (1024K)
 Metaspace       used 7903K, committed 8064K, reserved 1114112K
  class space    used 865K, committed 960K, reserved 1048576K
}
Event: 0.635 GC heap after
{Heap after GC invocations=5 (full 0):
 garbage-first heap   total 10240K, used 2922K [0x0000000081600000, 0x0000000100000000)
  region size 1024K, 1 young (1024K), 1 survivors (1024K)
 Metaspace       used 7903K, committed 8064K, reserved 1114112K
  class space    used 865K, committed 960K, reserved 1048576K
}
Event: 0.720 GC heap before
{Heap before GC invocations=5 (full 0):
 garbage-first heap   total 10240K, used 4970K [0x0000000081600000, 0x0000000100000000)
  region size 1024K, 3 young (3072K), 1 survivors (1024K)
 Metaspace       used 8133K, committed 8320K, reserved 1114112K
  class space    used 882K, committed 1024K, reserved 1048576K
}
Event: 0.723 GC heap after
{Heap after GC invocations=6 (full 0):
 garbage-first heap   total 10240K, used 3352K [0x0000000081600000, 0x0000000100000000)
  region size 1024K, 1 young (1024K), 1 survivors (1024K)
 Metaspace       used 8133K, committed 8320K, reserved 1114112K
  class space    used 882K, committed 1024K, reserved 1048576K
}
Event: 0.848 GC heap before
{Heap before GC invocations=6 (full 0):
 garbage-first heap   total 10240K, used 5400K [0x0000000081600000, 0x0000000100000000)
  region size 1024K, 3 young (3072K), 1 survivors (1024K)
 Metaspace       used 8718K, committed 8896K, reserved 1114112K
  class space    used 955K, committed 1024K, reserved 1048576K
}
Event: 0.852 GC heap after
{Heap after GC invocations=7 (full 0):
 garbage-first heap   total 10240K, used 4200K [0x0000000081600000, 0x0000000100000000)
  region size 1024K, 1 young (1024K), 1 survivors (1024K)
 Metaspace       used 8718K, committed 8896K, reserved 1114112K
  class space    used 955K, committed 1024K, reserved 1048576K
}
Event: 0.908 GC heap before
{Heap before GC invocations=7 (full 0):
 garbage-first heap   total 10240K, used 5224K [0x0000000081600000, 0x0000000100000000)
  region size 1024K, 2 young (2048K), 1 survivors (1024K)
 Metaspace       used 8967K, committed 9152K, reserved 1114112K
  class space    used 993K, committed 1088K, reserved 1048576K
}
Event: 0.912 GC heap after
{Heap after GC invocations=8 (full 0):
 garbage-first heap   total 10240K, used 4679K [0x0000000081600000, 0x0000000100000000)
  region size 1024K, 1 young (1024K), 1 survivors (1024K)
 Metaspace       used 8967K, committed 9152K, reserved 1114112K
  class space    used 993K, committed 1088K, reserved 1048576K
}
Event: 0.927 GC heap before
{Heap before GC invocations=8 (full 0):
 garbage-first heap   total 10240K, used 5703K [0x0000000081600000, 0x0000000100000000)
  region size 1024K, 2 young (2048K), 1 survivors (1024K)
 Metaspace       used 8991K, committed 9152K, reserved 1114112K
  class space    used 993K, committed 1088K, reserved 1048576K
}
Event: 0.930 GC heap after
{Heap after GC invocations=9 (full 0):
 garbage-first heap   total 16384K, used 4831K [0x0000000081600000, 0x0000000100000000)
  region size 1024K, 1 young (1024K), 1 survivors (1024K)
 Metaspace       used 8991K, committed 9152K, reserved 1114112K
  class space    used 993K, committed 1088K, reserved 1048576K
}
Event: 0.987 GC heap before
{Heap before GC invocations=10 (full 0):
 garbage-first heap   total 16384K, used 8927K [0x0000000081600000, 0x0000000100000000)
  region size 1024K, 5 young (5120K), 1 survivors (1024K)
 Metaspace       used 9085K, committed 9280K, reserved 1114112K
  class space    used 999K, committed 1088K, reserved 1048576K
}
Event: 0.990 GC heap after
{Heap after GC invocations=11 (full 0):
 garbage-first heap   total 16384K, used 5313K [0x0000000081600000, 0x0000000100000000)
  region size 1024K, 1 young (1024K), 1 survivors (1024K)
 Metaspace       used 9085K, committed 9280K, reserved 1114112K
  class space    used 999K, committed 1088K, reserved 1048576K
}
Event: 0.992 GC heap before
{Heap before GC invocations=11 (full 0):
 garbage-first heap   total 16384K, used 6337K [0x0000000081600000, 0x0000000100000000)
  region size 1024K, 2 young (2048K), 1 survivors (1024K)
 Metaspace       used 9086K, committed 9280K, reserved 1114112K
  class space    used 999K, committed 1088K, reserved 1048576K
}
Event: 0.997 GC heap after
{Heap after GC invocations=12 (full 0):
 garbage-first heap   total 16384K, used 5316K [0x0000000081600000, 0x0000000100000000)
  region size 1024K, 1 young (1024K), 1 survivors (1024K)
 Metaspace       used 9086K, committed 9280K, reserved 1114112K
  class space    used 999K, committed 1088K, reserved 1048576K
}

