# JRE version: OpenJDK Runtime Environment Zulu19.32+15-CA (19.0.2+7) (build 19.0.2+7)
# Java VM: OpenJDK 64-Bit Server VM Zulu19.32+15-CA (19.0.2+7, mixed mode, sharing, tiered, compressed oops, compressed class ptrs, g1 gc, windows-amd64)
GC Precious Log:
 CardTable entry size: 512
 Card Set container configuration: InlinePtr #cards 5 size 8 Array Of Cards #cards 12 size 40 Howl #buckets 4 coarsen threshold 1843 Howl Bitmap #cards 512 size 80 coarsen threshold 460 Card regions per heap region 1 cards per card region 2048
 CPUs: 12 total, 12 available
 Memory: 8099M
 Large Page Support: Disabled
 NUMA Support: Disabled
 Compressed Oops: Enabled (32-bit)
 Heap Region Size: 1M
 Heap Min Capacity: 8M
 Heap Initial Capacity: 128M
 Heap Max Capacity: 2026M
 Pre-touch: Disabled
 Parallel Workers: 10
 Concurrent Workers: 3
 Concurrent Refinement Workers: 10
 Periodic GC: Disabled
Heap:
 garbage-first heap   total 256000K, used 18958K [0x0000000081600000, 0x0000000100000000)
  region size 1024K, 4 young (4096K), 4 survivors (4096K)
 Metaspace       used 12251K, committed 12544K, reserved 1114112K
  class space    used 1747K, committed 1856K, reserved 1048576K
GC Heap History (19 events):
Event: 1.226 GC heap before
{Heap before GC invocations=0 (full 0):
 garbage-first heap   total 131072K, used 30720K [0x0000000081600000, 0x0000000100000000)
  region size 1024K, 23 young (23552K), 0 survivors (0K)
 Metaspace       used 10419K, committed 10688K, reserved 1114112K
  class space    used 1537K, committed 1664K, reserved 1048576K
}
Event: 1.230 GC heap after
{Heap after GC invocations=1 (full 0):
 garbage-first heap   total 131072K, used 12186K [0x0000000081600000, 0x0000000100000000)
  region size 1024K, 3 young (3072K), 3 survivors (3072K)
 Metaspace       used 10419K, committed 10688K, reserved 1114112K
  class space    used 1537K, committed 1664K, reserved 1048576K
}
Event: 1.240 GC heap before
{Heap before GC invocations=1 (full 0):
 garbage-first heap   total 131072K, used 42906K [0x0000000081600000, 0x0000000100000000)
  region size 1024K, 34 young (34816K), 3 survivors (3072K)
 Metaspace       used 10436K, committed 10688K, reserved 1114112K
  class space    used 1540K, committed 1664K, reserved 1048576K
}
Event: 1.243 GC heap after
{Heap after GC invocations=2 (full 0):
 garbage-first heap   total 131072K, used 13375K [0x0000000081600000, 0x0000000100000000)
  region size 1024K, 1 young (1024K), 1 survivors (1024K)
 Metaspace       used 10436K, committed 10688K, reserved 1114112K
  class space    used 1540K, committed 1664K, reserved 1048576K
}
Event: 1.277 GC heap before
{Heap before GC invocations=2 (full 0):
 garbage-first heap   total 131072K, used 91199K [0x0000000081600000, 0x0000000100000000)
  region size 1024K, 76 young (77824K), 1 survivors (1024K)
 Metaspace       used 10512K, committed 10752K, reserved 1114112K
  class space    used 1547K, committed 1664K, reserved 1048576K
}
Event: 1.278 GC heap after
{Heap after GC invocations=3 (full 0):
 garbage-first heap   total 131072K, used 15318K [0x0000000081600000, 0x0000000100000000)
  region size 1024K, 2 young (2048K), 2 survivors (2048K)
 Metaspace       used 10512K, committed 10752K, reserved 1114112K
  class space    used 1547K, committed 1664K, reserved 1048576K
}
Event: 1.298 GC heap before
{Heap before GC invocations=3 (full 0):
 garbage-first heap   total 131072K, used 91094K [0x0000000081600000, 0x0000000100000000)
  region size 1024K, 76 young (77824K), 2 survivors (2048K)
 Metaspace       used 10823K, committed 11136K, reserved 1114112K
  class space    used 1593K, committed 1728K, reserved 1048576K
}
Event: 1.299 GC heap after
{Heap after GC invocations=4 (full 0):
 garbage-first heap   total 131072K, used 14908K [0x0000000081600000, 0x0000000100000000)
  region size 1024K, 2 young (2048K), 2 survivors (2048K)
 Metaspace       used 10823K, committed 11136K, reserved 1114112K
  class space    used 1593K, committed 1728K, reserved 1048576K
}
Event: 1.320 GC heap before
{Heap before GC invocations=4 (full 0):
 garbage-first heap   total 131072K, used 90684K [0x0000000081600000, 0x0000000100000000)
  region size 1024K, 76 young (77824K), 2 survivors (2048K)
 Metaspace       used 10893K, committed 11200K, reserved 1114112K
  class space    used 1598K, committed 1728K, reserved 1048576K
}
Event: 1.321 GC heap after
{Heap after GC invocations=5 (full 0):
 garbage-first heap   total 131072K, used 15433K [0x0000000081600000, 0x0000000100000000)
  region size 1024K, 2 young (2048K), 2 survivors (2048K)
 Metaspace       used 10893K, committed 11200K, reserved 1114112K
  class space    used 1598K, committed 1728K, reserved 1048576K
}
Event: 1.341 GC heap before
{Heap before GC invocations=5 (full 0):
 garbage-first heap   total 131072K, used 91209K [0x0000000081600000, 0x0000000100000000)
  region size 1024K, 76 young (77824K), 2 survivors (2048K)
 Metaspace       used 11175K, committed 11456K, reserved 1114112K
  class space    used 1656K, committed 1792K, reserved 1048576K
}
Event: 1.342 GC heap after
{Heap after GC invocations=6 (full 0):
 garbage-first heap   total 256000K, used 15464K [0x0000000081600000, 0x0000000100000000)
  region size 1024K, 2 young (2048K), 2 survivors (2048K)
 Metaspace       used 11175K, committed 11456K, reserved 1114112K
  class space    used 1656K, committed 1792K, reserved 1048576K
}
Event: 1.404 GC heap before
{Heap before GC invocations=6 (full 0):
 garbage-first heap   total 256000K, used 167016K [0x0000000081600000, 0x0000000100000000)
  region size 1024K, 150 young (153600K), 2 survivors (2048K)
 Metaspace       used 11565K, committed 11840K, reserved 1114112K
  class space    used 1689K, committed 1856K, reserved 1048576K
}
Event: 1.406 GC heap after
{Heap after GC invocations=7 (full 0):
 garbage-first heap   total 256000K, used 16283K [0x0000000081600000, 0x0000000100000000)
  region size 1024K, 3 young (3072K), 3 survivors (3072K)
 Metaspace       used 11565K, committed 11840K, reserved 1114112K
  class space    used 1689K, committed 1856K, reserved 1048576K
}
Event: 1.456 GC heap before
{Heap before GC invocations=7 (full 0):
 garbage-first heap   total 256000K, used 166811K [0x0000000081600000, 0x0000000100000000)
  region size 1024K, 150 young (153600K), 3 survivors (3072K)
 Metaspace       used 11662K, committed 11968K, reserved 1114112K
  class space    used 1694K, committed 1856K, reserved 1048576K
}
Event: 1.457 GC heap after
{Heap after GC invocations=8 (full 0):
 garbage-first heap   total 256000K, used 16517K [0x0000000081600000, 0x0000000100000000)
  region size 1024K, 3 young (3072K), 3 survivors (3072K)
 Metaspace       used 11662K, committed 11968K, reserved 1114112K
  class space    used 1694K, committed 1856K, reserved 1048576K
}
Event: 1.499 GC heap before
{Heap before GC invocations=8 (full 0):
 garbage-first heap   total 256000K, used 169093K [0x0000000081600000, 0x0000000100000000)
  region size 1024K, 150 young (153600K), 3 survivors (3072K)
 Metaspace       used 12200K, committed 12416K, reserved 1114112K
  class space    used 1747K, committed 1856K, reserved 1048576K
}
Event: 1.501 GC heap after
{Heap after GC invocations=9 (full 0):
 garbage-first heap   total 256000K, used 19054K [0x0000000081600000, 0x0000000100000000)
  region size 1024K, 4 young (4096K), 4 survivors (4096K)
 Metaspace       used 12200K, committed 12416K, reserved 1114112K
  class space    used 1747K, committed 1856K, reserved 1048576K
}
Event: 1.543 GC heap before
{Heap before GC invocations=9 (full 0):
 garbage-first heap   total 256000K, used 168558K [0x0000000081600000, 0x0000000100000000)
  region size 1024K, 150 young (153600K), 4 survivors (4096K)
 Metaspace       used 12251K, committed 12544K, reserved 1114112K
  class space    used 1747K, committed 1856K, reserved 1048576K
}

