# JRE version: OpenJDK Runtime Environment Zulu19.32+15-CA (19.0.2+7) (build 19.0.2+7)
# Java VM: OpenJDK 64-Bit Server VM Zulu19.32+15-CA (19.0.2+7, mixed mode, sharing, tiered, compressed oops, compressed class ptrs, g1 gc, windows-amd64)
GC Precious Log:
 CardTable entry size: 512
 Card Set container configuration: InlinePtr #cards 5 size 8 Array Of Cards #cards 12 size 40 Howl #buckets 4 coarsen threshold 1843 Howl Bitmap #cards 512 size 80 coarsen threshold 460 Card regions per heap region 1 cards per card region 2048
 CPUs: 12 total, 12 available
 Memory: 8059M
 Large Page Support: Disabled
 NUMA Support: Disabled
 Compressed Oops: Enabled (32-bit)
 Heap Region Size: 1M
 Heap Min Capacity: 8M
 Heap Initial Capacity: 8M
 Heap Max Capacity: 2016M
 Pre-touch: Disabled
 Parallel Workers: 10
 Concurrent Workers: 3
 Concurrent Refinement Workers: 10
 Periodic GC: Disabled
Heap:
 garbage-first heap   total 10240K, used 4135K [0x0000000082000000, 0x0000000100000000)
  region size 1024K, 1 young (1024K), 1 survivors (1024K)
 Metaspace       used 8422K, committed 8576K, reserved 1114112K
  class space    used 937K, committed 1024K, reserved 1048576K
GC Heap History (17 events):
Event: 0.141 GC heap before
{Heap before GC invocations=0 (full 0):
 garbage-first heap   total 8192K, used 3072K [0x0000000082000000, 0x0000000100000000)
  region size 1024K, 3 young (3072K), 0 survivors (0K)
 Metaspace       used 2596K, committed 2816K, reserved 1114112K
  class space    used 328K, committed 448K, reserved 1048576K
}
Event: 0.144 GC heap after
{Heap after GC invocations=1 (full 0):
 garbage-first heap   total 8192K, used 1144K [0x0000000082000000, 0x0000000100000000)
  region size 1024K, 1 young (1024K), 1 survivors (1024K)
 Metaspace       used 2596K, committed 2816K, reserved 1114112K
  class space    used 328K, committed 448K, reserved 1048576K
}
Event: 0.201 GC heap before
{Heap before GC invocations=1 (full 0):
 garbage-first heap   total 8192K, used 2168K [0x0000000082000000, 0x0000000100000000)
  region size 1024K, 2 young (2048K), 1 survivors (1024K)
 Metaspace       used 4971K, committed 5184K, reserved 1114112K
  class space    used 599K, committed 704K, reserved 1048576K
}
Event: 0.203 GC heap after
{Heap after GC invocations=2 (full 0):
 garbage-first heap   total 8192K, used 1813K [0x0000000082000000, 0x0000000100000000)
  region size 1024K, 1 young (1024K), 1 survivors (1024K)
 Metaspace       used 4971K, committed 5184K, reserved 1114112K
  class space    used 599K, committed 704K, reserved 1048576K
}
Event: 0.248 GC heap before
{Heap before GC invocations=2 (full 0):
 garbage-first heap   total 8192K, used 2837K [0x0000000082000000, 0x0000000100000000)
  region size 1024K, 2 young (2048K), 1 survivors (1024K)
 Metaspace       used 6516K, committed 6656K, reserved 1114112K
  class space    used 753K, committed 832K, reserved 1048576K
}
Event: 0.250 GC heap after
{Heap after GC invocations=3 (full 0):
 garbage-first heap   total 8192K, used 2138K [0x0000000082000000, 0x0000000100000000)
  region size 1024K, 1 young (1024K), 1 survivors (1024K)
 Metaspace       used 6516K, committed 6656K, reserved 1114112K
  class space    used 753K, committed 832K, reserved 1048576K
}
Event: 0.299 GC heap before
{Heap before GC invocations=3 (full 0):
 garbage-first heap   total 8192K, used 3162K [0x0000000082000000, 0x0000000100000000)
  region size 1024K, 2 young (2048K), 1 survivors (1024K)
 Metaspace       used 7837K, committed 8000K, reserved 1114112K
  class space    used 877K, committed 960K, reserved 1048576K
}
Event: 0.300 GC heap after
{Heap after GC invocations=4 (full 0):
 garbage-first heap   total 8192K, used 2392K [0x0000000082000000, 0x0000000100000000)
  region size 1024K, 1 young (1024K), 1 survivors (1024K)
 Metaspace       used 7837K, committed 8000K, reserved 1114112K
  class space    used 877K, committed 960K, reserved 1048576K
}
Event: 0.324 GC heap before
{Heap before GC invocations=4 (full 0):
 garbage-first heap   total 8192K, used 3416K [0x0000000082000000, 0x0000000100000000)
  region size 1024K, 2 young (2048K), 1 survivors (1024K)
 Metaspace       used 8060K, committed 8256K, reserved 1114112K
  class space    used 900K, committed 1024K, reserved 1048576K
}
Event: 0.325 GC heap after
{Heap after GC invocations=5 (full 0):
 garbage-first heap   total 10240K, used 2796K [0x0000000082000000, 0x0000000100000000)
  region size 1024K, 1 young (1024K), 1 survivors (1024K)
 Metaspace       used 8060K, committed 8256K, reserved 1114112K
  class space    used 900K, committed 1024K, reserved 1048576K
}
Event: 0.357 GC heap before
{Heap before GC invocations=5 (full 0):
 garbage-first heap   total 10240K, used 4844K [0x0000000082000000, 0x0000000100000000)
  region size 1024K, 3 young (3072K), 1 survivors (1024K)
 Metaspace       used 8276K, committed 8448K, reserved 1114112K
  class space    used 928K, committed 1024K, reserved 1048576K
}
Event: 0.358 GC heap after
{Heap after GC invocations=6 (full 0):
 garbage-first heap   total 10240K, used 3414K [0x0000000082000000, 0x0000000100000000)
  region size 1024K, 1 young (1024K), 1 survivors (1024K)
 Metaspace       used 8276K, committed 8448K, reserved 1114112K
  class space    used 928K, committed 1024K, reserved 1048576K
}
Event: 0.369 GC heap before
{Heap before GC invocations=6 (full 0):
 garbage-first heap   total 10240K, used 5462K [0x0000000082000000, 0x0000000100000000)
  region size 1024K, 3 young (3072K), 1 survivors (1024K)
 Metaspace       used 8315K, committed 8512K, reserved 1114112K
  class space    used 928K, committed 1024K, reserved 1048576K
}
Event: 0.372 GC heap after
{Heap after GC invocations=7 (full 0):
 garbage-first heap   total 10240K, used 3697K [0x0000000082000000, 0x0000000100000000)
  region size 1024K, 1 young (1024K), 1 survivors (1024K)
 Metaspace       used 8315K, committed 8512K, reserved 1114112K
  class space    used 928K, committed 1024K, reserved 1048576K
}
Event: 0.384 GC heap before
{Heap before GC invocations=7 (full 0):
 garbage-first heap   total 10240K, used 4721K [0x0000000082000000, 0x0000000100000000)
  region size 1024K, 2 young (2048K), 1 survivors (1024K)
 Metaspace       used 8401K, committed 8576K, reserved 1114112K
  class space    used 937K, committed 1024K, reserved 1048576K
}
Event: 0.385 GC heap after
{Heap after GC invocations=8 (full 0):
 garbage-first heap   total 10240K, used 3811K [0x0000000082000000, 0x0000000100000000)
  region size 1024K, 1 young (1024K), 1 survivors (1024K)
 Metaspace       used 8401K, committed 8576K, reserved 1114112K
  class space    used 937K, committed 1024K, reserved 1048576K
}
Event: 0.392 GC heap before
{Heap before GC invocations=8 (full 0):
 garbage-first heap   total 10240K, used 5859K [0x0000000082000000, 0x0000000100000000)
  region size 1024K, 3 young (3072K), 1 survivors (1024K)
 Metaspace       used 8422K, committed 8576K, reserved 1114112K
  class space    used 937K, committed 1024K, reserved 1048576K
}

