# JRE version: OpenJDK Runtime Environment Zulu19.32+15-CA (19.0.2+7) (build 19.0.2+7)
# Java VM: OpenJDK 64-Bit Server VM Zulu19.32+15-CA (19.0.2+7, mixed mode, sharing, tiered, compressed oops, compressed class ptrs, g1 gc, windows-amd64)
GC Precious Log:
 CardTable entry size: 512
 Card Set container configuration: InlinePtr #cards 5 size 8 Array Of Cards #cards 12 size 40 Howl #buckets 4 coarsen threshold 1843 Howl Bitmap #cards 512 size 80 coarsen threshold 460 Card regions per heap region 1 cards per card region 2048
 CPUs: 12 total, 12 available
 Memory: 8099M
 Large Page Support: Disabled
 NUMA Support: Disabled
 Compressed Oops: Enabled (32-bit)
 Heap Region Size: 1M
 Heap Min Capacity: 8M
 Heap Initial Capacity: 128M
 Heap Max Capacity: 2026M
 Pre-touch: Disabled
 Parallel Workers: 10
 Concurrent Workers: 3
 Concurrent Refinement Workers: 10
 Periodic GC: Disabled
Heap:
 garbage-first heap   total 256000K, used 24364K [0x0000000081600000, 0x0000000100000000)
  region size 1024K, 4 young (4096K), 4 survivors (4096K)
 Metaspace       used 15131K, committed 15552K, reserved 1114112K
  class space    used 1974K, committed 2176K, reserved 1048576K
GC Heap History (20 events):
Event: 5.337 GC heap after
{Heap after GC invocations=3 (full 0):
 garbage-first heap   total 131072K, used 21596K [0x0000000081600000, 0x0000000100000000)
  region size 1024K, 7 young (7168K), 7 survivors (7168K)
 Metaspace       used 14892K, committed 15296K, reserved 1114112K
  class space    used 1972K, committed 2176K, reserved 1048576K
}
Event: 5.805 GC heap before
{Heap before GC invocations=3 (full 0):
 garbage-first heap   total 131072K, used 93276K [0x0000000081600000, 0x0000000100000000)
  region size 1024K, 76 young (77824K), 7 survivors (7168K)
 Metaspace       used 14996K, committed 15360K, reserved 1114112K
  class space    used 1973K, committed 2176K, reserved 1048576K
}
Event: 5.809 GC heap after
{Heap after GC invocations=4 (full 0):
 garbage-first heap   total 131072K, used 23771K [0x0000000081600000, 0x0000000100000000)
  region size 1024K, 4 young (4096K), 4 survivors (4096K)
 Metaspace       used 14996K, committed 15360K, reserved 1114112K
  class space    used 1973K, committed 2176K, reserved 1048576K
}
Event: 5.827 GC heap before
{Heap before GC invocations=4 (full 0):
 garbage-first heap   total 131072K, used 97499K [0x0000000081600000, 0x0000000100000000)
  region size 1024K, 76 young (77824K), 4 survivors (4096K)
 Metaspace       used 15001K, committed 15360K, reserved 1114112K
  class space    used 1973K, committed 2176K, reserved 1048576K
}
Event: 5.829 GC heap after
{Heap after GC invocations=5 (full 0):
 garbage-first heap   total 131072K, used 23579K [0x0000000081600000, 0x0000000100000000)
  region size 1024K, 3 young (3072K), 3 survivors (3072K)
 Metaspace       used 15001K, committed 15360K, reserved 1114112K
  class space    used 1973K, committed 2176K, reserved 1048576K
}
Event: 5.848 GC heap before
{Heap before GC invocations=5 (full 0):
 garbage-first heap   total 131072K, used 98331K [0x0000000081600000, 0x0000000100000000)
  region size 1024K, 76 young (77824K), 3 survivors (3072K)
 Metaspace       used 15011K, committed 15360K, reserved 1114112K
  class space    used 1973K, committed 2176K, reserved 1048576K
}
Event: 5.850 GC heap after
{Heap after GC invocations=6 (full 0):
 garbage-first heap   total 131072K, used 23874K [0x0000000081600000, 0x0000000100000000)
  region size 1024K, 4 young (4096K), 4 survivors (4096K)
 Metaspace       used 15011K, committed 15360K, reserved 1114112K
  class space    used 1973K, committed 2176K, reserved 1048576K
}
Event: 5.868 GC heap before
{Heap before GC invocations=6 (full 0):
 garbage-first heap   total 131072K, used 97602K [0x0000000081600000, 0x0000000100000000)
  region size 1024K, 76 young (77824K), 4 survivors (4096K)
 Metaspace       used 15033K, committed 15360K, reserved 1114112K
  class space    used 1973K, committed 2176K, reserved 1048576K
}
Event: 5.870 GC heap after
{Heap after GC invocations=7 (full 0):
 garbage-first heap   total 131072K, used 23703K [0x0000000081600000, 0x0000000100000000)
  region size 1024K, 4 young (4096K), 4 survivors (4096K)
 Metaspace       used 15033K, committed 15360K, reserved 1114112K
  class space    used 1973K, committed 2176K, reserved 1048576K
}
Event: 5.888 GC heap before
{Heap before GC invocations=7 (full 0):
 garbage-first heap   total 131072K, used 96407K [0x0000000081600000, 0x0000000100000000)
  region size 1024K, 76 young (77824K), 4 survivors (4096K)
 Metaspace       used 15049K, committed 15424K, reserved 1114112K
  class space    used 1973K, committed 2176K, reserved 1048576K
}
Event: 5.890 GC heap after
{Heap after GC invocations=8 (full 0):
 garbage-first heap   total 131072K, used 23967K [0x0000000081600000, 0x0000000100000000)
  region size 1024K, 4 young (4096K), 4 survivors (4096K)
 Metaspace       used 15049K, committed 15424K, reserved 1114112K
  class space    used 1973K, committed 2176K, reserved 1048576K
}
Event: 5.909 GC heap before
{Heap before GC invocations=8 (full 0):
 garbage-first heap   total 131072K, used 97695K [0x0000000081600000, 0x0000000100000000)
  region size 1024K, 76 young (77824K), 4 survivors (4096K)
 Metaspace       used 15061K, committed 15424K, reserved 1114112K
  class space    used 1973K, committed 2176K, reserved 1048576K
}
Event: 5.912 GC heap after
{Heap after GC invocations=9 (full 0):
 garbage-first heap   total 256000K, used 24438K [0x0000000081600000, 0x0000000100000000)
  region size 1024K, 4 young (4096K), 4 survivors (4096K)
 Metaspace       used 15061K, committed 15424K, reserved 1114112K
  class space    used 1973K, committed 2176K, reserved 1048576K
}
Event: 5.973 GC heap before
{Heap before GC invocations=9 (full 0):
 garbage-first heap   total 256000K, used 173942K [0x0000000081600000, 0x0000000100000000)
  region size 1024K, 150 young (153600K), 4 survivors (4096K)
 Metaspace       used 15126K, committed 15552K, reserved 1114112K
  class space    used 1974K, committed 2176K, reserved 1048576K
}
Event: 5.977 GC heap after
{Heap after GC invocations=10 (full 0):
 garbage-first heap   total 256000K, used 24778K [0x0000000081600000, 0x0000000100000000)
  region size 1024K, 5 young (5120K), 5 survivors (5120K)
 Metaspace       used 15126K, committed 15552K, reserved 1114112K
  class space    used 1974K, committed 2176K, reserved 1048576K
}
Event: 6.020 GC heap before
{Heap before GC invocations=10 (full 0):
 garbage-first heap   total 256000K, used 172234K [0x0000000081600000, 0x0000000100000000)
  region size 1024K, 150 young (153600K), 5 survivors (5120K)
 Metaspace       used 15126K, committed 15552K, reserved 1114112K
  class space    used 1974K, committed 2176K, reserved 1048576K
}
Event: 6.023 GC heap after
{Heap after GC invocations=11 (full 0):
 garbage-first heap   total 256000K, used 24453K [0x0000000081600000, 0x0000000100000000)
  region size 1024K, 4 young (4096K), 4 survivors (4096K)
 Metaspace       used 15126K, committed 15552K, reserved 1114112K
  class space    used 1974K, committed 2176K, reserved 1048576K
}
Event: 6.061 GC heap before
{Heap before GC invocations=11 (full 0):
 garbage-first heap   total 256000K, used 173957K [0x0000000081600000, 0x0000000100000000)
  region size 1024K, 150 young (153600K), 4 survivors (4096K)
 Metaspace       used 15131K, committed 15552K, reserved 1114112K
  class space    used 1974K, committed 2176K, reserved 1048576K
}
Event: 6.064 GC heap after
{Heap after GC invocations=12 (full 0):
 garbage-first heap   total 256000K, used 24816K [0x0000000081600000, 0x0000000100000000)
  region size 1024K, 5 young (5120K), 5 survivors (5120K)
 Metaspace       used 15131K, committed 15552K, reserved 1114112K
  class space    used 1974K, committed 2176K, reserved 1048576K
}
Event: 6.103 GC heap before
{Heap before GC invocations=12 (full 0):
 garbage-first heap   total 256000K, used 172272K [0x0000000081600000, 0x0000000100000000)
  region size 1024K, 150 young (153600K), 5 survivors (5120K)
 Metaspace       used 15131K, committed 15552K, reserved 1114112K
  class space    used 1974K, committed 2176K, reserved 1048576K
}

